[AOI MATRIX EXPORT] keys=cf_person_business,cf_person_diseases,cf_person_drugs_therapies,cf_person_genomics_3774,cf_person_research_development,cf_person_technology,cf_person_tools_techniques count=7[2025-09-28 21:57:31] Getting options: API URL = https://russellpublishing-live.workbooks.com, API Key = set
[2025-09-28 21:57:31] Initializing WorkbooksApi...
[2025-09-29 09:03:56] Getting options: API URL = https://russellpublishing-live.workbooks.com, API Key = set
[2025-09-29 09:03:56] Initializing WorkbooksApi...
[2025-09-29 12:50:19] Getting options: API URL = https://russellpublishing-live.workbooks.com, API Key = set
[2025-09-29 12:50:19] Initializing WorkbooksApi...
[2025-09-29 12:52:52] Getting options: API URL = https://russellpublishing-live.workbooks.com, API Key = set
[2025-09-29 12:52:52] Initializing WorkbooksApi...
[2025-09-29 14:05:56] Getting options: API URL = https://russellpublishing-live.workbooks.com, API Key = set
[2025-09-29 14:05:56] Initializing WorkbooksApi...
[2025-09-29 16:11:49] Getting options: API URL = https://russellpublishing-live.workbooks.com, API Key = set
[2025-09-29 16:11:49] Initializing WorkbooksApi...
[2025-09-29 16:46:56] Getting options: API URL = https://russellpublishing-live.workbooks.com, API Key = set
[2025-09-29 16:46:56] Initializing WorkbooksApi...
[2025-09-30 08:31:18] Getting options: API URL = https://russellpublishing-live.workbooks.com, API Key = set
[2025-09-30 08:31:18] Initializing WorkbooksApi...
[2025-09-30 08:35:24] Getting options: API URL = https://russellpublishing-live.workbooks.com, API Key = set
[2025-09-30 08:35:24] Initializing WorkbooksApi...
[2025-09-30 08:35:24] Getting options: API URL = https://russellpublishing-live.workbooks.com, API Key = set
[2025-09-30 08:35:24] Initializing WorkbooksApi...
[2025-09-30 08:37:11] Getting options: API URL = https://russellpublishing-live.workbooks.com, API Key = set
[2025-09-30 08:37:11] Initializing WorkbooksApi...
[2025-09-30 08:37:11] Getting options: API URL = https://russellpublishing-live.workbooks.com, API Key = set
[2025-09-30 08:37:11] Initializing WorkbooksApi...
[2025-09-30 08:37:11] Getting options: API URL = https://russellpublishing-live.workbooks.com, API Key = set
[2025-09-30 08:37:11] Initializing WorkbooksApi...
[2025-09-30 08:49:40] Getting options: API URL = https://russellpublishing-live.workbooks.com, API Key = set
[2025-09-30 08:49:40] Initializing WorkbooksApi...
[2025-09-30 08:55:25] Getting options: API URL = https://russellpublishing-live.workbooks.com, API Key = set
[2025-09-30 08:55:25] Initializing WorkbooksApi...
[2025-09-30 08:56:59] Getting options: API URL = https://russellpublishing-live.workbooks.com, API Key = set
[2025-09-30 08:56:59] Initializing WorkbooksApi...
[2025-09-30 09:40:35] Getting options: API URL = https://russellpublishing-live.workbooks.com, API Key = set
[2025-09-30 09:40:35] Initializing WorkbooksApi...
[2025-09-30 10:10:38] Getting options: API URL = https://russellpublishing-live.workbooks.com, API Key = set
[2025-09-30 10:10:38] Initializing WorkbooksApi...
[2025-09-30 12:47:27] Getting options: API URL = https://russellpublishing-live.workbooks.com, API Key = set
[2025-09-30 12:47:27] Initializing WorkbooksApi...
[2025-09-30 12:55:51] Getting options: API URL = https://russellpublishing-live.workbooks.com, API Key = set
[2025-09-30 12:55:51] Initializing WorkbooksApi...
[2025-09-30 14:00:57] Getting options: API URL = https://russellpublishing-live.workbooks.com, API Key = set
[2025-09-30 14:00:57] Initializing WorkbooksApi...
[2025-09-30 14:15:19] Getting options: API URL = https://russellpublishing-live.workbooks.com, API Key = set
[2025-09-30 14:15:19] Initializing WorkbooksApi...
[2025-09-30 14:36:07] Getting options: API URL = https://russellpublishing-live.workbooks.com, API Key = set
[2025-09-30 14:36:07] Initializing WorkbooksApi...
[2025-09-30 14:44:55] Getting options: API URL = https://russellpublishing-live.workbooks.com, API Key = set
[2025-09-30 14:44:55] Initializing WorkbooksApi...
[2025-09-30 15:09:09] Getting options: API URL = https://russellpublishing-live.workbooks.com, API Key = set
[2025-09-30 15:09:09] Initializing WorkbooksApi...
[2025-09-30 15:21:10] Getting options: API URL = https://russellpublishing-live.workbooks.com, API Key = set
[2025-09-30 15:21:10] Initializing WorkbooksApi...
[2025-09-30 16:53:00] Getting options: API URL = https://russellpublishing-live.workbooks.com, API Key = set
[2025-09-30 16:53:01] Initializing WorkbooksApi...
[2025-09-30 17:22:47] Getting options: API URL = https://russellpublishing-live.workbooks.com, API Key = set
[2025-09-30 17:22:47] Initializing WorkbooksApi...
[2025-09-30 17:34:46] Getting options: API URL = https://russellpublishing-live.workbooks.com, API Key = set
[2025-09-30 17:34:46] Initializing WorkbooksApi...
[2025-09-30 17:46:11] Getting options: API URL = https://russellpublishing-live.workbooks.com, API Key = set
[2025-09-30 17:46:11] Initializing WorkbooksApi...
[2025-09-30 18:02:03] Getting options: API URL = https://russellpublishing-live.workbooks.com, API Key = set
[2025-09-30 18:02:03] Initializing WorkbooksApi...
[2025-10-01 05:24:53] Getting options: API URL = https://russellpublishing-live.workbooks.com, API Key = set
[2025-10-01 05:24:53] Initializing WorkbooksApi...
[2025-10-01 05:26:11] Getting options: API URL = https://russellpublishing-live.workbooks.com, API Key = set
[2025-10-01 05:26:11] Initializing WorkbooksApi...
[2025-10-01 09:10:20] Getting options: API URL = https://russellpublishing-live.workbooks.com, API Key = set
[2025-10-01 09:10:20] Initializing WorkbooksApi...
[2025-10-01 09:13:15] Getting options: API URL = https://russellpublishing-live.workbooks.com, API Key = set
[2025-10-01 09:13:15] Initializing WorkbooksApi...
[2025-10-01 09:15:29] Getting options: API URL = https://russellpublishing-live.workbooks.com, API Key = set
[2025-10-01 09:15:29] Initializing WorkbooksApi...
[2025-10-01 09:41:16] Getting options: API URL = https://russellpublishing-live.workbooks.com, API Key = set
[2025-10-01 09:41:16] Getting options: API URL = https://russellpublishing-live.workbooks.com, API Key = set
[2025-10-01 09:41:16] Initializing WorkbooksApi...
[2025-10-01 09:41:16] Initializing WorkbooksApi...
[2025-10-02 15:54:10] Getting options: API URL = https://russellpublishing-live.workbooks.com, API Key = set
[2025-10-02 15:54:10] Initializing WorkbooksApi...
[2025-10-02 15:54:14] Getting options: API URL = https://russellpublishing-live.workbooks.com, API Key = set
[2025-10-02 15:54:14] Initializing WorkbooksApi...
[2025-10-02 16:41:16] Getting options: API URL = https://russellpublishing-live.workbooks.com, API Key = set
[2025-10-02 16:41:16] Initializing WorkbooksApi...
[2025-10-02 16:41:27] Getting options: API URL = https://russellpublishing-live.workbooks.com, API Key = set
[2025-10-02 16:41:27] Initializing WorkbooksApi...
[2025-10-03 13:24:06] Getting options: API URL = https://russellpublishing-live.workbooks.com, API Key = set
[2025-10-03 13:24:06] Initializing WorkbooksApi...
[2025-10-03 13:25:29] Getting options: API URL = https://russellpublishing-live.workbooks.com, API Key = set
[2025-10-03 13:25:29] Initializing WorkbooksApi...
[2025-10-03 15:06:43] Starting connection test...
[2025-10-03 15:06:43] Current settings:
API URL: https://russellpublishing-live.workbooks.com
API Key: set
[2025-10-03 15:06:43] Attempting to get Workbooks instance...
[2025-10-03 15:06:43] Getting options: API URL = https://russellpublishing-live.workbooks.com, API Key = set
[2025-10-03 15:06:43] Initializing WorkbooksApi...
[2025-10-03 15:06:43] Successfully got Workbooks instance
[2025-10-03 15:06:43] Workbooks instance initialized successfully
[2025-10-03 15:06:53] API Response:
Array
(
    [success] => 1
    [data] => Array
        (
            [0] => Array
                (
                    [cf_person_nic_losardo] => 
                    [cf_person_nf_editorial_type] => 
                    [cf_person_grr_editorial_type] => 
                    [cf_person_it_all_brand_unsubscribe] => 
                    [cf_person_ias25_speaker] => 
                    [cf_person_delegate_blacklist] => 
                    [cf_person_nf_core_audience] => 
                    [cf_person_dtr_ord_sign_off_only] => 
                    [cf_person_it_nurture_track] => 
                    [cf_person_insight_yesterday_score] => 
                    [cf_person_editorial_contact_type] => 
                    [cf_person_nf_events] => 
                    [cf_person_nf_areas_of_interest_312] => Analysis, Fraud/Authenticity/Safety, Health & Nutrition, Packaging/Labelling, Production/Processing, Research & Development
                    [created_by] => 79406
                    [cf_person_dtr_news_and_events] => 
                    [cf_person_data_matching] => 
                    [cf_person_informatics] => 
                    [cf_person_conference_attendee_type] => 
                    [cf_person_iar_assumed_aoi] => 
                    [cf_person_epr_foba23] => 
                    [cf_person_fbpa24_sponsor] => 
                    [logo_url] => 
                    [cf_person_last_login_time] => 
                    [cf_person_sponsor_optin] => 
                    [cf_person_iar_webinar_aoi] => 
                    [cf_person_2023_total] => 0.0 GBP 1
                    [cf_person_insights_industry] => 
                    [biography] => 
                    [cf_person_drugs_therapies] => 
                    [cf_person_grr_tdm_prospect] => 
                    [cf_person_is_person_active_or_inactive] => Active
                    [cf_person_ias25_registered] => 
                    [cf_person_les_lubwama] => 
                    [skype_name] => 
                    [imported] => 
                    [compliance_special_categories] => 
                    [home_location[street_address]] => 
                    [cf_person_dtr_nurture_track] => 
                    [main_location[alternate_telephone]] => +61 414 819 077
                    [cf_person_manual_advertiser_type] => 
                    [type] => Private::Crm::Person
                    [cf_person_epr_eligible_for_communications_after_30_days] => 
                    [cf_person_it_webinar_aoi] => 
                    [main_location[mobile]] => 
                    [cf_person_marketing_ringfensed] => 
                    [cf_person_grr_news_and_events] => 
                    [cf_person_grr_news] => 
                    [cf_person_nf_tdm_prospect] => 
                    [cf_person_hit_to_lead] => 
                    [cf_person_ias24_sponsor] => 
                    [cf_person_dtr_assumed_website_aoi] => 
                    [person_job_title] => R&D Food Technologist
                    [cf_person_epr_ord_sign_off_only] => 
                    [cf_person_workbooks] => 1
                    [cf_person_translational_science] => 
                    [cf_person_2022_total] => 0.0 GBP 1
                    [_can_chaccess] => 1
                    [cf_person_epr_areas_of_interest_310] => 
                    [cf_person_nf_webinar] => 
                    [cf_person_ias24_speaker] => 
                    [cf_person_confidence_level] => 
                    [cf_person_it_assumed_aoi] => 
                    [cf_person_dtr_zmember_reference] => 
                    [cf_person_iar_web_member] => 
                    [cf_person_targets] => 
                    [cf_person_frankies_magic_tick_box] => 
                    [cf_person_fbpa25_sponsor] => 
                    [updated_at] => Sun Mar 09 12:09:12 UTC 2025
                    [cf_person_insights_30_days_score] => 
                    [assistant_name] => 
                    [main_location[email_address_undeliverable]] => 1
                    [no_email_soliciting] => 
                    [cf_person_beau_bailey] => 
                    [person_salutation] => 
                    [cf_person_nf_web_member] => 
                    [cf_person_fbpa24_attended] => 
                    [cf_person_dtr_therapeutic_aoi] => 
                    [cf_person_nf_leadgen_aoi] => 
                    [cf_person_iar_news] => 
                    [main_location[postcode]] => QLD 4132
                    [no_phone_soliciting] => 
                    [cf_person_iar_areas_of_interest_316] => 
                    [cf_person_genomics] => 
                    [cf_person_dtr_no_postal] => 
                    [person_first_name] => 
                    [cf_person_dtr_webinar] => 
                    [cf_person_joanna_kirby] => 
                    [cf_person_iar_leadgen_aoi] => 
                    [cf_person_dtr_areas_of_interest_v2] => 
                    [cf_person_analysis] => 
                    [facebook_url] => 
                    [home_location[alternate_telephone]] => 
                    [cf_person_insights_yesterday_score] => 
                    [cf_person_temp_exclusion] => 
                    [organisation_num_employees] => 
                    [cf_person_location] => 
                    [cf_person_act_company_type] => Manufacturer Food/Beverages
                    [cf_person_grr_assumed_aoi] => 
                    [cf_person_it_leadgen_aoi] => 
                    [cf_person_it_no_postal] => 
                    [home_location[email]] => 
                    [cf_person_nf_eligible_for_communications_after_30_days] => 
                    [cf_person_fbpa25_speaker] => 
                    [cf_person_nf_online_aoi] => 
                    [alternate_names] => 
                    [cf_person_imaging] => 
                    [created_by_user[login_name]] => tmartin@russellpublishing.com
                    [cf_person_send_media_pack] => 
                    [main_location[alternate_email]] => 
                    [cf_person_it_third_party] => 
                    [cf_person_grr_no_postal] => 
                    [cf_person_dtr_all_brand_unsubscribe] => 
                    [cf_person_nf_industry_sector_worked] => 
                    [cf_person_epr_third_party] => 
                    [cf_person_data_matching_picklist] => 
                    [cf_person_grr_all_brand_unsubscribe] => 
                    [main_location[street_address]] => 90 - 100 Magnesium Drive,
                    [queue_entry[queue_id]] => 538
                    [queue_entry[queue[name]]] => Data Team
                    [cf_person_grr_areas_of_interest_314] => 
                    [is_deleted] => 
                    [cf_person_iar_subscriber] => 
                    [cf_person_nf_all_brand_unsubscribe] => 
                    [owner[person_name]] => Jane Monk
                    [cf_person_suzy_baverstock] => 
                    [cf_person_brand] => NF Subscriber, NF Subscriber
                    [cf_person_iar_events] => 
                    [cf_person_grr_conference_source] => 
                    [cf_person_iar_advertiser_type] => 
                    [cf_person_fraser_owen] => 
                    [updated_by_user[person_name]] => Frankie Butler
                    [cf_person_insights_revenue] => 
                    [cf_person_sam_pirani] => 
                    [cf_person_nf_subscriber_type] => Lapsed
                    [cf_person_2023_spex] => 0.0 GBP 1
                    [cf_person_epr_webinar] => 
                    [cf_person_epr_assumed_aoi] => 
                    [created_through] => Import
                    [cf_person_grr_subscriber_type] => 
                    [home_location[county_province_state]] => 
                    [cf_person_epr_nurture_track] => 
                    [cf_person_grr_leadgen_aoi] => 
                    [main_location[email]] => van.tran@qantas.com.au
                    [cf_person_iar_nurture_track] => 
                    [cf_person_iar_brand_unsubscribe] => 
                    [cf_person_dtr_third_party] => 
                    [cf_person_grr_subscribers] => 
                    [cf_person_data_source_detail] => Act Controlled Requested Written Subscriptions
                    [cf_person_grr_brand_unsubscribe] => 
                    [_preload_linked_item_association_for_cf_person_location] => 
                    [cf_person_nf_fig23] => 
                    [cf_person_dtr_events] => 
                    [categories] => 
                    [cf_person_conference_source] => 
                    [cf_person_iar_order_fulfilment_client_survey] => 
                    [cf_person_nf_webinar_aoi] => 
                    [object_ref] => PERS-108856
                    [cf_person_registered] => 
                    [cf_person_fbpa25_registered] => 
                    [cf_person_nf_order_fulfilment_client_survey] => 
                    [cf_person_dtr_subscriber_type] => 
                    [cf_person_research_development] => 
                    [cf_person_biomarkers] => 
                    [cf_person_diseases] => 
                    [object_url] => https://russellpublishing-live.workbooks.com/link/3cDMzUTM/PERS-108856
                    [cf_person_grr_webinar] => 
                    [cf_person_location__name] => 
                    [cf_person_epr_events] => 
                    [cf_person_ias25_attended] => 
                    [cf_person_zoe_bryant] => 
                    [cf_person_insights_last_visit] => 
                    [cf_person_authentication_blocked] => 
                    [cf_person_technology] => 
                    [cf_person_force24_lead_score] => 
                    [spouse_name] => 
                    [cf_person_grr_events] => 
                    [cf_person_nf_online_aoi__name] => 
                    [cf_person_insights_first_visit] => 
                    [cf_person_transport_primary_secondary_audience] => 
                    [compliance_channels] => 
                    [cf_person_2023_digital] => 0.0 GBP 1
                    [cf_person_act_company_name] => Snap Fresh
                    [cf_person_fbpa24_declined] => 
                    [cf_person_client_nps] => 
                    [cf_person_iar_webinar] => 
                    [cf_person_tools_techniques] => 
                    [main_location[telephone]] => 
                    [id] => 380365
                    [cf_person_ias24_attended] => 
                    [cf_person_it_areas_of_interest_318] => 
                    [website] => 
                    [cf_person_dtr_web_member] => 
                    [cf_person_2023_print] => 0.0 GBP 1
                    [cf_person_dtr_news] => 
                    [cf_person_nf_engagement] => None
                    [cf_person_epr_zmember_reference] => 
                    [cf_person_epr_core_audience] => 
                    [cf_person_iar_ord_sign_off_only] => 
                    [employer_name] => Snap Fresh
                    [main_location_id] => 384969
                    [cf_person_dtr_tdm_prospect] => 
                    [cf_person_assays] => 
                    [cf_person_insights_background] => 
                    [cf_person_dtr_editorial_type] => 
                    [twitter_url] => 
                    [home_location[mobile]] => 
                    [name] => Van Tran
                    [mailchimp_last_synchronised_at] => 
                    [cf_person_dan_birchmore] => 
                    [linked_item_association_for_cf_person_location] => 
                    [cf_person_epr_news] => 
                    [cf_person_andy_holland] => 
                    [cf_person_confidence_score_rating] => 
                    [cf_person_grr_ord_sign_off_only] => 
                    [cf_person_2022_digital] => 0.0 GBP 1
                    [cf_person_lead_event_reference] => 
                    [linked_item_association_for_cf_person_nf_online_aoi] => 
                    [person_suffix] => 
                    [cf_person_it_events] => 
                    [cf_person_claimed_employer] => 
                    [cf_person_ryan_clarke] => 
                    [cf_person_stem_cells] => 
                    [cf_person_it_mode_of_transport_interest] => 
                    [cf_person_iar_zmember_reference] => 
                    [created_at] => Tue Jun 19 22:12:16 UTC 2018
                    [cf_person_nf_no_postal] => 
                    [cf_person_grr_webinar_aoi] => 
                    [main_location[county_province_state]] => 
                    [cf_person_epr_editorial_type] => 
                    [lock_version] => 25
                    [lead_source_type] => Written Registration
                    [cf_person_it_webinar] => 
                    [cf_person_it_engagement] => Unknown
                    [cf_person_dtr_core_audience] => 
                    [cf_person_lab_automation] => 
                    [cf_person_insights_first_source] => 
                    [cf_person_it_zmember_reference] => 
                    [cf_person_iar_no_postal] => 
                    [cf_person_nf_tdm] => 
                    [cf_person_dtr_advertiser_type] => 
                    [special_requirements] => 
                    [cf_person_insights_total_score] => 
                    [cf_person_world_region] => Asia/Pacific (inc. Australia)
                    [home_location[telephone]] => 
                    [cf_person_jess_russell] => 
                    [industry] => 
                    [cf_person_nf_third_party] => 1
                    [cf_person_artificial_intelligencemachine_learning] => 
                    [home_location[country]] => 
                    [cf_person_linkedin_url] => 
                    [cf_person_epr_news_and_events] => 
                    [cf_person_grr_zmember_reference] => 
                    [cf_person_iar_core_audience] => 
                    [cf_person_nf_nurture_track] => 
                    [image_url] => 
                    [cf_person_iar_assumed_website_aoi] => 
                    [cf_person_interests] => 
                    [cf_person_verification_picklist] => 
                    [cf_person_grr_third_party] => 
                    [cf_person_epr_web_member] => 
                    [_preload_linked_item_association_for_cf_person_nf_online_aoi] => 
                    [_link_or_create_employer] => 
                    [cf_person_iar_third_party] => 
                    [person_job_role] => Scientist/Technologist
                    [cf_person_nf_assumed_website_aoi] => 
                    [cf_person_screening_sequencing] => 
                    [cf_person_ias25_sponsor] => 
                    [cf_person_grr_order_fulfilment_client_survey] => 
                    [cf_person_it_editorial_type] => 
                    [cf_person_grr_conference_attended] => 
                    [cf_person_insights_first_term] => 
                    [cf_person_iar_editorial_type] => 
                    [watched] => 
                    [updated_by] => 122326
                    [cf_person_epr_advertiser_type] => 
                    [cf_person_iar_all_brand_unsubscribe] => 
                    [cf_person_grr_advertiser_type] => 
                    [cf_person_preclinical_research] => 
                    [_can_read] => 1
                    [cf_person_it_advertiser_type] => 
                    [cf_person_grr_dr23] => 
                    [cf_person_grr_engagement] => Unknown
                    [cf_person_grr_nurture_track] => 
                    [cf_person_dtr_order_fulfilment_client_survey] => 
                    [cf_person_iar_manual_advertiser_type] => 
                    [cf_person_job_level] => Mid Level
                    [cf_person_epr_tdm] => 
                    [party_notes] => 
                    [cf_person_dtr_subscriber] => 
                    [cf_person_epr_tdm_prospect] => 
                    [cf_person_insights_link] => 
                    [created_by_user[person_name]] => Tim Martin
                    [sync_with_mailer] => 
                    [cf_person_force24_nt_deletion] => 
                    [cf_person_nf_subscriber] => 1
                    [cf_person_it_conference_attended] => 
                    [cf_person_conference_attended] => 
                    [marketing_campaign[name]] => 
                    [cf_person_nf_zmember_reference] => 12940
                    [home_location[town]] => 
                    [cf_person_fbpa24_speaker] => 
                    [cf_person_insights_first_medium] => 
                    [cf_person_it_assumed_website_aoi] => 
                    [cf_person_iar_conference_source] => 
                    [main_location[fax]] => 
                    [cf_person_first_login_time] => 
                    [cf_person_fbpa25_attended] => 
                    [cf_person_nf_advertiser_type] => 
                    [cf_person_clinical_trials] => 
                    [cf_person_act_info_source] => 
                    [organisation_annual_revenue] =>   0
                    [cf_person_genomics_3774] => 
                    [cf_person_nf_news_and_events] => 1
                    [cf_person_idbs_potential_speaker] => 
                    [cf_person_ias25_declined] => 
                    [cf_person_epr_2] => 
                    [cf_person_epr_no_postal] => 
                    [cf_person_personalised_medicine] => 
                    [_can_modify] => 1
                    [cf_person_epr_webinar_aoi] => 
                    [cf_person_grr_tdm] => 
                    [cf_person_ias24_registered] => 
                    [cf_person_duplicate_person] => 
                    [owner_id] => 83156
                    [cf_person_act_urn] => 
                    [cf_person_cell_gene_therapy] => 
                    [cf_person_epr_engagement] => Unknown
                    [cf_person_dtr_leadgen_aoi] => 
                    [cf_person_dtr_webinar_aoi] => 
                    [cf_person_epr_sales_contact] => 
                    [cf_person_insights_first_content] => 
                    [cf_person_insights_7_days_score] => 
                    [assistant_phone] => 
                    [home_location[postcode]] => 
                    [cf_person_insights_employees] => 
                    [cf_person_ias24_declined] => 
                    [gdpr_compliant] => 
                    [cf_person_toxicology] => 
                    [cf_person_dtr_assumed_aoi] => 
                    [cf_person_epr_leadgen_aoi] => 
                    [cf_person_nurture_track] => 
                    [cf_person_grr_assumed_website_aoi] => 
                    [cf_person_iar_conference_attended] => 
                    [main_location[country]] => Australia
                    [cf_person_2022_print] => 0.0 GBP 1
                    [cf_person_epr_subscriber_type] => 
                    [cf_person_last_login_ip_address] => 
                    [no_post_soliciting] => 
                    [cf_person_tony_portelli] => 
                    [marketing_campaign_id] => 
                    [cf_person_it_news] => 
                    [cf_person_iar_engagement] => Unknown
                    [cf_person_iar_ias23] => 
                    [person_last_name] => Van Tran
                    [cf_person_molecular_diagnostics] => 
                    [_can_chown] => 1
                    [email_opt_in] => 
                    [cf_person_insights_first_campaign] => 
                    [cf_person_iar_eligible_for_communications_after_30_days] => 
                    [cf_person_2022_spex] => 0.0 GBP 1
                    [cf_person_iar_tdm] => 
                    [cf_person_frankie_nt_deletion_review] => 
                    [cf_person_external_event_exhibitors] => 
                    [linkedin_url] => 
                    [home_location[fax]] => 
                    [cf_person_science_primary_secondary_audience] => 
                    [cf_person_it_conference_source] => 
                    [_can_delete] => 1
                    [home_location[alternate_email]] => 
                    [created_through_reference] => 
                    [updated_by_user[login_name]] => fbutler@russellpublishing.com
                    [cf_person_last_issue_sent] => 
                    [person_middle_name] => 
                    [cf_person_nf_ord_sign_off_only] => 
                    [cf_person_fbpa24_registered] => 
                    [cf_person_iar_iaos23] => 
                    [cf_person_business] => 
                    [main_location[town]] => Crestmead
                    [cf_person_grr_manual_advertiser_type] => 
                    [cf_person_epr_assumed_website_aoi] => 
                    [queue_entry[updated_at]] => Wed Jan 09 13:09:54 UTC 2019
                    [employer_link] => 297165
                    [cf_person_iar_brand_unsubscribe_2106] => 
                    [cf_person_drug_discovery_processes] => 
                    [assigned_to] => 538
                    [cf_person_it_its23] => 
                    [person_personal_title] => 
                    [cf_person_epr_all_brand_unsubscribe] => 
                    [owner[login_name]] => jmonk@russellpublishing.com
                    [cf_person_nf_assumed_aoi] => Research & Development
                    [cf_person_it_subscriber] => 
                    [cf_person_nf_manual_advertiser_type] => 
                    [cf_person_grr_core_audience] => 
                    [cf_person_epr_subscriber] => 
                    [cf_person_grr_eligible_for_communications_after_30_days] => 
                    [cf_person_dtr_tdm] => 
                    [cf_person_iar_news_and_events] => 
                    [preferred_language] => 
                    [photo_url] => 
                    [descriptor] => Van Tran - Snap Fresh
                    [cf_person_nf_news] => 
                    [cf_person_insights_today_score] => 
                    [cf_person_confidence_score_date] => 
                    [cf_person_it_news_and_events] => 
                    [cf_person_iar_tdm_prospect] => 
                    [cf_person_grr_web_member] => 
                    [cf_person_dtr_engagement] => Unknown
                    [cf_person_it_subscriber_type] => 
                    [cf_person_dtr_manual_advertiser_type] => 
                    [cf_person_epr_order_fulfilment_client_survey] => 
                    [cf_person_iar_subscriber_type] => 
                    [cf_person_dtr_eligible_for_communications_after_30_days] => 
                    [cf_person_fbpa25_declined] => 
                )

        )

    [total] => 481545
)

[2025-10-03 15:06:53] Success: Connection successful! API is working correctly.
[2025-10-03 15:10:16] Getting options: API URL = https://russellpublishing-live.workbooks.com, API Key = set
[2025-10-03 15:10:16] Initializing WorkbooksApi...
[2025-10-03 18:44:14] Getting options: API URL = https://russellpublishing-live.workbooks.com, API Key = set
[2025-10-03 18:44:14] Initializing WorkbooksApi...
[2025-10-03 18:46:57] Getting options: API URL = https://russellpublishing-live.workbooks.com, API Key = set
[2025-10-03 18:46:57] Initializing WorkbooksApi...
[2025-10-06 14:32:25] Getting options: API URL = https://russellpublishing-live.workbooks.com, API Key = set
[2025-10-06 14:32:25] Getting options: API URL = https://russellpublishing-live.workbooks.com, API Key = set
[2025-10-06 14:32:25] Initializing WorkbooksApi...
[2025-10-06 14:32:25] Initializing WorkbooksApi...
[2025-10-06 17:15:33] Getting options: API URL = https://russellpublishing-live.workbooks.com, API Key = set
[2025-10-06 17:15:33] Getting options: API URL = https://russellpublishing-live.workbooks.com, API Key = set
[2025-10-06 17:15:33] Initializing WorkbooksApi...
[2025-10-06 17:15:33] Initializing WorkbooksApi...
[2025-10-06 17:31:14] Getting options: API URL = https://russellpublishing-live.workbooks.com, API Key = set
[2025-10-06 17:31:14] Getting options: API URL = https://russellpublishing-live.workbooks.com, API Key = set
[2025-10-06 17:31:14] Initializing WorkbooksApi...
[2025-10-06 17:31:14] Initializing WorkbooksApi...
[2025-10-06 17:49:06] Getting options: API URL = https://russellpublishing-live.workbooks.com, API Key = set
[2025-10-06 17:49:06] Initializing WorkbooksApi...
[2025-10-06 17:49:06] Getting options: API URL = https://russellpublishing-live.workbooks.com, API Key = set
[2025-10-06 17:49:06] Initializing WorkbooksApi...
[2025-10-06 18:05:25] Getting options: API URL = https://russellpublishing-live.workbooks.com, API Key = set
[2025-10-06 18:05:25] Getting options: API URL = https://russellpublishing-live.workbooks.com, API Key = set
[2025-10-06 18:05:25] Initializing WorkbooksApi...
[2025-10-06 18:05:25] Initializing WorkbooksApi...
[2025-10-06 18:28:24] Getting options: API URL = https://russellpublishing-live.workbooks.com, API Key = set
[2025-10-06 18:28:24] Initializing WorkbooksApi...
[2025-10-06 20:18:46] Getting options: API URL = https://russellpublishing-live.workbooks.com, API Key = set
[2025-10-06 20:18:46] Initializing WorkbooksApi...
[2025-10-06 20:20:30] Getting options: API URL = https://russellpublishing-live.workbooks.com, API Key = set
[2025-10-06 20:20:30] Initializing WorkbooksApi...
[2025-10-06 20:20:30] Getting options: API URL = https://russellpublishing-live.workbooks.com, API Key = set
[2025-10-06 20:20:30] Initializing WorkbooksApi...
[AOI MATRIX EXPORT] keys=cf_person_business,cf_person_diseases,cf_person_drugs_therapies,cf_person_genomics_3774,cf_person_research_development,cf_person_technology,cf_person_tools_techniques count=7[2025-10-08 14:28:26] Getting options: API URL = https://russellpublishing-live.workbooks.com, API Key = set
[2025-10-08 14:28:26] Initializing WorkbooksApi...
[2025-10-15 12:39:55] Getting options: API URL = https://russellpublishing-live.workbooks.com, API Key = set
[2025-10-15 12:39:55] Initializing WorkbooksApi...
[2025-10-15 12:42:32] Getting options: API URL = https://russellpublishing-live.workbooks.com, API Key = set
[2025-10-15 12:42:32] Initializing WorkbooksApi...
[2025-10-15 12:51:44] Getting options: API URL = https://russellpublishing-live.workbooks.com, API Key = set
[2025-10-15 12:51:44] Initializing WorkbooksApi...
[2025-10-15 12:55:17] Getting options: API URL = https://russellpublishing-live.workbooks.com, API Key = set
[2025-10-15 12:55:17] Getting options: API URL = https://russellpublishing-live.workbooks.com, API Key = set
[2025-10-15 12:55:17] Initializing WorkbooksApi...
[2025-10-15 12:55:17] Initializing WorkbooksApi...
[2025-10-15 12:59:16] Getting options: API URL = https://russellpublishing-live.workbooks.com, API Key = set
[2025-10-15 12:59:16] Initializing WorkbooksApi...
[2025-10-15 12:59:16] Getting options: API URL = https://russellpublishing-live.workbooks.com, API Key = set
[2025-10-15 12:59:16] Initializing WorkbooksApi...
[2025-10-15 13:07:47] Getting options: API URL = https://russellpublishing-live.workbooks.com, API Key = set
[2025-10-15 13:07:47] Initializing WorkbooksApi...
[2025-10-15 13:07:47] Getting options: API URL = https://russellpublishing-live.workbooks.com, API Key = set
[2025-10-15 13:07:47] Initializing WorkbooksApi...
[2025-10-15 13:09:28] Getting options: API URL = https://russellpublishing-live.workbooks.com, API Key = set
[2025-10-15 13:09:28] Initializing WorkbooksApi...
[2025-10-17 11:34:13] Getting options: API URL = https://russellpublishing-live.workbooks.com, API Key = set
[2025-10-17 11:34:13] Getting options: API URL = https://russellpublishing-live.workbooks.com, API Key = set
[2025-10-17 11:34:13] Initializing WorkbooksApi...
[2025-10-17 11:34:13] Initializing WorkbooksApi...
[AOI MATRIX EXPORT] keys=cf_person_business,cf_person_diseases,cf_person_drugs_therapies,cf_person_genomics_3774,cf_person_research_development,cf_person_technology,cf_person_tools_techniques count=7[AOI MATRIX EXPORT] keys=cf_person_business,cf_person_diseases,cf_person_drugs_therapies,cf_person_genomics_3774,cf_person_research_development,cf_person_technology,cf_person_tools_techniques count=7[2025-10-17 16:24:15] Getting options: API URL = https://russellpublishing-live.workbooks.com, API Key = set
[2025-10-17 16:24:15] Getting options: API URL = https://russellpublishing-live.workbooks.com, API Key = set
[2025-10-17 16:24:15] Initializing WorkbooksApi...
[2025-10-17 16:24:15] Initializing WorkbooksApi...
[2025-10-17 16:26:10] Getting options: API URL = https://russellpublishing-live.workbooks.com, API Key = set
[2025-10-17 16:26:10] Initializing WorkbooksApi...
[2025-10-17 16:28:59] Getting options: API URL = https://russellpublishing-live.workbooks.com, API Key = set
[2025-10-17 16:28:59] Initializing WorkbooksApi...
[2025-10-17 16:52:24] Getting options: API URL = https://russellpublishing-live.workbooks.com, API Key = set
[2025-10-17 16:52:24] Initializing WorkbooksApi...
[2025-10-17 16:52:27] Getting options: API URL = https://russellpublishing-live.workbooks.com, API Key = set
[2025-10-17 16:52:27] Initializing WorkbooksApi...
[2025-10-17 16:55:29] Getting options: API URL = https://russellpublishing-live.workbooks.com, API Key = set
[2025-10-17 16:55:29] Initializing WorkbooksApi...
[2025-10-17 16:55:32] Getting options: API URL = https://russellpublishing-live.workbooks.com, API Key = set
[2025-10-17 16:55:32] Initializing WorkbooksApi...
[2025-10-17 16:56:48] Getting options: API URL = https://russellpublishing-live.workbooks.com, API Key = set
[2025-10-17 16:56:48] Initializing WorkbooksApi...
[2025-10-17 17:07:12] Getting options: API URL = https://russellpublishing-live.workbooks.com, API Key = set
[2025-10-17 17:07:12] Initializing WorkbooksApi...
[2025-10-17 17:50:53] Getting options: API URL = https://russellpublishing-live.workbooks.com, API Key = set
[2025-10-17 17:50:53] Initializing WorkbooksApi...
[2025-10-17 17:51:15] Getting options: API URL = https://russellpublishing-live.workbooks.com, API Key = set
[2025-10-17 17:51:15] Initializing WorkbooksApi...
[2025-10-17 18:12:31] Getting options: API URL = https://russellpublishing-live.workbooks.com, API Key = set
[2025-10-17 18:12:31] Initializing WorkbooksApi...
[2025-10-17 18:12:33] Getting options: API URL = https://russellpublishing-live.workbooks.com, API Key = set
[2025-10-17 18:12:33] Initializing WorkbooksApi...
