[2025-10-03 09:53:44] [error] Failed to load include file: submission-storage-helpers.php
[2025-10-03 09:53:48] [error] Failed to load include file: submission-storage-helpers.php
[2025-10-03 09:53:58] [error] Failed to load include file: submission-storage-helpers.php
[2025-10-03 10:16:13] [error] Failed to load include file: submission-storage-helpers.php
[2025-10-03 10:16:16] [error] Failed to load include file: submission-storage-helpers.php
[2025-10-03 10:34:52] [error] Failed to load include file: submission-storage-helpers.php
[2025-10-03 10:34:57] [error] Failed to load include file: submission-storage-helpers.php
[2025-10-03 10:35:20] [error] Failed to load include file: submission-storage-helpers.php
[2025-10-03 10:37:35] [error] Failed to load include file: submission-storage-helpers.php
[2025-10-03 10:37:39] [error] Failed to load include file: submission-storage-helpers.php
[2025-10-03 10:38:01] [error] Failed to load include file: submission-storage-helpers.php
[2025-10-03 10:38:01] [error] Failed to load include file: submission-storage-helpers.php
[2025-10-03 10:38:03] [error] Failed to load include file: submission-storage-helpers.php
[2025-10-03 10:38:04] [error] Failed to load include file: submission-storage-helpers.php
[2025-10-03 10:38:04] [error] Failed to load include file: submission-storage-helpers.php
[2025-10-03 10:38:06] [error] Failed to load include file: submission-storage-helpers.php
[2025-10-03 10:38:06] [error] Failed to load include file: submission-storage-helpers.php
[2025-10-03 10:38:39] [error] Failed to load include file: submission-storage-helpers.php
[2025-10-03 10:38:52] [error] Failed to load include file: submission-storage-helpers.php
[2025-10-03 10:38:52] [error] Failed to load include file: submission-storage-helpers.php
[2025-10-03 10:38:56] [error] Failed to load include file: submission-storage-helpers.php
[2025-10-03 10:38:56] [error] Failed to load include file: submission-storage-helpers.php
[2025-10-03 10:38:57] [error] Failed to load include file: submission-storage-helpers.php
[2025-10-03 10:38:58] [error] Failed to load include file: submission-storage-helpers.php
[2025-10-03 10:38:59] [error] Failed to load include file: submission-storage-helpers.php
[2025-10-03 10:59:21] [error] Failed to load include file: submission-storage-helpers.php
[2025-10-03 10:59:25] [error] Failed to load include file: submission-storage-helpers.php
[2025-10-03 10:59:40] [error] Failed to load include file: submission-storage-helpers.php
[2025-10-03 11:02:03] [error] Failed to load include file: submission-storage-helpers.php
[2025-10-03 11:02:06] [error] Failed to load include file: submission-storage-helpers.php
[2025-10-03 11:23:14] [error] Failed to load include file: submission-storage-helpers.php
[2025-10-03 11:23:19] [error] Failed to load include file: submission-storage-helpers.php
[2025-10-03 11:24:29] [error] Failed to load include file: submission-storage-helpers.php
[2025-10-03 11:24:31] [error] Failed to load include file: submission-storage-helpers.php
[2025-10-03 11:27:07] [error] Failed to load include file: submission-storage-helpers.php
[2025-10-03 11:27:09] [error] Failed to load include file: submission-storage-helpers.php
[2025-10-03 11:27:12] [error] Failed to load include file: submission-storage-helpers.php
[2025-10-03 11:37:44] [error] Failed to load include file: submission-storage-helpers.php
[2025-10-03 11:38:55] [error] Failed to load include file: submission-storage-helpers.php
[2025-10-03 11:38:58] [error] Failed to load include file: submission-storage-helpers.php
[2025-10-03 11:39:16] [error] Failed to load include file: submission-storage-helpers.php
[2025-10-03 11:43:54] [error] Failed to load include file: submission-storage-helpers.php
[2025-10-03 11:43:58] [error] Failed to load include file: submission-storage-helpers.php
[2025-10-03 11:44:22] [error] Failed to load include file: submission-storage-helpers.php
[2025-10-03 11:44:28] [error] Failed to load include file: submission-storage-helpers.php
[2025-10-03 11:48:58] [error] Failed to load include file: submission-storage-helpers.php
[2025-10-03 11:49:03] [error] Failed to load include file: submission-storage-helpers.php
[2025-10-03 12:15:54] [error] Failed to load include file: submission-storage-helpers.php
[2025-10-03 12:15:57] [error] Failed to load include file: submission-storage-helpers.php
[2025-10-03 12:16:04] [error] Failed to load include file: submission-storage-helpers.php
[2025-10-03 12:50:45] [error] Failed to load include file: submission-storage-helpers.php
[2025-10-03 12:50:48] [error] Failed to load include file: submission-storage-helpers.php
[2025-10-03 12:50:54] [error] Failed to load include file: submission-storage-helpers.php
[2025-10-03 12:51:03] [error] Failed to load include file: submission-storage-helpers.php
[2025-10-03 12:51:03] [error] Failed to load include file: submission-storage-helpers.php
[2025-10-03 12:51:08] [error] Failed to load include file: submission-storage-helpers.php
[2025-10-03 12:51:24] [error] Failed to load include file: submission-storage-helpers.php
[2025-10-03 12:51:37] [error] Failed to load include file: submission-storage-helpers.php
[2025-10-03 12:51:47] [error] Failed to load include file: submission-storage-helpers.php
[2025-10-03 12:51:49] [error] Failed to load include file: submission-storage-helpers.php
[2025-10-03 12:51:54] [error] Failed to load include file: submission-storage-helpers.php
[2025-10-03 12:52:58] [error] Failed to load include file: submission-storage-helpers.php
[2025-10-03 12:55:58] [error] Failed to load include file: submission-storage-helpers.php
[2025-10-03 12:56:01] [error] Failed to load include file: submission-storage-helpers.php
[2025-10-03 12:57:59] [error] Failed to load include file: submission-storage-helpers.php
[2025-10-03 12:58:33] [error] Failed to load include file: submission-storage-helpers.php
[2025-10-03 12:59:34] [error] Failed to load include file: submission-storage-helpers.php
[2025-10-03 12:59:45] [error] Failed to load include file: submission-storage-helpers.php
[2025-10-03 13:00:40] [error] Failed to load include file: submission-storage-helpers.php
[2025-10-03 13:00:42] [error] Failed to load include file: submission-storage-helpers.php
[2025-10-03 13:01:14] [error] Failed to load include file: submission-storage-helpers.php
[2025-10-03 13:01:16] [error] Failed to load include file: submission-storage-helpers.php
[2025-10-03 13:02:42] [error] Failed to load include file: submission-storage-helpers.php
[2025-10-03 13:02:45] [error] Failed to load include file: submission-storage-helpers.php
[2025-10-03 13:06:33] [error] Failed to load include file: submission-storage-helpers.php
[2025-10-03 13:06:36] [error] Failed to load include file: submission-storage-helpers.php
[2025-10-03 13:06:36] [error] Failed to load include file: submission-storage-helpers.php
[2025-10-03 13:08:28] [error] Failed to load include file: submission-storage-helpers.php
[2025-10-03 13:08:29] [error] Failed to load include file: submission-storage-helpers.php
[2025-10-03 13:08:31] [error] Failed to load include file: submission-storage-helpers.php
[2025-10-03 13:08:46] [error] Failed to load include file: submission-storage-helpers.php
[2025-10-03 13:08:48] [error] Failed to load include file: submission-storage-helpers.php
[2025-10-03 13:12:05] [error] Failed to load include file: submission-storage-helpers.php
[2025-10-03 13:12:19] [error] Failed to load include file: submission-storage-helpers.php
[2025-10-03 13:12:19] [error] Failed to load include file: submission-storage-helpers.php
[2025-10-03 13:13:06] [error] Failed to load include file: submission-storage-helpers.php
[2025-10-03 13:13:08] [error] Failed to load include file: submission-storage-helpers.php
[2025-10-03 13:14:36] [error] Failed to load include file: submission-storage-helpers.php
[2025-10-03 13:16:54] [error] Failed to load include file: submission-storage-helpers.php
[2025-10-03 13:17:02] [error] Failed to load include file: submission-storage-helpers.php
[2025-10-03 13:17:49] [error] Failed to load include file: submission-storage-helpers.php
[2025-10-03 13:17:52] [error] Failed to load include file: submission-storage-helpers.php
[2025-10-03 13:19:52] [error] Failed to load include file: submission-storage-helpers.php
[2025-10-03 13:19:57] [error] Failed to load include file: submission-storage-helpers.php
[2025-10-03 13:19:58] [error] Failed to load include file: submission-storage-helpers.php
[2025-10-03 13:20:14] [error] Failed to load include file: submission-storage-helpers.php
[2025-10-03 13:20:19] [error] Failed to load include file: submission-storage-helpers.php
[2025-10-03 13:22:57] [error] Failed to load include file: submission-storage-helpers.php
[2025-10-03 13:22:59] [error] Failed to load include file: submission-storage-helpers.php
[2025-10-03 13:23:01] [error] Failed to load include file: submission-storage-helpers.php
[2025-10-03 13:23:03] [error] Failed to load include file: submission-storage-helpers.php
[2025-10-03 13:23:06] [error] Failed to load include file: submission-storage-helpers.php
[2025-10-03 13:23:43] [error] Failed to load include file: submission-storage-helpers.php
[2025-10-03 13:23:56] [error] Failed to load include file: submission-storage-helpers.php
[2025-10-03 13:24:05] [error] Failed to load include file: submission-storage-helpers.php
[2025-10-03 13:24:14] [error] Failed to load include file: submission-storage-helpers.php
[2025-10-03 13:25:24] [error] Failed to load include file: submission-storage-helpers.php
[2025-10-03 13:25:30] [error] Failed to load include file: submission-storage-helpers.php
[2025-10-03 13:25:43] [error] Failed to load include file: submission-storage-helpers.php
[2025-10-03 13:25:58] [error] Failed to load include file: submission-storage-helpers.php
[2025-10-03 13:27:37] [error] Failed to load include file: submission-storage-helpers.php
[2025-10-03 13:28:13] [error] Failed to load include file: submission-storage-helpers.php
[2025-10-03 13:36:38] [error] Failed to load include file: submission-storage-helpers.php
[2025-10-03 13:39:13] [error] Failed to load include file: submission-storage-helpers.php
[2025-10-03 13:39:17] [error] Failed to load include file: submission-storage-helpers.php
[2025-10-03 13:51:27] [error] Failed to load include file: submission-storage-helpers.php
[2025-10-03 13:51:31] [error] Failed to load include file: submission-storage-helpers.php
[2025-10-03 13:52:38] [error] Failed to load include file: submission-storage-helpers.php
[2025-10-03 13:52:46] [error] Failed to load include file: submission-storage-helpers.php
[2025-10-03 13:52:50] [error] Failed to load include file: submission-storage-helpers.php
[2025-10-03 13:53:23] [error] Failed to load include file: submission-storage-helpers.php
[2025-10-03 13:53:30] [error] Failed to load include file: submission-storage-helpers.php
[2025-10-03 13:53:32] [info] Ninja Forms submission data: Array
(
    [id] => 3
    [fields] => Array
        (
            [4] => Array
                (
                    [value] => levongravett
                    [id] => 4
                    [key] => username_1488856177040
                )

            [5] => Array
                (
                    [value] => Smkrulz1@22
                    [id] => 5
                    [key] => password_1487972201036
                )

            [6] => Array
                (
                    [value] => 
                    [id] => 6
                    [key] => login_1725014359987
                )

            [7] => Array
                (
                    [value] => <a href="https://dtr-final-api-push.local/wp-login.php?action=lostpassword">Forgot your password?</a>
                    [id] => 7
                    [key] => lost_password_1729696942936
                )

            [26] => Array
                (
                    [value] => https://dtr-final-api-push.local/publications/final-lead-gen-levon-august-2025/
                    [id] => 26
                    [key] => page_url_1732105345145
                )

        )

    [settings] => Array
        (
            [objectType] => Form Setting
            [editActive] => 1
            [title] => Login Form
            [created_at] => 2024-08-29 08:16:19
            [form_title] => Login Form
            [default_label_pos] => above
            [show_title] => 0
            [clear_complete] => 1
            [hide_complete] => 1
            [logged_in] => 0
            [wrapper_class] => 
            [element_class] => 
            [key] => 
            [add_submit] => 0
            [currency] => 
            [not_logged_in_msg] => 
            [sub_limit_number] => 
            [sub_limit_msg] => 
            [calculations] => Array
                (
                )

            [container_styles_background-color] => 
            [container_styles_border] => 
            [container_styles_border-style] => 
            [container_styles_border-color] => 
            [container_styles_color] => 
            [container_styles_height] => 
            [container_styles_width] => 
            [container_styles_font-size] => 
            [container_styles_margin] => 
            [container_styles_padding] => 
            [container_styles_display] => 
            [container_styles_float] => 
            [container_styles_show_advanced_css] => 0
            [container_styles_advanced] => 
            [title_styles_background-color] => 
            [title_styles_border] => 
            [title_styles_border-style] => 
            [title_styles_border-color] => 
            [title_styles_color] => 
            [title_styles_height] => 
            [title_styles_width] => 
            [title_styles_font-size] => 
            [title_styles_margin] => 
            [title_styles_padding] => 
            [title_styles_display] => 
            [title_styles_float] => 
            [title_styles_show_advanced_css] => 0
            [title_styles_advanced] => 
            [row_styles_background-color] => 
            [row_styles_border] => 
            [row_styles_border-style] => 
            [row_styles_border-color] => 
            [row_styles_color] => 
            [row_styles_height] => 
            [row_styles_width] => 
            [row_styles_font-size] => 
            [row_styles_margin] => 
            [row_styles_padding] => 
            [row_styles_display] => 
            [row_styles_show_advanced_css] => 0
            [row_styles_advanced] => 
            [row-odd_styles_background-color] => 
            [row-odd_styles_border] => 
            [row-odd_styles_border-style] => 
            [row-odd_styles_border-color] => 
            [row-odd_styles_color] => 
            [row-odd_styles_height] => 
            [row-odd_styles_width] => 
            [row-odd_styles_font-size] => 
            [row-odd_styles_margin] => 
            [row-odd_styles_padding] => 
            [row-odd_styles_display] => 
            [row-odd_styles_show_advanced_css] => 0
            [row-odd_styles_advanced] => 
            [success-msg_styles_background-color] => 
            [success-msg_styles_border] => 
            [success-msg_styles_border-style] => 
            [success-msg_styles_border-color] => 
            [success-msg_styles_color] => 
            [success-msg_styles_height] => 
            [success-msg_styles_width] => 
            [success-msg_styles_font-size] => 
            [success-msg_styles_margin] => 
            [success-msg_styles_padding] => 
            [success-msg_styles_display] => 
            [success-msg_styles_show_advanced_css] => 0
            [success-msg_styles_advanced] => 
            [error_msg_styles_background-color] => 
            [error_msg_styles_border] => 
            [error_msg_styles_border-style] => 
            [error_msg_styles_border-color] => 
            [error_msg_styles_color] => 
            [error_msg_styles_height] => 
            [error_msg_styles_width] => 
            [error_msg_styles_font-size] => 
            [error_msg_styles_margin] => 
            [error_msg_styles_padding] => 
            [error_msg_styles_display] => 
            [error_msg_styles_show_advanced_css] => 0
            [error_msg_styles_advanced] => 
            [conditions] => Array
                (
                )

            [mp_breadcrumb] => 1
            [mp_progress_bar] => 1
            [mp_display_titles] => 0
            [breadcrumb_container_styles_background-color] => 
            [breadcrumb_container_styles_border] => 
            [breadcrumb_container_styles_border-style] => 
            [breadcrumb_container_styles_border-color] => 
            [breadcrumb_container_styles_color] => 
            [breadcrumb_container_styles_height] => 
            [breadcrumb_container_styles_width] => 
            [breadcrumb_container_styles_font-size] => 
            [breadcrumb_container_styles_margin] => 
            [breadcrumb_container_styles_padding] => 
            [breadcrumb_container_styles_display] => 
            [breadcrumb_container_styles_float] => 
            [breadcrumb_container_styles_show_advanced_css] => 0
            [breadcrumb_container_styles_advanced] => 
            [breadcrumb_buttons_styles_background-color] => 
            [breadcrumb_buttons_styles_border] => 
            [breadcrumb_buttons_styles_border-style] => 
            [breadcrumb_buttons_styles_border-color] => 
            [breadcrumb_buttons_styles_color] => 
            [breadcrumb_buttons_styles_height] => 
            [breadcrumb_buttons_styles_width] => 
            [breadcrumb_buttons_styles_font-size] => 
            [breadcrumb_buttons_styles_margin] => 
            [breadcrumb_buttons_styles_padding] => 
            [breadcrumb_buttons_styles_display] => 
            [breadcrumb_buttons_styles_float] => 
            [breadcrumb_buttons_styles_show_advanced_css] => 0
            [breadcrumb_buttons_styles_advanced] => 
            [breadcrumb_button_hover_styles_background-color] => 
            [breadcrumb_button_hover_styles_border] => 
            [breadcrumb_button_hover_styles_border-style] => 
            [breadcrumb_button_hover_styles_border-color] => 
            [breadcrumb_button_hover_styles_color] => 
            [breadcrumb_button_hover_styles_height] => 
            [breadcrumb_button_hover_styles_width] => 
            [breadcrumb_button_hover_styles_font-size] => 
            [breadcrumb_button_hover_styles_margin] => 
            [breadcrumb_button_hover_styles_padding] => 
            [breadcrumb_button_hover_styles_display] => 
            [breadcrumb_button_hover_styles_float] => 
            [breadcrumb_button_hover_styles_show_advanced_css] => 0
            [breadcrumb_button_hover_styles_advanced] => 
            [breadcrumb_active_button_styles_background-color] => 
            [breadcrumb_active_button_styles_border] => 
            [breadcrumb_active_button_styles_border-style] => 
            [breadcrumb_active_button_styles_border-color] => 
            [breadcrumb_active_button_styles_color] => 
            [breadcrumb_active_button_styles_height] => 
            [breadcrumb_active_button_styles_width] => 
            [breadcrumb_active_button_styles_font-size] => 
            [breadcrumb_active_button_styles_margin] => 
            [breadcrumb_active_button_styles_padding] => 
            [breadcrumb_active_button_styles_display] => 
            [breadcrumb_active_button_styles_float] => 
            [breadcrumb_active_button_styles_show_advanced_css] => 0
            [breadcrumb_active_button_styles_advanced] => 
            [progress_bar_container_styles_background-color] => 
            [progress_bar_container_styles_border] => 
            [progress_bar_container_styles_border-style] => 
            [progress_bar_container_styles_border-color] => 
            [progress_bar_container_styles_color] => 
            [progress_bar_container_styles_height] => 
            [progress_bar_container_styles_width] => 
            [progress_bar_container_styles_font-size] => 
            [progress_bar_container_styles_margin] => 
            [progress_bar_container_styles_padding] => 
            [progress_bar_container_styles_display] => 
            [progress_bar_container_styles_float] => 
            [progress_bar_container_styles_show_advanced_css] => 0
            [progress_bar_container_styles_advanced] => 
            [progress_bar_fill_styles_background-color] => 
            [progress_bar_fill_styles_border] => 
            [progress_bar_fill_styles_border-style] => 
            [progress_bar_fill_styles_border-color] => 
            [progress_bar_fill_styles_color] => 
            [progress_bar_fill_styles_height] => 
            [progress_bar_fill_styles_width] => 
            [progress_bar_fill_styles_font-size] => 
            [progress_bar_fill_styles_margin] => 
            [progress_bar_fill_styles_padding] => 
            [progress_bar_fill_styles_display] => 
            [progress_bar_fill_styles_float] => 
            [progress_bar_fill_styles_show_advanced_css] => 0
            [progress_bar_fill_styles_advanced] => 
            [part_titles_styles_background-color] => 
            [part_titles_styles_border] => 
            [part_titles_styles_border-style] => 
            [part_titles_styles_border-color] => 
            [part_titles_styles_color] => 
            [part_titles_styles_height] => 
            [part_titles_styles_width] => 
            [part_titles_styles_font-size] => 
            [part_titles_styles_margin] => 
            [part_titles_styles_padding] => 
            [part_titles_styles_display] => 
            [part_titles_styles_float] => 
            [part_titles_styles_show_advanced_css] => 0
            [part_titles_styles_advanced] => 
            [navigation_container_styles_background-color] => 
            [navigation_container_styles_border] => 
            [navigation_container_styles_border-style] => 
            [navigation_container_styles_border-color] => 
            [navigation_container_styles_color] => 
            [navigation_container_styles_height] => 
            [navigation_container_styles_width] => 
            [navigation_container_styles_font-size] => 
            [navigation_container_styles_margin] => 
            [navigation_container_styles_padding] => 
            [navigation_container_styles_display] => 
            [navigation_container_styles_float] => 
            [navigation_container_styles_show_advanced_css] => 0
            [navigation_container_styles_advanced] => 
            [previous_button_styles_background-color] => 
            [previous_button_styles_border] => 
            [previous_button_styles_border-style] => 
            [previous_button_styles_border-color] => 
            [previous_button_styles_color] => 
            [previous_button_styles_height] => 
            [previous_button_styles_width] => 
            [previous_button_styles_font-size] => 
            [previous_button_styles_margin] => 
            [previous_button_styles_padding] => 
            [previous_button_styles_display] => 
            [previous_button_styles_float] => 
            [previous_button_styles_show_advanced_css] => 0
            [previous_button_styles_advanced] => 
            [next_button_styles_background-color] => 
            [next_button_styles_border] => 
            [next_button_styles_border-style] => 
            [next_button_styles_border-color] => 
            [next_button_styles_color] => 
            [next_button_styles_height] => 
            [next_button_styles_width] => 
            [next_button_styles_font-size] => 
            [next_button_styles_margin] => 
            [next_button_styles_padding] => 
            [next_button_styles_display] => 
            [next_button_styles_float] => 
            [next_button_styles_show_advanced_css] => 0
            [next_button_styles_advanced] => 
            [navigation_hover_styles_background-color] => 
            [navigation_hover_styles_border] => 
            [navigation_hover_styles_border-style] => 
            [navigation_hover_styles_border-color] => 
            [navigation_hover_styles_color] => 
            [navigation_hover_styles_height] => 
            [navigation_hover_styles_width] => 
            [navigation_hover_styles_font-size] => 
            [navigation_hover_styles_margin] => 
            [navigation_hover_styles_padding] => 
            [navigation_hover_styles_display] => 
            [navigation_hover_styles_float] => 
            [navigation_hover_styles_show_advanced_css] => 0
            [navigation_hover_styles_advanced] => 
            [allow_public_link] => 0
            [embed_form] => 
            [form_title_heading_level] => 3
            [unique_field_error] => A form with this value has already been submitted.
            [changeEmailErrorMsg] => Please enter a valid email address!
            [changeDateErrorMsg] => Please enter a valid date!
            [confirmFieldErrorMsg] => These fields must match!
            [fieldNumberNumMinError] => Number Min Error
            [fieldNumberNumMaxError] => Number Max Error
            [fieldNumberIncrementBy] => Please increment by 
            [formErrorsCorrectErrors] => Please correct errors before submitting this form.
            [validateRequiredField] => This is a required field.
            [honeypotHoneypotError] => Honeypot Error
            [fieldsMarkedRequired] => Fields marked with an <span class="ninja-forms-req-symbol">*</span> are required
            [objectDomain] => display
            [drawerDisabled] => 
            [ninjaForms] => Ninja Forms
            [fieldTextareaRTEInsertLink] => Insert Link
            [fieldTextareaRTEInsertMedia] => Insert Media
            [fieldTextareaRTESelectAFile] => Select a file
            [formHoneypot] => If you are a human seeing this field, please leave it empty.
            [fileUploadOldCodeFileUploadInProgress] => File Upload in Progress.
            [fileUploadOldCodeFileUpload] => FILE UPLOAD
            [currencySymbol] => &#36;
            [thousands_sep] => ,
            [decimal_point] => .
            [siteLocale] => en_GB
            [dateFormat] => m/d/Y
            [startOfWeek] => 1
            [of] => of
            [previousMonth] => Previous Month
            [nextMonth] => Next Month
            [months] => Array
                (
                    [0] => January
                    [1] => February
                    [2] => March
                    [3] => April
                    [4] => May
                    [5] => June
                    [6] => July
                    [7] => August
                    [8] => September
                    [9] => October
                    [10] => November
                    [11] => December
                )

            [monthsShort] => Array
                (
                    [0] => Jan
                    [1] => Feb
                    [2] => Mar
                    [3] => Apr
                    [4] => May
                    [5] => Jun
                    [6] => Jul
                    [7] => Aug
                    [8] => Sep
                    [9] => Oct
                    [10] => Nov
                    [11] => Dec
                )

            [weekdays] => Array
                (
                    [0] => Sunday
                    [1] => Monday
                    [2] => Tuesday
                    [3] => Wednesday
                    [4] => Thursday
                    [5] => Friday
                    [6] => Saturday
                )

            [weekdaysShort] => Array
                (
                    [0] => Sun
                    [1] => Mon
                    [2] => Tue
                    [3] => Wed
                    [4] => Thu
                    [5] => Fri
                    [6] => Sat
                )

            [weekdaysMin] => Array
                (
                    [0] => Su
                    [1] => Mo
                    [2] => Tu
                    [3] => We
                    [4] => Th
                    [5] => Fr
                    [6] => Sa
                )

            [recaptchaConsentMissing] => reCaptcha validation couldn&#039;t load.
            [recaptchaMissingCookie] => reCaptcha v3 validation couldn&#039;t load the cookie needed to submit the form.
            [recaptchaConsentEvent] => Accept reCaptcha cookies before sending the form.
            [currency_symbol] => 
            [beforeForm] => 
            [beforeFields] => 
            [afterFields] => 
            [afterForm] => 
        )

    [extra] => Array
        (
        )

)

[2025-10-03 13:53:32] [info] 2025-10-03 13:53:32 [NF-68dfd55c3213b] Dispatch submission for form_id=3
[2025-10-03 13:53:32] [info] 2025-10-03 13:53:32 [NF-68dfd55c3213b] No handler for form id 3
[2025-10-03 13:53:32] [info] 2025-10-03 13:53:32 [ACF-Q-68dfd55c359ee] Form ID 3 not supported for ACF questions
[2025-10-03 13:53:32] [error] Failed to load include file: submission-storage-helpers.php
[2025-10-03 13:53:32] [error] Failed to load include file: submission-storage-helpers.php
[2025-10-03 13:53:35] [error] Failed to load include file: submission-storage-helpers.php
[2025-10-03 13:54:10] [error] Failed to load include file: submission-storage-helpers.php
[2025-10-03 13:54:11] [error] Failed to load include file: submission-storage-helpers.php
[2025-10-03 13:54:12] [error] Failed to load include file: submission-storage-helpers.php
[2025-10-03 13:54:36] [error] Failed to load include file: submission-storage-helpers.php
[2025-10-03 13:56:19] [error] Failed to load include file: submission-storage-helpers.php
[2025-10-03 13:56:26] [error] Failed to load include file: submission-storage-helpers.php
[2025-10-03 13:57:11] [error] Failed to load include file: submission-storage-helpers.php
[2025-10-03 13:58:59] [error] Failed to load include file: submission-storage-helpers.php
[2025-10-03 13:59:01] [error] Failed to load include file: submission-storage-helpers.php
[2025-10-03 14:01:59] [error] Failed to load include file: submission-storage-helpers.php
[2025-10-03 14:02:01] [error] Failed to load include file: submission-storage-helpers.php
[2025-10-03 14:02:01] [error] Failed to load include file: submission-storage-helpers.php
[2025-10-03 14:05:03] [error] Failed to load include file: submission-storage-helpers.php
[2025-10-03 14:05:05] [error] Failed to load include file: submission-storage-helpers.php
[2025-10-03 14:05:16] [error] Failed to load include file: submission-storage-helpers.php
[2025-10-03 14:07:55] [error] Failed to load include file: submission-storage-helpers.php
[2025-10-03 14:07:58] [error] Failed to load include file: submission-storage-helpers.php
[2025-10-03 14:07:58] [error] Failed to load include file: submission-storage-helpers.php
[2025-10-03 14:08:04] [error] Failed to load include file: submission-storage-helpers.php
[2025-10-03 14:08:44] [error] Failed to load include file: submission-storage-helpers.php
[2025-10-03 14:08:55] [error] Failed to load include file: submission-storage-helpers.php
[2025-10-03 14:08:57] [error] Failed to load include file: submission-storage-helpers.php
[2025-10-03 14:09:59] [error] Failed to load include file: submission-storage-helpers.php
[2025-10-03 14:10:02] [error] Failed to load include file: submission-storage-helpers.php
[2025-10-03 14:10:03] [error] Failed to load include file: submission-storage-helpers.php
[2025-10-03 14:10:04] [error] Failed to load include file: submission-storage-helpers.php
[2025-10-03 14:10:05] [error] Failed to load include file: submission-storage-helpers.php
[2025-10-03 14:10:06] [error] Failed to load include file: submission-storage-helpers.php
[2025-10-03 14:10:09] [error] Failed to load include file: submission-storage-helpers.php
[2025-10-03 14:10:25] [error] Failed to load include file: submission-storage-helpers.php
[2025-10-03 14:10:26] [error] Failed to load include file: submission-storage-helpers.php
[2025-10-03 14:11:19] [error] Failed to load include file: submission-storage-helpers.php
[2025-10-03 14:11:20] [error] Failed to load include file: submission-storage-helpers.php
[2025-10-03 14:11:22] [error] Failed to load include file: submission-storage-helpers.php
[2025-10-03 14:14:09] [error] Failed to load include file: submission-storage-helpers.php
[2025-10-03 14:14:11] [error] Failed to load include file: submission-storage-helpers.php
[2025-10-03 14:15:08] [error] Failed to load include file: submission-storage-helpers.php
[2025-10-03 14:15:09] [error] Failed to load include file: submission-storage-helpers.php
[2025-10-03 14:15:52] [error] Failed to load include file: submission-storage-helpers.php
[2025-10-03 14:15:53] [error] Failed to load include file: submission-storage-helpers.php
[2025-10-03 14:16:01] [error] Failed to load include file: submission-storage-helpers.php
[2025-10-03 14:16:08] [error] Failed to load include file: submission-storage-helpers.php
[2025-10-03 14:16:12] [error] Failed to load include file: submission-storage-helpers.php
[2025-10-03 14:17:08] [error] Failed to load include file: submission-storage-helpers.php
[2025-10-03 14:17:11] [error] Failed to load include file: submission-storage-helpers.php
[2025-10-03 14:17:36] [error] Failed to load include file: submission-storage-helpers.php
[2025-10-03 14:17:37] [error] Failed to load include file: submission-storage-helpers.php
[2025-10-03 14:17:38] [error] Failed to load include file: submission-storage-helpers.php
[2025-10-03 14:17:59] [error] Failed to load include file: submission-storage-helpers.php
[2025-10-03 14:18:00] [error] Failed to load include file: submission-storage-helpers.php
[2025-10-03 14:18:05] [error] Failed to load include file: submission-storage-helpers.php
[2025-10-03 14:18:24] [error] Failed to load include file: submission-storage-helpers.php
[2025-10-03 14:21:21] [error] Failed to load include file: submission-storage-helpers.php
[2025-10-03 14:21:23] [error] Failed to load include file: submission-storage-helpers.php
[2025-10-03 14:24:19] [error] Failed to load include file: submission-storage-helpers.php
[2025-10-03 14:24:23] [error] Failed to load include file: submission-storage-helpers.php
[2025-10-03 14:30:30] [error] Failed to load include file: submission-storage-helpers.php
[2025-10-03 14:30:34] [error] Failed to load include file: submission-storage-helpers.php
[2025-10-03 14:31:15] [error] Failed to load include file: submission-storage-helpers.php
[2025-10-03 14:31:17] [error] Failed to load include file: submission-storage-helpers.php
[2025-10-03 14:31:18] [error] Failed to load include file: submission-storage-helpers.php
[2025-10-03 14:31:26] [error] Failed to load include file: submission-storage-helpers.php
[2025-10-03 14:39:44] [error] Failed to load include file: submission-storage-helpers.php
[2025-10-03 14:39:52] [error] Failed to load include file: submission-storage-helpers.php
[2025-10-03 14:40:01] [error] Failed to load include file: submission-storage-helpers.php
[2025-10-03 14:40:11] [error] Failed to load include file: submission-storage-helpers.php
[2025-10-03 14:40:15] [error] Failed to load include file: submission-storage-helpers.php
[2025-10-03 14:40:16] [error] Failed to load include file: submission-storage-helpers.php
[2025-10-03 14:40:18] [error] Failed to load include file: submission-storage-helpers.php
[2025-10-03 14:40:19] [error] Failed to load include file: submission-storage-helpers.php
[2025-10-03 14:40:30] [error] Failed to load include file: submission-storage-helpers.php
[2025-10-03 14:40:30] [error] Failed to load include file: submission-storage-helpers.php
[2025-10-03 14:40:33] [error] Failed to load include file: submission-storage-helpers.php
[2025-10-03 14:40:33] [error] Failed to load include file: submission-storage-helpers.php
[2025-10-03 14:40:38] [error] Failed to load include file: submission-storage-helpers.php
[2025-10-03 14:40:39] [error] Failed to load include file: submission-storage-helpers.php
[2025-10-03 14:40:54] [error] Failed to load include file: submission-storage-helpers.php
[2025-10-03 14:40:54] [error] Failed to load include file: submission-storage-helpers.php
[2025-10-03 14:41:07] [error] Failed to load include file: submission-storage-helpers.php
[2025-10-03 14:41:07] [error] Failed to load include file: submission-storage-helpers.php
[2025-10-03 14:41:20] [error] Failed to load include file: submission-storage-helpers.php
[2025-10-03 14:41:20] [error] Failed to load include file: submission-storage-helpers.php
[2025-10-03 14:41:36] [error] Failed to load include file: submission-storage-helpers.php
[2025-10-03 14:41:43] [error] Failed to load include file: submission-storage-helpers.php
[2025-10-03 14:41:53] [error] Failed to load include file: submission-storage-helpers.php
[2025-10-03 14:41:55] [error] Failed to load include file: submission-storage-helpers.php
[2025-10-03 14:42:01] [error] Failed to load include file: submission-storage-helpers.php
[2025-10-03 14:42:05] [error] Failed to load include file: submission-storage-helpers.php
[2025-10-03 14:42:11] [error] Failed to load include file: submission-storage-helpers.php
[2025-10-03 14:42:17] [error] Failed to load include file: submission-storage-helpers.php
[2025-10-03 14:42:17] [error] Failed to load include file: submission-storage-helpers.php
[2025-10-03 14:42:20] [error] Failed to load include file: submission-storage-helpers.php
[2025-10-03 14:42:21] [error] Failed to load include file: submission-storage-helpers.php
[2025-10-03 14:42:22] [error] Failed to load include file: submission-storage-helpers.php
[2025-10-03 14:42:30] [error] Failed to load include file: submission-storage-helpers.php
[2025-10-03 14:42:32] [error] Failed to load include file: submission-storage-helpers.php
[2025-10-03 14:42:35] [error] Failed to load include file: submission-storage-helpers.php
[2025-10-03 14:42:37] [error] Failed to load include file: submission-storage-helpers.php
[2025-10-03 14:42:42] [error] Failed to load include file: submission-storage-helpers.php
[2025-10-03 14:42:43] [error] Failed to load include file: submission-storage-helpers.php
[2025-10-03 14:42:44] [error] Failed to load include file: submission-storage-helpers.php
[2025-10-03 14:42:47] [error] Failed to load include file: submission-storage-helpers.php
[2025-10-03 14:42:50] [error] Failed to load include file: submission-storage-helpers.php
[2025-10-03 14:42:52] [error] Failed to load include file: submission-storage-helpers.php
[2025-10-03 14:42:52] [error] Failed to load include file: submission-storage-helpers.php
[2025-10-03 14:42:53] [error] Failed to load include file: submission-storage-helpers.php
[2025-10-03 14:42:54] [error] Failed to load include file: submission-storage-helpers.php
[2025-10-03 14:43:04] [error] Failed to load include file: submission-storage-helpers.php
[2025-10-03 14:43:14] [error] Failed to load include file: submission-storage-helpers.php
[2025-10-03 14:43:25] [error] Failed to load include file: submission-storage-helpers.php
[2025-10-03 14:43:28] [error] Failed to load include file: submission-storage-helpers.php
[2025-10-03 14:43:35] [error] Failed to load include file: submission-storage-helpers.php
[2025-10-03 14:43:37] [error] Failed to load include file: submission-storage-helpers.php
[2025-10-03 14:43:37] [error] Failed to load include file: submission-storage-helpers.php
[2025-10-03 14:43:39] [error] Failed to load include file: submission-storage-helpers.php
[2025-10-03 14:43:45] [error] Failed to load include file: submission-storage-helpers.php
[2025-10-03 14:43:46] [error] Failed to load include file: submission-storage-helpers.php
[2025-10-03 14:43:52] [error] Failed to load include file: submission-storage-helpers.php
[2025-10-03 14:43:53] [error] Failed to load include file: submission-storage-helpers.php
[2025-10-03 14:43:59] [error] Failed to load include file: submission-storage-helpers.php
[2025-10-03 14:44:05] [error] Failed to load include file: submission-storage-helpers.php
[2025-10-03 14:44:16] [error] Failed to load include file: submission-storage-helpers.php
[2025-10-03 14:44:19] [error] Failed to load include file: submission-storage-helpers.php
[2025-10-03 14:44:29] [error] Failed to load include file: submission-storage-helpers.php
[2025-10-03 14:44:34] [error] Failed to load include file: submission-storage-helpers.php
[2025-10-03 14:44:40] [error] Failed to load include file: submission-storage-helpers.php
[2025-10-03 14:45:21] [error] Failed to load include file: submission-storage-helpers.php
[2025-10-03 14:45:25] [error] Failed to load include file: submission-storage-helpers.php
[2025-10-03 14:45:29] [error] Failed to load include file: submission-storage-helpers.php
[2025-10-03 14:45:35] [error] Failed to load include file: submission-storage-helpers.php
[2025-10-03 14:45:45] [error] Failed to load include file: submission-storage-helpers.php
[2025-10-03 14:45:59] [error] Failed to load include file: submission-storage-helpers.php
[2025-10-03 14:45:59] [error] Failed to load include file: submission-storage-helpers.php
[2025-10-03 14:46:05] [error] Failed to load include file: submission-storage-helpers.php
[2025-10-03 14:46:19] [error] Failed to load include file: submission-storage-helpers.php
[2025-10-03 14:46:26] [error] Failed to load include file: submission-storage-helpers.php
[2025-10-03 14:46:39] [error] Failed to load include file: submission-storage-helpers.php
[2025-10-03 14:47:02] [error] Failed to load include file: submission-storage-helpers.php
[2025-10-03 14:47:02] [error] Failed to load include file: submission-storage-helpers.php
[2025-10-03 14:47:11] [error] Failed to load include file: submission-storage-helpers.php
[2025-10-03 14:47:11] [error] Failed to load include file: submission-storage-helpers.php
[2025-10-03 14:47:25] [error] Failed to load include file: submission-storage-helpers.php
[2025-10-03 14:47:27] [error] Failed to load include file: submission-storage-helpers.php
[2025-10-03 14:47:42] [error] Failed to load include file: submission-storage-helpers.php
[2025-10-03 14:47:45] [error] Failed to load include file: submission-storage-helpers.php
[2025-10-03 14:47:47] [error] Failed to load include file: submission-storage-helpers.php
[2025-10-03 14:47:50] [error] Failed to load include file: submission-storage-helpers.php
[2025-10-03 14:47:52] [error] Failed to load include file: submission-storage-helpers.php
[2025-10-03 14:47:55] [error] Failed to load include file: submission-storage-helpers.php
[2025-10-03 14:47:57] [error] Failed to load include file: submission-storage-helpers.php
[2025-10-03 14:48:04] [error] Failed to load include file: submission-storage-helpers.php
[2025-10-03 14:48:05] [error] Failed to load include file: submission-storage-helpers.php
[2025-10-03 14:48:10] [error] Failed to load include file: submission-storage-helpers.php
[2025-10-03 14:48:11] [error] Failed to load include file: submission-storage-helpers.php
[2025-10-03 14:48:21] [error] Failed to load include file: submission-storage-helpers.php
[2025-10-03 14:48:21] [error] Failed to load include file: submission-storage-helpers.php
[2025-10-03 14:48:29] [error] Failed to load include file: submission-storage-helpers.php
[2025-10-03 14:48:29] [error] Failed to load include file: submission-storage-helpers.php
[2025-10-03 14:48:34] [error] Failed to load include file: submission-storage-helpers.php
[2025-10-03 14:48:34] [error] Failed to load include file: submission-storage-helpers.php
[2025-10-03 14:48:39] [error] Failed to load include file: submission-storage-helpers.php
[2025-10-03 14:48:41] [error] Failed to load include file: submission-storage-helpers.php
[2025-10-03 14:48:43] [error] Failed to load include file: submission-storage-helpers.php
[2025-10-03 14:48:51] [error] Failed to load include file: submission-storage-helpers.php
[2025-10-03 14:48:52] [error] Failed to load include file: submission-storage-helpers.php
[2025-10-03 14:49:05] [error] Failed to load include file: submission-storage-helpers.php
[2025-10-03 14:49:15] [error] Failed to load include file: submission-storage-helpers.php
[2025-10-03 14:49:26] [error] Failed to load include file: submission-storage-helpers.php
[2025-10-03 14:49:35] [error] Failed to load include file: submission-storage-helpers.php
[2025-10-03 14:49:45] [error] Failed to load include file: submission-storage-helpers.php
[2025-10-03 14:49:51] [error] Failed to load include file: submission-storage-helpers.php
[2025-10-03 14:49:53] [error] Failed to load include file: submission-storage-helpers.php
[2025-10-03 14:49:54] [error] Failed to load include file: submission-storage-helpers.php
[2025-10-03 14:49:55] [error] Failed to load include file: submission-storage-helpers.php
[2025-10-03 14:49:55] [error] Failed to load include file: submission-storage-helpers.php
[2025-10-03 14:49:57] [error] Failed to load include file: submission-storage-helpers.php
[2025-10-03 14:50:01] [error] Failed to load include file: submission-storage-helpers.php
[2025-10-03 14:50:11] [error] Failed to load include file: submission-storage-helpers.php
[2025-10-03 14:50:12] [error] Failed to load include file: submission-storage-helpers.php
[2025-10-03 14:50:15] [error] Failed to load include file: submission-storage-helpers.php
[2025-10-03 14:50:15] [error] Failed to load include file: submission-storage-helpers.php
[2025-10-03 14:50:17] [error] Failed to load include file: submission-storage-helpers.php
[2025-10-03 14:50:24] [error] Failed to load include file: submission-storage-helpers.php
[2025-10-03 14:50:26] [error] Failed to load include file: submission-storage-helpers.php
[2025-10-03 14:50:29] [error] Failed to load include file: submission-storage-helpers.php
[2025-10-03 14:50:29] [error] Failed to load include file: submission-storage-helpers.php
[2025-10-03 14:50:32] [error] Failed to load include file: submission-storage-helpers.php
[2025-10-03 14:50:32] [error] Failed to load include file: submission-storage-helpers.php
[2025-10-03 14:50:35] [error] Failed to load include file: submission-storage-helpers.php
[2025-10-03 14:50:35] [error] Failed to load include file: submission-storage-helpers.php
[2025-10-03 14:50:40] [error] Failed to load include file: submission-storage-helpers.php
[2025-10-03 14:50:40] [error] Failed to load include file: submission-storage-helpers.php
[2025-10-03 14:50:45] [error] Failed to load include file: submission-storage-helpers.php
[2025-10-03 14:50:45] [error] Failed to load include file: submission-storage-helpers.php
[2025-10-03 14:50:48] [error] Failed to load include file: submission-storage-helpers.php
[2025-10-03 14:50:48] [error] Failed to load include file: submission-storage-helpers.php
[2025-10-03 14:50:49] [error] Failed to load include file: submission-storage-helpers.php
[2025-10-03 14:50:49] [error] Failed to load include file: submission-storage-helpers.php
[2025-10-03 14:50:59] [error] Failed to load include file: submission-storage-helpers.php
[2025-10-03 14:51:02] [error] Failed to load include file: submission-storage-helpers.php
[2025-10-03 14:51:15] [error] Failed to load include file: submission-storage-helpers.php
[2025-10-03 14:51:16] [error] Failed to load include file: submission-storage-helpers.php
[2025-10-03 14:51:26] [error] Failed to load include file: submission-storage-helpers.php
[2025-10-03 14:51:36] [error] Failed to load include file: submission-storage-helpers.php
[2025-10-03 14:51:46] [error] Failed to load include file: submission-storage-helpers.php
[2025-10-03 14:51:49] [error] Failed to load include file: submission-storage-helpers.php
[2025-10-03 14:52:26] [error] Failed to load include file: submission-storage-helpers.php
[2025-10-03 14:52:30] [error] Failed to load include file: submission-storage-helpers.php
[2025-10-03 14:52:35] [error] Failed to load include file: submission-storage-helpers.php
[2025-10-03 14:53:17] [error] Failed to load include file: submission-storage-helpers.php
[2025-10-03 14:53:19] [error] Failed to load include file: submission-storage-helpers.php
[2025-10-03 14:54:38] [error] Failed to load include file: submission-storage-helpers.php
[2025-10-03 14:54:41] [error] Failed to load include file: submission-storage-helpers.php
[2025-10-03 14:55:20] [error] Failed to load include file: submission-storage-helpers.php
[2025-10-03 14:55:26] [error] Failed to load include file: submission-storage-helpers.php
[2025-10-03 14:55:28] [error] Failed to load include file: submission-storage-helpers.php
[2025-10-03 15:05:57] [error] Failed to load include file: submission-storage-helpers.php
[2025-10-03 15:06:02] [error] Failed to load include file: submission-storage-helpers.php
[2025-10-03 15:06:06] [error] Failed to load include file: submission-storage-helpers.php
[2025-10-03 15:06:19] [error] Failed to load include file: submission-storage-helpers.php
[2025-10-03 15:06:21] [error] Failed to load include file: submission-storage-helpers.php
[2025-10-03 15:06:23] [error] Failed to load include file: submission-storage-helpers.php
[2025-10-03 15:06:26] [error] Failed to load include file: submission-storage-helpers.php
[2025-10-03 15:06:32] [error] Failed to load include file: submission-storage-helpers.php
[2025-10-03 15:06:34] [error] Failed to load include file: submission-storage-helpers.php
[2025-10-03 15:06:37] [error] Failed to load include file: submission-storage-helpers.php
[2025-10-03 15:06:37] [error] Failed to load include file: submission-storage-helpers.php
[2025-10-03 15:06:42] [error] Failed to load include file: submission-storage-helpers.php
[2025-10-03 15:07:41] [error] Failed to load include file: submission-storage-helpers.php
[2025-10-03 15:07:44] [error] Failed to load include file: submission-storage-helpers.php
[2025-10-03 15:08:13] [error] Failed to load include file: submission-storage-helpers.php
[2025-10-03 15:08:14] [error] Failed to load include file: submission-storage-helpers.php
[2025-10-03 15:08:34] [error] Failed to load include file: submission-storage-helpers.php
[2025-10-03 15:08:40] [error] Failed to load include file: submission-storage-helpers.php
[2025-10-03 15:08:50] [error] Failed to load include file: submission-storage-helpers.php
[2025-10-03 15:08:52] [error] Failed to load include file: submission-storage-helpers.php
[2025-10-03 15:08:52] [error] Failed to load include file: submission-storage-helpers.php
[2025-10-03 15:08:54] [error] Failed to load include file: submission-storage-helpers.php
[2025-10-03 15:09:28] [error] Failed to load include file: submission-storage-helpers.php
[2025-10-03 15:09:29] [error] Failed to load include file: submission-storage-helpers.php
[2025-10-03 15:09:31] [error] Failed to load include file: submission-storage-helpers.php
[2025-10-03 15:09:35] [error] Failed to load include file: submission-storage-helpers.php
[2025-10-03 15:09:35] [error] Failed to load include file: submission-storage-helpers.php
[2025-10-03 15:10:12] [error] Failed to load include file: submission-storage-helpers.php
[2025-10-03 15:10:14] [error] Failed to load include file: submission-storage-helpers.php
[2025-10-03 15:10:14] [error] Failed to load include file: submission-storage-helpers.php
[2025-10-03 15:10:30] [error] Failed to load include file: submission-storage-helpers.php
[2025-10-03 15:10:37] [error] Failed to load include file: submission-storage-helpers.php
[2025-10-03 15:10:39] [error] Failed to load include file: submission-storage-helpers.php
[2025-10-03 15:10:42] [error] Failed to load include file: submission-storage-helpers.php
[2025-10-03 15:10:42] [error] Failed to load include file: submission-storage-helpers.php
[2025-10-03 15:11:54] [error] Failed to load include file: submission-storage-helpers.php
[2025-10-03 15:12:07] [error] Failed to load include file: submission-storage-helpers.php
[2025-10-03 15:16:07] [error] Failed to load include file: submission-storage-helpers.php
[2025-10-03 15:16:07] [error] Failed to load include file: submission-storage-helpers.php
[2025-10-03 15:17:54] [error] Failed to load include file: submission-storage-helpers.php
[2025-10-03 15:17:54] [error] Failed to load include file: submission-storage-helpers.php
[2025-10-03 15:18:12] [error] Failed to load include file: submission-storage-helpers.php
[2025-10-03 15:18:30] [error] Failed to load include file: submission-storage-helpers.php
[2025-10-03 15:18:30] [error] Failed to load include file: submission-storage-helpers.php
[2025-10-03 15:18:45] [error] Failed to load include file: submission-storage-helpers.php
[2025-10-03 15:19:46] [error] Failed to load include file: submission-storage-helpers.php
[2025-10-03 15:19:51] [error] Failed to load include file: submission-storage-helpers.php
[2025-10-03 15:20:46] [error] Failed to load include file: submission-storage-helpers.php
[2025-10-03 15:20:50] [error] Failed to load include file: submission-storage-helpers.php
[2025-10-03 15:21:45] [error] Failed to load include file: submission-storage-helpers.php
[2025-10-03 15:21:47] [error] Failed to load include file: submission-storage-helpers.php
[2025-10-03 15:22:45] [error] Failed to load include file: submission-storage-helpers.php
[2025-10-03 15:22:48] [error] Failed to load include file: submission-storage-helpers.php
[2025-10-03 15:23:21] [error] Failed to load include file: submission-storage-helpers.php
[2025-10-03 15:23:45] [error] Failed to load include file: submission-storage-helpers.php
[2025-10-03 15:24:45] [error] Failed to load include file: submission-storage-helpers.php
[2025-10-03 15:24:50] [error] Failed to load include file: submission-storage-helpers.php
[2025-10-03 15:25:46] [error] Failed to load include file: submission-storage-helpers.php
[2025-10-03 15:25:50] [error] Failed to load include file: submission-storage-helpers.php
[2025-10-03 15:26:45] [error] Failed to load include file: submission-storage-helpers.php
[2025-10-03 15:26:49] [error] Failed to load include file: submission-storage-helpers.php
[2025-10-03 15:28:23] [error] Failed to load include file: submission-storage-helpers.php
[2025-10-03 15:28:36] [error] Failed to load include file: submission-storage-helpers.php
[2025-10-03 15:29:08] [error] Failed to load include file: submission-storage-helpers.php
[2025-10-03 15:29:16] [error] Failed to load include file: submission-storage-helpers.php
[2025-10-03 15:29:17] [error] Failed to load include file: submission-storage-helpers.php
[2025-10-03 15:29:21] [error] Failed to load include file: submission-storage-helpers.php
[2025-10-03 15:29:21] [error] Failed to load include file: submission-storage-helpers.php
[2025-10-03 15:29:32] [error] Failed to load include file: submission-storage-helpers.php
[2025-10-03 15:29:50] [error] Failed to load include file: submission-storage-helpers.php
[2025-10-03 15:29:50] [error] Failed to load include file: submission-storage-helpers.php
[2025-10-03 15:29:56] [error] Failed to load include file: submission-storage-helpers.php
[2025-10-03 15:31:47] [error] Failed to load include file: submission-storage-helpers.php
[2025-10-03 15:31:52] [error] Failed to load include file: submission-storage-helpers.php
[2025-10-03 15:32:03] [error] Failed to load include file: submission-storage-helpers.php
[2025-10-03 15:41:19] [error] Failed to load include file: submission-storage-helpers.php
[2025-10-03 16:59:41] [error] Failed to load include file: submission-storage-helpers.php
[2025-10-03 16:59:45] [error] Failed to load include file: submission-storage-helpers.php
[2025-10-03 16:59:48] [error] Failed to load include file: submission-storage-helpers.php
[2025-10-03 16:59:50] [error] Failed to load include file: submission-storage-helpers.php
[2025-10-03 16:59:50] [error] Failed to load include file: submission-storage-helpers.php
[2025-10-03 16:59:58] [error] Failed to load include file: submission-storage-helpers.php
[2025-10-03 17:00:00] [error] Failed to load include file: submission-storage-helpers.php
[2025-10-03 17:00:03] [error] Failed to load include file: submission-storage-helpers.php
[2025-10-03 17:01:54] [error] Failed to load include file: submission-storage-helpers.php
[2025-10-03 17:01:58] [error] Failed to load include file: submission-storage-helpers.php
[2025-10-03 17:02:23] [error] Failed to load include file: submission-storage-helpers.php
[2025-10-03 17:02:25] [error] Failed to load include file: submission-storage-helpers.php
[2025-10-03 17:02:54] [error] Failed to load include file: submission-storage-helpers.php
[2025-10-03 17:03:08] [error] Failed to load include file: submission-storage-helpers.php
[2025-10-03 17:42:51] [error] Failed to load include file: submission-storage-helpers.php
[2025-10-03 17:43:00] [error] Failed to load include file: submission-storage-helpers.php
[2025-10-03 18:42:10] [error] Failed to load include file: submission-storage-helpers.php
[2025-10-03 18:42:12] [error] Failed to load include file: submission-storage-helpers.php
[2025-10-03 18:42:14] [error] Failed to load include file: submission-storage-helpers.php
[2025-10-03 18:42:26] [error] Failed to load include file: submission-storage-helpers.php
[2025-10-03 18:42:32] [error] Failed to load include file: submission-storage-helpers.php
[2025-10-03 18:42:34] [error] Failed to load include file: submission-storage-helpers.php
[2025-10-03 18:42:38] [error] Failed to load include file: submission-storage-helpers.php
[2025-10-03 18:44:10] [error] Failed to load include file: submission-storage-helpers.php
[2025-10-03 18:44:12] [error] Failed to load include file: submission-storage-helpers.php
[2025-10-03 18:44:13] [error] Failed to load include file: submission-storage-helpers.php
[2025-10-03 18:44:14] [error] Failed to load include file: submission-storage-helpers.php
[2025-10-03 18:44:20] [error] Failed to load include file: submission-storage-helpers.php
[2025-10-03 18:44:26] [error] Failed to load include file: submission-storage-helpers.php
[2025-10-03 18:44:29] [error] Failed to load include file: submission-storage-helpers.php
[2025-10-03 18:44:57] [error] Failed to load include file: submission-storage-helpers.php
[2025-10-03 18:44:58] [error] Failed to load include file: submission-storage-helpers.php
[2025-10-03 18:44:59] [error] Failed to load include file: submission-storage-helpers.php
[2025-10-03 18:45:22] [error] Failed to load include file: submission-storage-helpers.php
[2025-10-03 18:45:23] [error] Failed to load include file: submission-storage-helpers.php
[2025-10-03 18:45:25] [error] Failed to load include file: submission-storage-helpers.php
[2025-10-03 18:45:29] [error] Failed to load include file: submission-storage-helpers.php
[2025-10-03 18:45:31] [error] Failed to load include file: submission-storage-helpers.php
[2025-10-03 18:46:10] [error] Failed to load include file: submission-storage-helpers.php
[2025-10-03 18:46:11] [error] Failed to load include file: submission-storage-helpers.php
[2025-10-03 18:46:44] [error] Failed to load include file: submission-storage-helpers.php
[2025-10-03 18:46:48] [error] Failed to load include file: submission-storage-helpers.php
[2025-10-03 18:46:56] [error] Failed to load include file: submission-storage-helpers.php
[2025-10-03 18:47:03] [error] Failed to load include file: submission-storage-helpers.php
[2025-10-03 18:48:18] [error] Failed to load include file: submission-storage-helpers.php
[2025-10-03 18:48:20] [error] Failed to load include file: submission-storage-helpers.php
[2025-10-03 20:38:10] [error] Failed to load include file: submission-storage-helpers.php
[2025-10-03 20:38:22] [error] Failed to load include file: submission-storage-helpers.php
[2025-10-03 20:38:39] [error] Failed to load include file: submission-storage-helpers.php
[2025-10-03 20:38:40] [error] Failed to load include file: submission-storage-helpers.php
[2025-10-03 20:40:38] [error] Failed to load include file: submission-storage-helpers.php
[2025-10-03 20:58:25] [error] Failed to load include file: submission-storage-helpers.php
[2025-10-03 21:01:59] [error] Failed to load include file: submission-storage-helpers.php
[2025-10-03 21:02:00] [error] Failed to load include file: submission-storage-helpers.php
[2025-10-03 21:03:16] [error] Failed to load include file: submission-storage-helpers.php
[2025-10-03 21:03:25] [error] Failed to load include file: submission-storage-helpers.php
[2025-10-03 21:03:33] [error] Failed to load include file: submission-storage-helpers.php
[2025-10-03 21:04:38] [error] Failed to load include file: submission-storage-helpers.php
[2025-10-03 21:05:09] [error] Failed to load include file: submission-storage-helpers.php
[2025-10-03 21:05:25] [error] Failed to load include file: submission-storage-helpers.php
[2025-10-03 21:05:44] [error] Failed to load include file: submission-storage-helpers.php
[2025-10-03 21:05:44] [error] Failed to load include file: submission-storage-helpers.php
[2025-10-03 21:07:00] [error] Failed to load include file: submission-storage-helpers.php
[2025-10-03 21:07:59] [error] Failed to load include file: submission-storage-helpers.php
[2025-10-03 21:11:50] [error] Failed to load include file: submission-storage-helpers.php
[2025-10-03 21:12:04] [error] Failed to load include file: submission-storage-helpers.php
[2025-10-03 21:12:10] [error] Failed to load include file: submission-storage-helpers.php
[2025-10-03 21:12:23] [error] Failed to load include file: submission-storage-helpers.php
[2025-10-03 21:13:30] [error] Failed to load include file: submission-storage-helpers.php
[2025-10-03 21:13:34] [error] Failed to load include file: submission-storage-helpers.php
[2025-10-03 21:15:09] [error] Failed to load include file: submission-storage-helpers.php
[2025-10-03 21:15:21] [error] Failed to load include file: submission-storage-helpers.php
[2025-10-03 21:16:59] [error] Failed to load include file: submission-storage-helpers.php
[2025-10-03 21:18:52] [error] Failed to load include file: submission-storage-helpers.php
[2025-10-03 21:20:25] [error] Failed to load include file: submission-storage-helpers.php
[2025-10-03 21:21:04] [error] Failed to load include file: submission-storage-helpers.php
[2025-10-03 21:21:56] [error] Failed to load include file: submission-storage-helpers.php
[2025-10-03 21:23:29] [error] Failed to load include file: submission-storage-helpers.php
[2025-10-03 21:24:51] [error] Failed to load include file: submission-storage-helpers.php
[2025-10-03 21:43:38] [error] Failed to load include file: submission-storage-helpers.php
[2025-10-03 21:43:53] [error] Failed to load include file: submission-storage-helpers.php
[2025-10-03 21:47:04] [error] Failed to load include file: submission-storage-helpers.php
[2025-10-03 21:47:27] [error] Failed to load include file: submission-storage-helpers.php
