[2025-09-09 01:30:45] [info] Ninja Forms submission data: Array
(
    [id] => 2
    [fields] => Array
        (
            [2] => Array
                (
                    [value] => 
                    [id] => 2
                    [key] => register
                )

            [56] => Array
                (
                    [value] => Final Webinar - Levon - August 2025
                    [id] => 56
                    [key] => webinar_title
                )

            [58] => Array
                (
                    [value] => 1
                    [id] => 58
                    [key] => cf_mailing_list_member_sponsor_1_optin
                )

            [68] => Array
                (
                    [value] => 161189
                    [id] => 68
                    [key] => post_id
                )

            [385] => Array
                (
                    [value] => 
                    [id] => 385
                    [key] => add_questions
                )

            [387] => Array
                (
                    [value] => 
                    [id] => 387
                    [key] => question_for_speaker
                )

        )

    [settings] => Array
        (
            [objectType] => Form Setting
            [editActive] => 1
            [title] => Webinar Registration Form
            [show_title] => 0
            [allow_public_link] => 0
            [embed_form] => 
            [clear_complete] => 1
            [hide_complete] => 1
            [default_label_pos] => above
            [wrapper_class] => 
            [element_class] => 
            [form_title_heading_level] => 3
            [key] => 
            [add_submit] => 1
            [changeEmailErrorMsg] => Please enter a valid email address!
            [changeDateErrorMsg] => Please enter a valid date!
            [confirmFieldErrorMsg] => These fields must match!
            [fieldNumberNumMinError] => Number Min Error
            [fieldNumberNumMaxError] => Number Max Error
            [fieldNumberIncrementBy] => Please increment by 
            [formErrorsCorrectErrors] => Please correct errors before submitting this form.
            [validateRequiredField] => This is a required field.
            [honeypotHoneypotError] => Honeypot Error
            [fieldsMarkedRequired] => Fields marked with an <span class="ninja-forms-req-symbol">*</span> are required
            [currency] => 
            [unique_field_error] => A form with this value has already been submitted.
            [logged_in] => 
            [not_logged_in_msg] => 
            [sub_limit_msg] => The form has reached its submission limit.
            [calculations] => Array
                (
                )

            [drawerDisabled] => 
            [conditions] => Array
                (
                    [0] => Array
                        (
                            [collapsed] => 
                            [process] => 1
                            [connector] => all
                            [when] => Array
                                (
                                    [0] => Array
                                        (
                                            [connector] => AND
                                            [key] => speaker_question
                                            [comparator] => 
                                            [value] => 
                                            [type] => field
                                            [modelType] => when
                                        )

                                )

                            [then] => Array
                                (
                                    [0] => Array
                                        (
                                            [key] => speaker_question
                                            [trigger] => 
                                            [value] => 
                                            [type] => field
                                            [modelType] => then
                                        )

                                )

                            [else] => Array
                                (
                                    [0] => Array
                                        (
                                            [key] => 6
                                            [trigger] => deactivate_action
                                            [type] => action
                                            [modelType] => else
                                        )

                                )

                        )

                    [1] => Array
                        (
                            [collapsed] => 
                            [process] => 1
                            [connector] => all
                            [when] => Array
                                (
                                    [0] => Array
                                        (
                                            [connector] => AND
                                            [key] => speaker_question
                                            [comparator] => 
                                            [value] => 
                                            [type] => field
                                            [modelType] => when
                                        )

                                )

                            [then] => Array
                                (
                                    [0] => Array
                                        (
                                            [key] => speaker_question
                                            [trigger] => 
                                            [value] => 
                                            [type] => field
                                            [modelType] => then
                                        )

                                )

                            [else] => Array
                                (
                                    [0] => Array
                                        (
                                            [key] => 4
                                            [trigger] => deactivate_action
                                            [type] => action
                                            [modelType] => else
                                        )

                                )

                        )

                    [2] => Array
                        (
                            [collapsed] => 
                            [process] => 1
                            [connector] => all
                            [when] => Array
                                (
                                    [0] => Array
                                        (
                                            [connector] => AND
                                            [key] => speaker_question
                                            [comparator] => 
                                            [value] => 
                                            [type] => field
                                            [modelType] => when
                                        )

                                )

                            [then] => Array
                                (
                                    [0] => Array
                                        (
                                            [key] => speaker_question
                                            [trigger] => 
                                            [value] => 
                                            [type] => field
                                            [modelType] => then
                                        )

                                )

                            [else] => Array
                                (
                                    [0] => Array
                                        (
                                            [key] => 5
                                            [trigger] => deactivate_action
                                            [type] => action
                                            [modelType] => else
                                        )

                                )

                        )

                )

            [objectDomain] => display
            [save_progress_allow_multiple] => 
            [save_progress_table_legend] => Load saved progress
            [save_progress_table_columns] => Array
                (
                    [0] => Array
                        (
                            [errors] => Array
                                (
                                )

                            [max_options] => 0
                            [label] => Column Title
                            [field] => {field}
                            [order] => 0
                            [settingModel] => Array
                                (
                                    [settings] => 
                                    [hide_merge_tags] => 
                                    [error] => 
                                    [name] => save_progress_table_columns
                                    [type] => option-repeater
                                    [label] => Save Table Columns <a href="#" class="nf-add-new">Add New</a>
                                    [width] => full
                                    [group] => primary
                                    [columns] => Array
                                        (
                                            [field] => Array
                                                (
                                                    [header] => Field Key
                                                    [default] => 
                                                )

                                        )

                                    [value] => Array
                                        (
                                            [0] => Array
                                                (
                                                    [label] => Column Title
                                                    [field] => {field}
                                                    [order] => 0
                                                )

                                        )

                                    [tmpl_row] => tmpl-nf-save-progress-table-columns-repeater-row
                                )

                        )

                )

            [container_styles_show_advanced_css] => 0
            [title_styles_show_advanced_css] => 0
            [row_styles_show_advanced_css] => 0
            [row-odd_styles_show_advanced_css] => 0
            [success-msg_styles_show_advanced_css] => 0
            [error_msg_styles_show_advanced_css] => 0
            [mp_breadcrumb] => 1
            [mp_progress_bar] => 1
            [mp_display_titles] => 0
            [breadcrumb_container_styles_show_advanced_css] => 0
            [breadcrumb_buttons_styles_show_advanced_css] => 0
            [breadcrumb_button_hover_styles_show_advanced_css] => 0
            [breadcrumb_active_button_styles_show_advanced_css] => 0
            [progress_bar_container_styles_show_advanced_css] => 0
            [progress_bar_fill_styles_show_advanced_css] => 0
            [part_titles_styles_show_advanced_css] => 0
            [navigation_container_styles_show_advanced_css] => 0
            [previous_button_styles_show_advanced_css] => 0
            [next_button_styles_show_advanced_css] => 0
            [navigation_hover_styles_show_advanced_css] => 0
            [ninjaForms] => Ninja Forms
            [fieldTextareaRTEInsertLink] => Insert Link
            [fieldTextareaRTEInsertMedia] => Insert Media
            [fieldTextareaRTESelectAFile] => Select a file
            [formHoneypot] => If you are a human seeing this field, please leave it empty.
            [fileUploadOldCodeFileUploadInProgress] => File Upload in Progress.
            [fileUploadOldCodeFileUpload] => FILE UPLOAD
            [currencySymbol] => &#36;
            [thousands_sep] => ,
            [decimal_point] => .
            [siteLocale] => en_GB
            [dateFormat] => m/d/Y
            [startOfWeek] => 1
            [of] => of
            [previousMonth] => Previous Month
            [nextMonth] => Next Month
            [months] => Array
                (
                    [0] => January
                    [1] => February
                    [2] => March
                    [3] => April
                    [4] => May
                    [5] => June
                    [6] => July
                    [7] => August
                    [8] => September
                    [9] => October
                    [10] => November
                    [11] => December
                )

            [monthsShort] => Array
                (
                    [0] => Jan
                    [1] => Feb
                    [2] => Mar
                    [3] => Apr
                    [4] => May
                    [5] => Jun
                    [6] => Jul
                    [7] => Aug
                    [8] => Sep
                    [9] => Oct
                    [10] => Nov
                    [11] => Dec
                )

            [weekdays] => Array
                (
                    [0] => Sunday
                    [1] => Monday
                    [2] => Tuesday
                    [3] => Wednesday
                    [4] => Thursday
                    [5] => Friday
                    [6] => Saturday
                )

            [weekdaysShort] => Array
                (
                    [0] => Sun
                    [1] => Mon
                    [2] => Tue
                    [3] => Wed
                    [4] => Thu
                    [5] => Fri
                    [6] => Sat
                )

            [weekdaysMin] => Array
                (
                    [0] => Su
                    [1] => Mo
                    [2] => Tu
                    [3] => We
                    [4] => Th
                    [5] => Fr
                    [6] => Sa
                )

            [recaptchaConsentMissing] => reCaptcha validation couldn&#039;t load.
            [recaptchaMissingCookie] => reCaptcha v3 validation couldn&#039;t load the cookie needed to submit the form.
            [recaptchaConsentEvent] => Accept reCaptcha cookies before sending the form.
            [save_progress_actions] => Array
                (
                    [4] => Array
                        (
                            [active] => 
                        )

                    [5] => Array
                        (
                            [active] => 
                        )

                    [6] => Array
                        (
                            [active] => 
                        )

                    [16] => Array
                        (
                            [active] => 
                        )

                    [45] => Array
                        (
                            [active] => 
                        )

                    [140] => Array
                        (
                            [active] => 
                        )

                )

            [currency_symbol] => 
            [beforeForm] => <fieldset class="nf-saves-cont">

    <legend>Load saved progress</legend>

    <div class="form-save-loading">
        <!-- Loading message container. Will be removed during rendering. -->
    </div>

    <table></table>

</fieldset>

            [beforeFields] => 
            [afterFields] => 
            [afterForm] => 
        )

    [extra] => Array
        (
        )

)

[2025-09-09 01:40:43] [info] Ninja Forms submission data: Array
(
    [id] => 2
    [fields] => Array
        (
            [2] => Array
                (
                    [value] => 
                    [id] => 2
                    [key] => register
                )

            [56] => Array
                (
                    [value] => Final Webinar - Levon - August 2025
                    [id] => 56
                    [key] => webinar_title
                )

            [58] => Array
                (
                    [value] => 1
                    [id] => 58
                    [key] => cf_mailing_list_member_sponsor_1_optin
                )

            [68] => Array
                (
                    [value] => 161189
                    [id] => 68
                    [key] => post_id
                )

            [385] => Array
                (
                    [value] => 
                    [id] => 385
                    [key] => add_questions
                )

            [387] => Array
                (
                    [value] => 
                    [id] => 387
                    [key] => question_for_speaker
                )

        )

    [settings] => Array
        (
            [objectType] => Form Setting
            [editActive] => 1
            [title] => Webinar Registration Form
            [show_title] => 0
            [allow_public_link] => 0
            [embed_form] => 
            [clear_complete] => 1
            [hide_complete] => 1
            [default_label_pos] => above
            [wrapper_class] => 
            [element_class] => 
            [form_title_heading_level] => 3
            [key] => 
            [add_submit] => 1
            [changeEmailErrorMsg] => Please enter a valid email address!
            [changeDateErrorMsg] => Please enter a valid date!
            [confirmFieldErrorMsg] => These fields must match!
            [fieldNumberNumMinError] => Number Min Error
            [fieldNumberNumMaxError] => Number Max Error
            [fieldNumberIncrementBy] => Please increment by 
            [formErrorsCorrectErrors] => Please correct errors before submitting this form.
            [validateRequiredField] => This is a required field.
            [honeypotHoneypotError] => Honeypot Error
            [fieldsMarkedRequired] => Fields marked with an <span class="ninja-forms-req-symbol">*</span> are required
            [currency] => 
            [unique_field_error] => A form with this value has already been submitted.
            [logged_in] => 
            [not_logged_in_msg] => 
            [sub_limit_msg] => The form has reached its submission limit.
            [calculations] => Array
                (
                )

            [drawerDisabled] => 
            [conditions] => Array
                (
                    [0] => Array
                        (
                            [collapsed] => 
                            [process] => 1
                            [connector] => all
                            [when] => Array
                                (
                                    [0] => Array
                                        (
                                            [connector] => AND
                                            [key] => speaker_question
                                            [comparator] => 
                                            [value] => 
                                            [type] => field
                                            [modelType] => when
                                        )

                                )

                            [then] => Array
                                (
                                    [0] => Array
                                        (
                                            [key] => speaker_question
                                            [trigger] => 
                                            [value] => 
                                            [type] => field
                                            [modelType] => then
                                        )

                                )

                            [else] => Array
                                (
                                    [0] => Array
                                        (
                                            [key] => 6
                                            [trigger] => deactivate_action
                                            [type] => action
                                            [modelType] => else
                                        )

                                )

                        )

                    [1] => Array
                        (
                            [collapsed] => 
                            [process] => 1
                            [connector] => all
                            [when] => Array
                                (
                                    [0] => Array
                                        (
                                            [connector] => AND
                                            [key] => speaker_question
                                            [comparator] => 
                                            [value] => 
                                            [type] => field
                                            [modelType] => when
                                        )

                                )

                            [then] => Array
                                (
                                    [0] => Array
                                        (
                                            [key] => speaker_question
                                            [trigger] => 
                                            [value] => 
                                            [type] => field
                                            [modelType] => then
                                        )

                                )

                            [else] => Array
                                (
                                    [0] => Array
                                        (
                                            [key] => 4
                                            [trigger] => deactivate_action
                                            [type] => action
                                            [modelType] => else
                                        )

                                )

                        )

                    [2] => Array
                        (
                            [collapsed] => 
                            [process] => 1
                            [connector] => all
                            [when] => Array
                                (
                                    [0] => Array
                                        (
                                            [connector] => AND
                                            [key] => speaker_question
                                            [comparator] => 
                                            [value] => 
                                            [type] => field
                                            [modelType] => when
                                        )

                                )

                            [then] => Array
                                (
                                    [0] => Array
                                        (
                                            [key] => speaker_question
                                            [trigger] => 
                                            [value] => 
                                            [type] => field
                                            [modelType] => then
                                        )

                                )

                            [else] => Array
                                (
                                    [0] => Array
                                        (
                                            [key] => 5
                                            [trigger] => deactivate_action
                                            [type] => action
                                            [modelType] => else
                                        )

                                )

                        )

                )

            [objectDomain] => display
            [save_progress_allow_multiple] => 
            [save_progress_table_legend] => Load saved progress
            [save_progress_table_columns] => Array
                (
                    [0] => Array
                        (
                            [errors] => Array
                                (
                                )

                            [max_options] => 0
                            [label] => Column Title
                            [field] => {field}
                            [order] => 0
                            [settingModel] => Array
                                (
                                    [settings] => 
                                    [hide_merge_tags] => 
                                    [error] => 
                                    [name] => save_progress_table_columns
                                    [type] => option-repeater
                                    [label] => Save Table Columns <a href="#" class="nf-add-new">Add New</a>
                                    [width] => full
                                    [group] => primary
                                    [columns] => Array
                                        (
                                            [field] => Array
                                                (
                                                    [header] => Field Key
                                                    [default] => 
                                                )

                                        )

                                    [value] => Array
                                        (
                                            [0] => Array
                                                (
                                                    [label] => Column Title
                                                    [field] => {field}
                                                    [order] => 0
                                                )

                                        )

                                    [tmpl_row] => tmpl-nf-save-progress-table-columns-repeater-row
                                )

                        )

                )

            [container_styles_show_advanced_css] => 0
            [title_styles_show_advanced_css] => 0
            [row_styles_show_advanced_css] => 0
            [row-odd_styles_show_advanced_css] => 0
            [success-msg_styles_show_advanced_css] => 0
            [error_msg_styles_show_advanced_css] => 0
            [mp_breadcrumb] => 1
            [mp_progress_bar] => 1
            [mp_display_titles] => 0
            [breadcrumb_container_styles_show_advanced_css] => 0
            [breadcrumb_buttons_styles_show_advanced_css] => 0
            [breadcrumb_button_hover_styles_show_advanced_css] => 0
            [breadcrumb_active_button_styles_show_advanced_css] => 0
            [progress_bar_container_styles_show_advanced_css] => 0
            [progress_bar_fill_styles_show_advanced_css] => 0
            [part_titles_styles_show_advanced_css] => 0
            [navigation_container_styles_show_advanced_css] => 0
            [previous_button_styles_show_advanced_css] => 0
            [next_button_styles_show_advanced_css] => 0
            [navigation_hover_styles_show_advanced_css] => 0
            [ninjaForms] => Ninja Forms
            [fieldTextareaRTEInsertLink] => Insert Link
            [fieldTextareaRTEInsertMedia] => Insert Media
            [fieldTextareaRTESelectAFile] => Select a file
            [formHoneypot] => If you are a human seeing this field, please leave it empty.
            [fileUploadOldCodeFileUploadInProgress] => File Upload in Progress.
            [fileUploadOldCodeFileUpload] => FILE UPLOAD
            [currencySymbol] => &#36;
            [thousands_sep] => ,
            [decimal_point] => .
            [siteLocale] => en_GB
            [dateFormat] => m/d/Y
            [startOfWeek] => 1
            [of] => of
            [previousMonth] => Previous Month
            [nextMonth] => Next Month
            [months] => Array
                (
                    [0] => January
                    [1] => February
                    [2] => March
                    [3] => April
                    [4] => May
                    [5] => June
                    [6] => July
                    [7] => August
                    [8] => September
                    [9] => October
                    [10] => November
                    [11] => December
                )

            [monthsShort] => Array
                (
                    [0] => Jan
                    [1] => Feb
                    [2] => Mar
                    [3] => Apr
                    [4] => May
                    [5] => Jun
                    [6] => Jul
                    [7] => Aug
                    [8] => Sep
                    [9] => Oct
                    [10] => Nov
                    [11] => Dec
                )

            [weekdays] => Array
                (
                    [0] => Sunday
                    [1] => Monday
                    [2] => Tuesday
                    [3] => Wednesday
                    [4] => Thursday
                    [5] => Friday
                    [6] => Saturday
                )

            [weekdaysShort] => Array
                (
                    [0] => Sun
                    [1] => Mon
                    [2] => Tue
                    [3] => Wed
                    [4] => Thu
                    [5] => Fri
                    [6] => Sat
                )

            [weekdaysMin] => Array
                (
                    [0] => Su
                    [1] => Mo
                    [2] => Tu
                    [3] => We
                    [4] => Th
                    [5] => Fr
                    [6] => Sa
                )

            [recaptchaConsentMissing] => reCaptcha validation couldn&#039;t load.
            [recaptchaMissingCookie] => reCaptcha v3 validation couldn&#039;t load the cookie needed to submit the form.
            [recaptchaConsentEvent] => Accept reCaptcha cookies before sending the form.
            [save_progress_actions] => Array
                (
                    [4] => Array
                        (
                            [active] => 
                        )

                    [5] => Array
                        (
                            [active] => 
                        )

                    [6] => Array
                        (
                            [active] => 
                        )

                    [16] => Array
                        (
                            [active] => 
                        )

                    [45] => Array
                        (
                            [active] => 
                        )

                    [140] => Array
                        (
                            [active] => 
                        )

                )

            [currency_symbol] => 
            [beforeForm] => <fieldset class="nf-saves-cont">

    <legend>Load saved progress</legend>

    <div class="form-save-loading">
        <!-- Loading message container. Will be removed during rendering. -->
    </div>

    <table></table>

</fieldset>

            [beforeFields] => 
            [afterFields] => 
            [afterForm] => 
        )

    [extra] => Array
        (
        )

)

[2025-09-09 01:57:59] [info] Ninja Forms submission data: Array
(
    [id] => 2
    [fields] => Array
        (
            [2] => Array
                (
                    [value] => 
                    [id] => 2
                    [key] => register
                )

            [56] => Array
                (
                    [value] => Final Webinar - Levon - August 2025
                    [id] => 56
                    [key] => webinar_title
                )

            [58] => Array
                (
                    [value] => 1
                    [id] => 58
                    [key] => cf_mailing_list_member_sponsor_1_optin
                )

            [68] => Array
                (
                    [value] => 161189
                    [id] => 68
                    [key] => post_id
                )

            [385] => Array
                (
                    [value] => 
                    [id] => 385
                    [key] => add_questions
                )

            [387] => Array
                (
                    [value] => 
                    [id] => 387
                    [key] => question_for_speaker
                )

        )

    [settings] => Array
        (
            [objectType] => Form Setting
            [editActive] => 1
            [title] => Webinar Registration Form
            [show_title] => 0
            [allow_public_link] => 0
            [embed_form] => 
            [clear_complete] => 1
            [hide_complete] => 1
            [default_label_pos] => above
            [wrapper_class] => 
            [element_class] => 
            [form_title_heading_level] => 3
            [key] => 
            [add_submit] => 1
            [changeEmailErrorMsg] => Please enter a valid email address!
            [changeDateErrorMsg] => Please enter a valid date!
            [confirmFieldErrorMsg] => These fields must match!
            [fieldNumberNumMinError] => Number Min Error
            [fieldNumberNumMaxError] => Number Max Error
            [fieldNumberIncrementBy] => Please increment by 
            [formErrorsCorrectErrors] => Please correct errors before submitting this form.
            [validateRequiredField] => This is a required field.
            [honeypotHoneypotError] => Honeypot Error
            [fieldsMarkedRequired] => Fields marked with an <span class="ninja-forms-req-symbol">*</span> are required
            [currency] => 
            [unique_field_error] => A form with this value has already been submitted.
            [logged_in] => 
            [not_logged_in_msg] => 
            [sub_limit_msg] => The form has reached its submission limit.
            [calculations] => Array
                (
                )

            [drawerDisabled] => 
            [conditions] => Array
                (
                    [0] => Array
                        (
                            [collapsed] => 
                            [process] => 1
                            [connector] => all
                            [when] => Array
                                (
                                    [0] => Array
                                        (
                                            [connector] => AND
                                            [key] => speaker_question
                                            [comparator] => 
                                            [value] => 
                                            [type] => field
                                            [modelType] => when
                                        )

                                )

                            [then] => Array
                                (
                                    [0] => Array
                                        (
                                            [key] => speaker_question
                                            [trigger] => 
                                            [value] => 
                                            [type] => field
                                            [modelType] => then
                                        )

                                )

                            [else] => Array
                                (
                                    [0] => Array
                                        (
                                            [key] => 6
                                            [trigger] => deactivate_action
                                            [type] => action
                                            [modelType] => else
                                        )

                                )

                        )

                    [1] => Array
                        (
                            [collapsed] => 
                            [process] => 1
                            [connector] => all
                            [when] => Array
                                (
                                    [0] => Array
                                        (
                                            [connector] => AND
                                            [key] => speaker_question
                                            [comparator] => 
                                            [value] => 
                                            [type] => field
                                            [modelType] => when
                                        )

                                )

                            [then] => Array
                                (
                                    [0] => Array
                                        (
                                            [key] => speaker_question
                                            [trigger] => 
                                            [value] => 
                                            [type] => field
                                            [modelType] => then
                                        )

                                )

                            [else] => Array
                                (
                                    [0] => Array
                                        (
                                            [key] => 4
                                            [trigger] => deactivate_action
                                            [type] => action
                                            [modelType] => else
                                        )

                                )

                        )

                    [2] => Array
                        (
                            [collapsed] => 
                            [process] => 1
                            [connector] => all
                            [when] => Array
                                (
                                    [0] => Array
                                        (
                                            [connector] => AND
                                            [key] => speaker_question
                                            [comparator] => 
                                            [value] => 
                                            [type] => field
                                            [modelType] => when
                                        )

                                )

                            [then] => Array
                                (
                                    [0] => Array
                                        (
                                            [key] => speaker_question
                                            [trigger] => 
                                            [value] => 
                                            [type] => field
                                            [modelType] => then
                                        )

                                )

                            [else] => Array
                                (
                                    [0] => Array
                                        (
                                            [key] => 5
                                            [trigger] => deactivate_action
                                            [type] => action
                                            [modelType] => else
                                        )

                                )

                        )

                )

            [objectDomain] => display
            [save_progress_allow_multiple] => 
            [save_progress_table_legend] => Load saved progress
            [save_progress_table_columns] => Array
                (
                    [0] => Array
                        (
                            [errors] => Array
                                (
                                )

                            [max_options] => 0
                            [label] => Column Title
                            [field] => {field}
                            [order] => 0
                            [settingModel] => Array
                                (
                                    [settings] => 
                                    [hide_merge_tags] => 
                                    [error] => 
                                    [name] => save_progress_table_columns
                                    [type] => option-repeater
                                    [label] => Save Table Columns <a href="#" class="nf-add-new">Add New</a>
                                    [width] => full
                                    [group] => primary
                                    [columns] => Array
                                        (
                                            [field] => Array
                                                (
                                                    [header] => Field Key
                                                    [default] => 
                                                )

                                        )

                                    [value] => Array
                                        (
                                            [0] => Array
                                                (
                                                    [label] => Column Title
                                                    [field] => {field}
                                                    [order] => 0
                                                )

                                        )

                                    [tmpl_row] => tmpl-nf-save-progress-table-columns-repeater-row
                                )

                        )

                )

            [container_styles_show_advanced_css] => 0
            [title_styles_show_advanced_css] => 0
            [row_styles_show_advanced_css] => 0
            [row-odd_styles_show_advanced_css] => 0
            [success-msg_styles_show_advanced_css] => 0
            [error_msg_styles_show_advanced_css] => 0
            [mp_breadcrumb] => 1
            [mp_progress_bar] => 1
            [mp_display_titles] => 0
            [breadcrumb_container_styles_show_advanced_css] => 0
            [breadcrumb_buttons_styles_show_advanced_css] => 0
            [breadcrumb_button_hover_styles_show_advanced_css] => 0
            [breadcrumb_active_button_styles_show_advanced_css] => 0
            [progress_bar_container_styles_show_advanced_css] => 0
            [progress_bar_fill_styles_show_advanced_css] => 0
            [part_titles_styles_show_advanced_css] => 0
            [navigation_container_styles_show_advanced_css] => 0
            [previous_button_styles_show_advanced_css] => 0
            [next_button_styles_show_advanced_css] => 0
            [navigation_hover_styles_show_advanced_css] => 0
            [ninjaForms] => Ninja Forms
            [fieldTextareaRTEInsertLink] => Insert Link
            [fieldTextareaRTEInsertMedia] => Insert Media
            [fieldTextareaRTESelectAFile] => Select a file
            [formHoneypot] => If you are a human seeing this field, please leave it empty.
            [fileUploadOldCodeFileUploadInProgress] => File Upload in Progress.
            [fileUploadOldCodeFileUpload] => FILE UPLOAD
            [currencySymbol] => &#36;
            [thousands_sep] => ,
            [decimal_point] => .
            [siteLocale] => en_GB
            [dateFormat] => m/d/Y
            [startOfWeek] => 1
            [of] => of
            [previousMonth] => Previous Month
            [nextMonth] => Next Month
            [months] => Array
                (
                    [0] => January
                    [1] => February
                    [2] => March
                    [3] => April
                    [4] => May
                    [5] => June
                    [6] => July
                    [7] => August
                    [8] => September
                    [9] => October
                    [10] => November
                    [11] => December
                )

            [monthsShort] => Array
                (
                    [0] => Jan
                    [1] => Feb
                    [2] => Mar
                    [3] => Apr
                    [4] => May
                    [5] => Jun
                    [6] => Jul
                    [7] => Aug
                    [8] => Sep
                    [9] => Oct
                    [10] => Nov
                    [11] => Dec
                )

            [weekdays] => Array
                (
                    [0] => Sunday
                    [1] => Monday
                    [2] => Tuesday
                    [3] => Wednesday
                    [4] => Thursday
                    [5] => Friday
                    [6] => Saturday
                )

            [weekdaysShort] => Array
                (
                    [0] => Sun
                    [1] => Mon
                    [2] => Tue
                    [3] => Wed
                    [4] => Thu
                    [5] => Fri
                    [6] => Sat
                )

            [weekdaysMin] => Array
                (
                    [0] => Su
                    [1] => Mo
                    [2] => Tu
                    [3] => We
                    [4] => Th
                    [5] => Fr
                    [6] => Sa
                )

            [recaptchaConsentMissing] => reCaptcha validation couldn&#039;t load.
            [recaptchaMissingCookie] => reCaptcha v3 validation couldn&#039;t load the cookie needed to submit the form.
            [recaptchaConsentEvent] => Accept reCaptcha cookies before sending the form.
            [save_progress_actions] => Array
                (
                    [4] => Array
                        (
                            [active] => 
                        )

                    [5] => Array
                        (
                            [active] => 
                        )

                    [6] => Array
                        (
                            [active] => 
                        )

                    [16] => Array
                        (
                            [active] => 
                        )

                    [45] => Array
                        (
                            [active] => 
                        )

                    [140] => Array
                        (
                            [active] => 
                        )

                )

            [currency_symbol] => 
            [beforeForm] => <fieldset class="nf-saves-cont">

    <legend>Load saved progress</legend>

    <div class="form-save-loading">
        <!-- Loading message container. Will be removed during rendering. -->
    </div>

    <table></table>

</fieldset>

            [beforeFields] => 
            [afterFields] => 
            [afterForm] => 
        )

    [extra] => Array
        (
        )

)

[2025-09-09 06:03:58] [info] Ninja Forms submission data: Array
(
    [id] => 3
    [fields] => Array
        (
            [4] => Array
                (
                    [value] => levongravett
                    [id] => 4
                    [key] => username_1488856177040
                )

            [5] => Array
                (
                    [value] => Smkrulz1@22
                    [id] => 5
                    [key] => password_1487972201036
                )

            [6] => Array
                (
                    [value] => 
                    [id] => 6
                    [key] => login_1725014359987
                )

            [7] => Array
                (
                    [value] => <a href="https://dtr-final-api-push.local/wp-login.php?action=lostpassword">Forgot your password?</a>
                    [id] => 7
                    [key] => lost_password_1729696942936
                )

            [26] => Array
                (
                    [value] => https://dtr-final-api-push.local/login/
                    [id] => 26
                    [key] => page_url_1732105345145
                )

        )

    [settings] => Array
        (
            [objectType] => Form Setting
            [editActive] => 1
            [title] => Login Form
            [created_at] => 2024-08-29 08:16:19
            [form_title] => Login Form
            [default_label_pos] => above
            [show_title] => 0
            [clear_complete] => 1
            [hide_complete] => 1
            [logged_in] => 0
            [wrapper_class] => 
            [element_class] => 
            [key] => 
            [add_submit] => 0
            [currency] => 
            [not_logged_in_msg] => 
            [sub_limit_number] => 
            [sub_limit_msg] => 
            [calculations] => Array
                (
                )

            [container_styles_background-color] => 
            [container_styles_border] => 
            [container_styles_border-style] => 
            [container_styles_border-color] => 
            [container_styles_color] => 
            [container_styles_height] => 
            [container_styles_width] => 
            [container_styles_font-size] => 
            [container_styles_margin] => 
            [container_styles_padding] => 
            [container_styles_display] => 
            [container_styles_float] => 
            [container_styles_show_advanced_css] => 0
            [container_styles_advanced] => 
            [title_styles_background-color] => 
            [title_styles_border] => 
            [title_styles_border-style] => 
            [title_styles_border-color] => 
            [title_styles_color] => 
            [title_styles_height] => 
            [title_styles_width] => 
            [title_styles_font-size] => 
            [title_styles_margin] => 
            [title_styles_padding] => 
            [title_styles_display] => 
            [title_styles_float] => 
            [title_styles_show_advanced_css] => 0
            [title_styles_advanced] => 
            [row_styles_background-color] => 
            [row_styles_border] => 
            [row_styles_border-style] => 
            [row_styles_border-color] => 
            [row_styles_color] => 
            [row_styles_height] => 
            [row_styles_width] => 
            [row_styles_font-size] => 
            [row_styles_margin] => 
            [row_styles_padding] => 
            [row_styles_display] => 
            [row_styles_show_advanced_css] => 0
            [row_styles_advanced] => 
            [row-odd_styles_background-color] => 
            [row-odd_styles_border] => 
            [row-odd_styles_border-style] => 
            [row-odd_styles_border-color] => 
            [row-odd_styles_color] => 
            [row-odd_styles_height] => 
            [row-odd_styles_width] => 
            [row-odd_styles_font-size] => 
            [row-odd_styles_margin] => 
            [row-odd_styles_padding] => 
            [row-odd_styles_display] => 
            [row-odd_styles_show_advanced_css] => 0
            [row-odd_styles_advanced] => 
            [success-msg_styles_background-color] => 
            [success-msg_styles_border] => 
            [success-msg_styles_border-style] => 
            [success-msg_styles_border-color] => 
            [success-msg_styles_color] => 
            [success-msg_styles_height] => 
            [success-msg_styles_width] => 
            [success-msg_styles_font-size] => 
            [success-msg_styles_margin] => 
            [success-msg_styles_padding] => 
            [success-msg_styles_display] => 
            [success-msg_styles_show_advanced_css] => 0
            [success-msg_styles_advanced] => 
            [error_msg_styles_background-color] => 
            [error_msg_styles_border] => 
            [error_msg_styles_border-style] => 
            [error_msg_styles_border-color] => 
            [error_msg_styles_color] => 
            [error_msg_styles_height] => 
            [error_msg_styles_width] => 
            [error_msg_styles_font-size] => 
            [error_msg_styles_margin] => 
            [error_msg_styles_padding] => 
            [error_msg_styles_display] => 
            [error_msg_styles_show_advanced_css] => 0
            [error_msg_styles_advanced] => 
            [conditions] => Array
                (
                    [0] => Array
                        (
                            [collapsed] => 
                            [process] => 1
                            [connector] => all
                            [when] => Array
                                (
                                    [0] => Array
                                        (
                                            [connector] => AND
                                            [key] => page_url_1732105345145
                                            [comparator] => equal
                                            [value] => https://dtr-final-api-push.local/login/
                                            [type] => field
                                            [modelType] => when
                                        )

                                )

                            [then] => Array
                                (
                                    [0] => Array
                                        (
                                            [key] => 9
                                            [trigger] => activate_action
                                            [value] => 
                                            [type] => action
                                            [modelType] => then
                                        )

                                )

                            [else] => Array
                                (
                                    [0] => Array
                                        (
                                            [key] => 9
                                            [trigger] => deactivate_action
                                            [type] => action
                                            [modelType] => else
                                        )

                                )

                        )

                    [1] => Array
                        (
                            [collapsed] => 
                            [process] => 1
                            [connector] => all
                            [when] => Array
                                (
                                    [0] => Array
                                        (
                                            [connector] => AND
                                            [key] => page_url_1732105345145
                                            [comparator] => notequal
                                            [value] => https://dtr-final-api-push.local/login/
                                            [type] => field
                                            [modelType] => when
                                        )

                                )

                            [then] => Array
                                (
                                    [0] => Array
                                        (
                                            [key] => 15
                                            [trigger] => activate_action
                                            [value] => 
                                            [type] => action
                                            [modelType] => then
                                        )

                                )

                            [else] => Array
                                (
                                    [0] => Array
                                        (
                                            [key] => 15
                                            [trigger] => deactivate_action
                                            [type] => action
                                            [modelType] => else
                                        )

                                )

                        )

                )

            [mp_breadcrumb] => 1
            [mp_progress_bar] => 1
            [mp_display_titles] => 0
            [breadcrumb_container_styles_background-color] => 
            [breadcrumb_container_styles_border] => 
            [breadcrumb_container_styles_border-style] => 
            [breadcrumb_container_styles_border-color] => 
            [breadcrumb_container_styles_color] => 
            [breadcrumb_container_styles_height] => 
            [breadcrumb_container_styles_width] => 
            [breadcrumb_container_styles_font-size] => 
            [breadcrumb_container_styles_margin] => 
            [breadcrumb_container_styles_padding] => 
            [breadcrumb_container_styles_display] => 
            [breadcrumb_container_styles_float] => 
            [breadcrumb_container_styles_show_advanced_css] => 0
            [breadcrumb_container_styles_advanced] => 
            [breadcrumb_buttons_styles_background-color] => 
            [breadcrumb_buttons_styles_border] => 
            [breadcrumb_buttons_styles_border-style] => 
            [breadcrumb_buttons_styles_border-color] => 
            [breadcrumb_buttons_styles_color] => 
            [breadcrumb_buttons_styles_height] => 
            [breadcrumb_buttons_styles_width] => 
            [breadcrumb_buttons_styles_font-size] => 
            [breadcrumb_buttons_styles_margin] => 
            [breadcrumb_buttons_styles_padding] => 
            [breadcrumb_buttons_styles_display] => 
            [breadcrumb_buttons_styles_float] => 
            [breadcrumb_buttons_styles_show_advanced_css] => 0
            [breadcrumb_buttons_styles_advanced] => 
            [breadcrumb_button_hover_styles_background-color] => 
            [breadcrumb_button_hover_styles_border] => 
            [breadcrumb_button_hover_styles_border-style] => 
            [breadcrumb_button_hover_styles_border-color] => 
            [breadcrumb_button_hover_styles_color] => 
            [breadcrumb_button_hover_styles_height] => 
            [breadcrumb_button_hover_styles_width] => 
            [breadcrumb_button_hover_styles_font-size] => 
            [breadcrumb_button_hover_styles_margin] => 
            [breadcrumb_button_hover_styles_padding] => 
            [breadcrumb_button_hover_styles_display] => 
            [breadcrumb_button_hover_styles_float] => 
            [breadcrumb_button_hover_styles_show_advanced_css] => 0
            [breadcrumb_button_hover_styles_advanced] => 
            [breadcrumb_active_button_styles_background-color] => 
            [breadcrumb_active_button_styles_border] => 
            [breadcrumb_active_button_styles_border-style] => 
            [breadcrumb_active_button_styles_border-color] => 
            [breadcrumb_active_button_styles_color] => 
            [breadcrumb_active_button_styles_height] => 
            [breadcrumb_active_button_styles_width] => 
            [breadcrumb_active_button_styles_font-size] => 
            [breadcrumb_active_button_styles_margin] => 
            [breadcrumb_active_button_styles_padding] => 
            [breadcrumb_active_button_styles_display] => 
            [breadcrumb_active_button_styles_float] => 
            [breadcrumb_active_button_styles_show_advanced_css] => 0
            [breadcrumb_active_button_styles_advanced] => 
            [progress_bar_container_styles_background-color] => 
            [progress_bar_container_styles_border] => 
            [progress_bar_container_styles_border-style] => 
            [progress_bar_container_styles_border-color] => 
            [progress_bar_container_styles_color] => 
            [progress_bar_container_styles_height] => 
            [progress_bar_container_styles_width] => 
            [progress_bar_container_styles_font-size] => 
            [progress_bar_container_styles_margin] => 
            [progress_bar_container_styles_padding] => 
            [progress_bar_container_styles_display] => 
            [progress_bar_container_styles_float] => 
            [progress_bar_container_styles_show_advanced_css] => 0
            [progress_bar_container_styles_advanced] => 
            [progress_bar_fill_styles_background-color] => 
            [progress_bar_fill_styles_border] => 
            [progress_bar_fill_styles_border-style] => 
            [progress_bar_fill_styles_border-color] => 
            [progress_bar_fill_styles_color] => 
            [progress_bar_fill_styles_height] => 
            [progress_bar_fill_styles_width] => 
            [progress_bar_fill_styles_font-size] => 
            [progress_bar_fill_styles_margin] => 
            [progress_bar_fill_styles_padding] => 
            [progress_bar_fill_styles_display] => 
            [progress_bar_fill_styles_float] => 
            [progress_bar_fill_styles_show_advanced_css] => 0
            [progress_bar_fill_styles_advanced] => 
            [part_titles_styles_background-color] => 
            [part_titles_styles_border] => 
            [part_titles_styles_border-style] => 
            [part_titles_styles_border-color] => 
            [part_titles_styles_color] => 
            [part_titles_styles_height] => 
            [part_titles_styles_width] => 
            [part_titles_styles_font-size] => 
            [part_titles_styles_margin] => 
            [part_titles_styles_padding] => 
            [part_titles_styles_display] => 
            [part_titles_styles_float] => 
            [part_titles_styles_show_advanced_css] => 0
            [part_titles_styles_advanced] => 
            [navigation_container_styles_background-color] => 
            [navigation_container_styles_border] => 
            [navigation_container_styles_border-style] => 
            [navigation_container_styles_border-color] => 
            [navigation_container_styles_color] => 
            [navigation_container_styles_height] => 
            [navigation_container_styles_width] => 
            [navigation_container_styles_font-size] => 
            [navigation_container_styles_margin] => 
            [navigation_container_styles_padding] => 
            [navigation_container_styles_display] => 
            [navigation_container_styles_float] => 
            [navigation_container_styles_show_advanced_css] => 0
            [navigation_container_styles_advanced] => 
            [previous_button_styles_background-color] => 
            [previous_button_styles_border] => 
            [previous_button_styles_border-style] => 
            [previous_button_styles_border-color] => 
            [previous_button_styles_color] => 
            [previous_button_styles_height] => 
            [previous_button_styles_width] => 
            [previous_button_styles_font-size] => 
            [previous_button_styles_margin] => 
            [previous_button_styles_padding] => 
            [previous_button_styles_display] => 
            [previous_button_styles_float] => 
            [previous_button_styles_show_advanced_css] => 0
            [previous_button_styles_advanced] => 
            [next_button_styles_background-color] => 
            [next_button_styles_border] => 
            [next_button_styles_border-style] => 
            [next_button_styles_border-color] => 
            [next_button_styles_color] => 
            [next_button_styles_height] => 
            [next_button_styles_width] => 
            [next_button_styles_font-size] => 
            [next_button_styles_margin] => 
            [next_button_styles_padding] => 
            [next_button_styles_display] => 
            [next_button_styles_float] => 
            [next_button_styles_show_advanced_css] => 0
            [next_button_styles_advanced] => 
            [navigation_hover_styles_background-color] => 
            [navigation_hover_styles_border] => 
            [navigation_hover_styles_border-style] => 
            [navigation_hover_styles_border-color] => 
            [navigation_hover_styles_color] => 
            [navigation_hover_styles_height] => 
            [navigation_hover_styles_width] => 
            [navigation_hover_styles_font-size] => 
            [navigation_hover_styles_margin] => 
            [navigation_hover_styles_padding] => 
            [navigation_hover_styles_display] => 
            [navigation_hover_styles_float] => 
            [navigation_hover_styles_show_advanced_css] => 0
            [navigation_hover_styles_advanced] => 
            [allow_public_link] => 0
            [embed_form] => 
            [form_title_heading_level] => 3
            [unique_field_error] => A form with this value has already been submitted.
            [changeEmailErrorMsg] => Please enter a valid email address!
            [changeDateErrorMsg] => Please enter a valid date!
            [confirmFieldErrorMsg] => These fields must match!
            [fieldNumberNumMinError] => Number Min Error
            [fieldNumberNumMaxError] => Number Max Error
            [fieldNumberIncrementBy] => Please increment by 
            [formErrorsCorrectErrors] => Please correct errors before submitting this form.
            [validateRequiredField] => This is a required field.
            [honeypotHoneypotError] => Honeypot Error
            [fieldsMarkedRequired] => Fields marked with an <span class="ninja-forms-req-symbol">*</span> are required
            [objectDomain] => display
            [drawerDisabled] => 
            [ninjaForms] => Ninja Forms
            [fieldTextareaRTEInsertLink] => Insert Link
            [fieldTextareaRTEInsertMedia] => Insert Media
            [fieldTextareaRTESelectAFile] => Select a file
            [formHoneypot] => If you are a human seeing this field, please leave it empty.
            [fileUploadOldCodeFileUploadInProgress] => File Upload in Progress.
            [fileUploadOldCodeFileUpload] => FILE UPLOAD
            [currencySymbol] => &#36;
            [thousands_sep] => ,
            [decimal_point] => .
            [siteLocale] => en_GB
            [dateFormat] => m/d/Y
            [startOfWeek] => 1
            [of] => of
            [previousMonth] => Previous Month
            [nextMonth] => Next Month
            [months] => Array
                (
                    [0] => January
                    [1] => February
                    [2] => March
                    [3] => April
                    [4] => May
                    [5] => June
                    [6] => July
                    [7] => August
                    [8] => September
                    [9] => October
                    [10] => November
                    [11] => December
                )

            [monthsShort] => Array
                (
                    [0] => Jan
                    [1] => Feb
                    [2] => Mar
                    [3] => Apr
                    [4] => May
                    [5] => Jun
                    [6] => Jul
                    [7] => Aug
                    [8] => Sep
                    [9] => Oct
                    [10] => Nov
                    [11] => Dec
                )

            [weekdays] => Array
                (
                    [0] => Sunday
                    [1] => Monday
                    [2] => Tuesday
                    [3] => Wednesday
                    [4] => Thursday
                    [5] => Friday
                    [6] => Saturday
                )

            [weekdaysShort] => Array
                (
                    [0] => Sun
                    [1] => Mon
                    [2] => Tue
                    [3] => Wed
                    [4] => Thu
                    [5] => Fri
                    [6] => Sat
                )

            [weekdaysMin] => Array
                (
                    [0] => Su
                    [1] => Mo
                    [2] => Tu
                    [3] => We
                    [4] => Th
                    [5] => Fr
                    [6] => Sa
                )

            [recaptchaConsentMissing] => reCaptcha validation couldn&#039;t load.
            [recaptchaMissingCookie] => reCaptcha v3 validation couldn&#039;t load the cookie needed to submit the form.
            [recaptchaConsentEvent] => Accept reCaptcha cookies before sending the form.
            [save_progress_actions] => Array
                (
                    [7] => Array
                        (
                            [active] => 
                        )

                    [8] => Array
                        (
                            [active] => 
                        )

                    [9] => Array
                        (
                            [active] => 
                        )

                    [15] => Array
                        (
                            [active] => 
                        )

                )

            [currency_symbol] => 
            [beforeForm] => <fieldset class="nf-saves-cont">

    <legend></legend>

    <div class="form-save-loading">
        <!-- Loading message container. Will be removed during rendering. -->
    </div>

    <table></table>

</fieldset>

            [beforeFields] => 
            [afterFields] => 
            [afterForm] => 
        )

    [extra] => Array
        (
        )

)

[2025-09-09 06:46:11] [info] Ninja Forms submission data: Array
(
    [id] => 2
    [fields] => Array
        (
            [2] => Array
                (
                    [value] => 
                    [id] => 2
                    [key] => register
                )

            [56] => Array
                (
                    [value] => Final Webinar - Levon - August 2025
                    [id] => 56
                    [key] => webinar_title
                )

            [58] => Array
                (
                    [value] => 1
                    [id] => 58
                    [key] => cf_mailing_list_member_sponsor_1_optin
                )

            [68] => Array
                (
                    [value] => 161189
                    [id] => 68
                    [key] => post_id
                )

            [385] => Array
                (
                    [value] => 
                    [id] => 385
                    [key] => add_questions
                )

            [387] => Array
                (
                    [value] => 
                    [id] => 387
                    [key] => question_for_speaker
                )

        )

    [settings] => Array
        (
            [objectType] => Form Setting
            [editActive] => 1
            [title] => Webinar Registration Form
            [show_title] => 0
            [allow_public_link] => 0
            [embed_form] => 
            [clear_complete] => 1
            [hide_complete] => 1
            [default_label_pos] => above
            [wrapper_class] => 
            [element_class] => 
            [form_title_heading_level] => 3
            [key] => 
            [add_submit] => 1
            [changeEmailErrorMsg] => Please enter a valid email address!
            [changeDateErrorMsg] => Please enter a valid date!
            [confirmFieldErrorMsg] => These fields must match!
            [fieldNumberNumMinError] => Number Min Error
            [fieldNumberNumMaxError] => Number Max Error
            [fieldNumberIncrementBy] => Please increment by 
            [formErrorsCorrectErrors] => Please correct errors before submitting this form.
            [validateRequiredField] => This is a required field.
            [honeypotHoneypotError] => Honeypot Error
            [fieldsMarkedRequired] => Fields marked with an <span class="ninja-forms-req-symbol">*</span> are required
            [currency] => 
            [unique_field_error] => A form with this value has already been submitted.
            [logged_in] => 
            [not_logged_in_msg] => 
            [sub_limit_msg] => The form has reached its submission limit.
            [calculations] => Array
                (
                )

            [drawerDisabled] => 
            [conditions] => Array
                (
                    [0] => Array
                        (
                            [collapsed] => 
                            [process] => 1
                            [connector] => all
                            [when] => Array
                                (
                                    [0] => Array
                                        (
                                            [connector] => AND
                                            [key] => speaker_question
                                            [comparator] => 
                                            [value] => 
                                            [type] => field
                                            [modelType] => when
                                        )

                                )

                            [then] => Array
                                (
                                    [0] => Array
                                        (
                                            [key] => speaker_question
                                            [trigger] => 
                                            [value] => 
                                            [type] => field
                                            [modelType] => then
                                        )

                                )

                            [else] => Array
                                (
                                    [0] => Array
                                        (
                                            [key] => 6
                                            [trigger] => deactivate_action
                                            [type] => action
                                            [modelType] => else
                                        )

                                )

                        )

                    [1] => Array
                        (
                            [collapsed] => 
                            [process] => 1
                            [connector] => all
                            [when] => Array
                                (
                                    [0] => Array
                                        (
                                            [connector] => AND
                                            [key] => speaker_question
                                            [comparator] => 
                                            [value] => 
                                            [type] => field
                                            [modelType] => when
                                        )

                                )

                            [then] => Array
                                (
                                    [0] => Array
                                        (
                                            [key] => speaker_question
                                            [trigger] => 
                                            [value] => 
                                            [type] => field
                                            [modelType] => then
                                        )

                                )

                            [else] => Array
                                (
                                    [0] => Array
                                        (
                                            [key] => 4
                                            [trigger] => deactivate_action
                                            [type] => action
                                            [modelType] => else
                                        )

                                )

                        )

                    [2] => Array
                        (
                            [collapsed] => 
                            [process] => 1
                            [connector] => all
                            [when] => Array
                                (
                                    [0] => Array
                                        (
                                            [connector] => AND
                                            [key] => speaker_question
                                            [comparator] => 
                                            [value] => 
                                            [type] => field
                                            [modelType] => when
                                        )

                                )

                            [then] => Array
                                (
                                    [0] => Array
                                        (
                                            [key] => speaker_question
                                            [trigger] => 
                                            [value] => 
                                            [type] => field
                                            [modelType] => then
                                        )

                                )

                            [else] => Array
                                (
                                    [0] => Array
                                        (
                                            [key] => 5
                                            [trigger] => deactivate_action
                                            [type] => action
                                            [modelType] => else
                                        )

                                )

                        )

                )

            [objectDomain] => display
            [save_progress_allow_multiple] => 
            [save_progress_table_legend] => Load saved progress
            [save_progress_table_columns] => Array
                (
                    [0] => Array
                        (
                            [errors] => Array
                                (
                                )

                            [max_options] => 0
                            [label] => Column Title
                            [field] => {field}
                            [order] => 0
                            [settingModel] => Array
                                (
                                    [settings] => 
                                    [hide_merge_tags] => 
                                    [error] => 
                                    [name] => save_progress_table_columns
                                    [type] => option-repeater
                                    [label] => Save Table Columns <a href="#" class="nf-add-new">Add New</a>
                                    [width] => full
                                    [group] => primary
                                    [columns] => Array
                                        (
                                            [field] => Array
                                                (
                                                    [header] => Field Key
                                                    [default] => 
                                                )

                                        )

                                    [value] => Array
                                        (
                                            [0] => Array
                                                (
                                                    [label] => Column Title
                                                    [field] => {field}
                                                    [order] => 0
                                                )

                                        )

                                    [tmpl_row] => tmpl-nf-save-progress-table-columns-repeater-row
                                )

                        )

                )

            [container_styles_show_advanced_css] => 0
            [title_styles_show_advanced_css] => 0
            [row_styles_show_advanced_css] => 0
            [row-odd_styles_show_advanced_css] => 0
            [success-msg_styles_show_advanced_css] => 0
            [error_msg_styles_show_advanced_css] => 0
            [mp_breadcrumb] => 1
            [mp_progress_bar] => 1
            [mp_display_titles] => 0
            [breadcrumb_container_styles_show_advanced_css] => 0
            [breadcrumb_buttons_styles_show_advanced_css] => 0
            [breadcrumb_button_hover_styles_show_advanced_css] => 0
            [breadcrumb_active_button_styles_show_advanced_css] => 0
            [progress_bar_container_styles_show_advanced_css] => 0
            [progress_bar_fill_styles_show_advanced_css] => 0
            [part_titles_styles_show_advanced_css] => 0
            [navigation_container_styles_show_advanced_css] => 0
            [previous_button_styles_show_advanced_css] => 0
            [next_button_styles_show_advanced_css] => 0
            [navigation_hover_styles_show_advanced_css] => 0
            [ninjaForms] => Ninja Forms
            [fieldTextareaRTEInsertLink] => Insert Link
            [fieldTextareaRTEInsertMedia] => Insert Media
            [fieldTextareaRTESelectAFile] => Select a file
            [formHoneypot] => If you are a human seeing this field, please leave it empty.
            [fileUploadOldCodeFileUploadInProgress] => File Upload in Progress.
            [fileUploadOldCodeFileUpload] => FILE UPLOAD
            [currencySymbol] => &#36;
            [thousands_sep] => ,
            [decimal_point] => .
            [siteLocale] => en_GB
            [dateFormat] => m/d/Y
            [startOfWeek] => 1
            [of] => of
            [previousMonth] => Previous Month
            [nextMonth] => Next Month
            [months] => Array
                (
                    [0] => January
                    [1] => February
                    [2] => March
                    [3] => April
                    [4] => May
                    [5] => June
                    [6] => July
                    [7] => August
                    [8] => September
                    [9] => October
                    [10] => November
                    [11] => December
                )

            [monthsShort] => Array
                (
                    [0] => Jan
                    [1] => Feb
                    [2] => Mar
                    [3] => Apr
                    [4] => May
                    [5] => Jun
                    [6] => Jul
                    [7] => Aug
                    [8] => Sep
                    [9] => Oct
                    [10] => Nov
                    [11] => Dec
                )

            [weekdays] => Array
                (
                    [0] => Sunday
                    [1] => Monday
                    [2] => Tuesday
                    [3] => Wednesday
                    [4] => Thursday
                    [5] => Friday
                    [6] => Saturday
                )

            [weekdaysShort] => Array
                (
                    [0] => Sun
                    [1] => Mon
                    [2] => Tue
                    [3] => Wed
                    [4] => Thu
                    [5] => Fri
                    [6] => Sat
                )

            [weekdaysMin] => Array
                (
                    [0] => Su
                    [1] => Mo
                    [2] => Tu
                    [3] => We
                    [4] => Th
                    [5] => Fr
                    [6] => Sa
                )

            [recaptchaConsentMissing] => reCaptcha validation couldn&#039;t load.
            [recaptchaMissingCookie] => reCaptcha v3 validation couldn&#039;t load the cookie needed to submit the form.
            [recaptchaConsentEvent] => Accept reCaptcha cookies before sending the form.
            [save_progress_actions] => Array
                (
                    [4] => Array
                        (
                            [active] => 
                        )

                    [5] => Array
                        (
                            [active] => 
                        )

                    [6] => Array
                        (
                            [active] => 
                        )

                    [16] => Array
                        (
                            [active] => 
                        )

                    [45] => Array
                        (
                            [active] => 
                        )

                    [140] => Array
                        (
                            [active] => 
                        )

                )

            [currency_symbol] => 
            [beforeForm] => <fieldset class="nf-saves-cont">

    <legend>Load saved progress</legend>

    <div class="form-save-loading">
        <!-- Loading message container. Will be removed during rendering. -->
    </div>

    <table></table>

</fieldset>

            [beforeFields] => 
            [afterFields] => 
            [afterForm] => 
        )

    [extra] => Array
        (
        )

)

