[2025-09-08 22:03:14] [info] Ninja Forms submission data: Array
(
    [id] => 15
    [fields] => Array
        (
            [141] => Array
                (
                    [value] => .Dr
                    [id] => 141
                    [key] => title
                )

            [142] => Array
                (
                    [value] => Webinar
                    [id] => 142
                    [key] => first_name
                )

            [143] => Array
                (
                    [value] => Success
                    [id] => 143
                    [key] => last_name
                )

            [144] => Array
                (
                    [value] => websspg@inar.test
                    [id] => 144
                    [key] => email_address
                )

            [146] => Array
                (
                    [value] => 43535353
                    [id] => 146
                    [key] => telephone
                )

            [147] => Array
                (
                    [value] => Dev
                    [id] => 147
                    [key] => job_title
                )

            [148] => Array
                (
                    [value] => GB
                    [id] => 148
                    [key] => country
                )

            [149] => Array
                (
                    [value] => Durban
                    [id] => 149
                    [key] => town
                )

            [150] => Array
                (
                    [value] => 4001
                    [id] => 150
                    [key] => postcode
                )

            [153] => Array
                (
                    [value] => Array
                        (
                            [0] => cf_person_dtr_third_party
                            [1] => cf_person_dtr_events
                        )

                    [id] => 153
                    [key] => marketing_preferences
                )

            [154] => Array
                (
                    [value] => Array
                        (
                            [0] => cf_person_tools_techniques
                            [1] => cf_person_drugs_therapies
                        )

                    [id] => 154
                    [key] => topics_of_interest
                )

            [155] => Array
                (
                    [value] => 
                    [id] => 155
                    [key] => sign_up_get_started
                )

            [217] => Array
                (
                    [value] => 
                    [id] => 217
                    [key] => save_1745419482902
                )

            [218] => Array
                (
                    [value] => supersonic
                    [id] => 218
                    [key] => employer
                )

            [220] => Array
                (
                    [value] => Test
                    [id] => 220
                    [key] => confirm_password
                )

            [221] => Array
                (
                    [value] => Test
                    [id] => 221
                    [key] => password
                )

            [231] => Array
                (
                    [value] => 
                    [id] => 231
                    [key] => save_1750104971089
                )

            [232] => Array
                (
                    [value] => 1
                    [id] => 232
                    [key] => i_confirm_that_by_becoming_a_member_of_drug_target_review_i_accept_the_terms_and_conditions_and_privacy_policy_1750419129473
                )

        )

    [settings] => Array
        (
            [objectType] => Form Setting
            [editActive] => 1
            [title] => Membership Sign Up
            [created_at] => 2016-08-28 16:16:05
            [form_title] => Event Registration
            [default_label_pos] => above
            [show_title] => 0
            [clear_complete] => 1
            [hide_complete] => 1
            [logged_in] => 0
            [key] => 
            [wrapper_class] => 
            [element_class] => 
            [add_submit] => 0
            [not_logged_in_msg] => 
            [sub_limit_number] => 
            [sub_limit_msg] => 
            [calculations] => Array
                (
                )

            [currency] => 
            [unique_field_error] => A form with this value has already been submitted.
            [form_title_heading_level] => 3
            [save_progress_allow_multiple] => 0
            [save_progress_table_legend] => Load saved progress
            [save_progress_table_columns] => Array
                (
                    [0] => Array
                        (
                            [errors] => Array
                                (
                                )

                            [max_options] => 0
                            [label] => Column Title
                            [field] => member_sign_up_title
                            [order] => 0
                            [settingModel] => Array
                                (
                                    [settings] => 
                                    [hide_merge_tags] => 
                                    [error] => 
                                    [name] => save_progress_table_columns
                                    [type] => option-repeater
                                    [label] => Save Table Columns <a href="#" class="nf-add-new">Add New</a>
                                    [width] => full
                                    [group] => primary
                                    [columns] => Array
                                        (
                                            [field] => Array
                                                (
                                                    [header] => Field Key
                                                    [default] => 
                                                )

                                        )

                                    [value] => Array
                                        (
                                            [0] => Array
                                                (
                                                    [label] => Column Title
                                                    [field] => {field}
                                                    [order] => 0
                                                )

                                        )

                                    [tmpl_row] => tmpl-nf-save-progress-table-columns-repeater-row
                                )

                        )

                    [1] => Array
                        (
                            [errors] => Array
                                (
                                )

                            [max_options] => 0
                            [order] => 1
                            [new] => 
                            [options] => Array
                                (
                                )

                            [field] => firstname
                            [settingModel] => Array
                                (
                                    [settings] => 
                                    [hide_merge_tags] => 
                                    [error] => 
                                    [name] => save_progress_table_columns
                                    [type] => option-repeater
                                    [label] => Save Table Columns <a href="#" class="nf-add-new">Add New</a>
                                    [width] => full
                                    [group] => primary
                                    [columns] => Array
                                        (
                                            [field] => Array
                                                (
                                                    [header] => Field Key
                                                    [default] => 
                                                )

                                        )

                                    [value] => Array
                                        (
                                            [0] => Array
                                                (
                                                    [label] => Column Title
                                                    [field] => {field}
                                                    [order] => 0
                                                )

                                        )

                                    [tmpl_row] => tmpl-nf-save-progress-table-columns-repeater-row
                                )

                        )

                )

            [conditions] => Array
                (
                )

            [mp_validate] => 1
            [mp_breadcrumb] => 1
            [mp_progress_bar] => 1
            [mp_display_titles] => 0
            [mp_prev_label] => 
            [mp_next_label] => 
            [objectDomain] => display
            [drawerDisabled] => 
            [changeEmailErrorMsg] => Please enter a valid email address!
            [changeDateErrorMsg] => Please enter a valid date!
            [confirmFieldErrorMsg] => These fields must match!
            [fieldNumberNumMinError] => Number Min Error
            [fieldNumberNumMaxError] => Number Max Error
            [fieldNumberIncrementBy] => Please increment by 
            [formErrorsCorrectErrors] => Please correct errors before submitting this form.
            [validateRequiredField] => This is a required field.
            [honeypotHoneypotError] => Honeypot Error
            [fieldsMarkedRequired] => Fields marked with an <span class="ninja-forms-req-symbol">*</span> are required
            [container_styles_show_advanced_css] => 0
            [title_styles_show_advanced_css] => 0
            [row_styles_show_advanced_css] => 0
            [row-odd_styles_show_advanced_css] => 0
            [success-msg_styles_show_advanced_css] => 0
            [error_msg_styles_show_advanced_css] => 0
            [breadcrumb_container_styles_border] => 
            [breadcrumb_container_styles_height] => 
            [breadcrumb_container_styles_width] => 
            [breadcrumb_container_styles_margin] => 
            [breadcrumb_container_styles_padding] => 
            [breadcrumb_container_styles_float] => 
            [breadcrumb_container_styles_show_advanced_css] => 0
            [breadcrumb_buttons_styles_border] => 
            [breadcrumb_buttons_styles_height] => 
            [breadcrumb_buttons_styles_width] => 
            [breadcrumb_buttons_styles_font-size] => 
            [breadcrumb_buttons_styles_margin] => 
            [breadcrumb_buttons_styles_padding] => 
            [breadcrumb_buttons_styles_float] => 
            [breadcrumb_buttons_styles_show_advanced_css] => 0
            [breadcrumb_button_hover_styles_border] => 
            [breadcrumb_button_hover_styles_height] => 
            [breadcrumb_button_hover_styles_width] => 
            [breadcrumb_button_hover_styles_font-size] => 
            [breadcrumb_button_hover_styles_margin] => 
            [breadcrumb_button_hover_styles_padding] => 
            [breadcrumb_button_hover_styles_float] => 
            [breadcrumb_button_hover_styles_show_advanced_css] => 1
            [breadcrumb_active_button_styles_border] => 
            [breadcrumb_active_button_styles_height] => 
            [breadcrumb_active_button_styles_width] => 
            [breadcrumb_active_button_styles_font-size] => 
            [breadcrumb_active_button_styles_margin] => 
            [breadcrumb_active_button_styles_padding] => 
            [breadcrumb_active_button_styles_float] => 
            [breadcrumb_active_button_styles_show_advanced_css] => 0
            [progress_bar_container_styles_border] => 
            [progress_bar_container_styles_height] => 
            [progress_bar_container_styles_width] => 
            [progress_bar_container_styles_margin] => 
            [progress_bar_container_styles_padding] => 
            [progress_bar_container_styles_float] => 
            [progress_bar_container_styles_show_advanced_css] => 0
            [progress_bar_fill_styles_border] => 
            [progress_bar_fill_styles_height] => 
            [progress_bar_fill_styles_margin] => 
            [progress_bar_fill_styles_padding] => 
            [progress_bar_fill_styles_show_advanced_css] => 0
            [part_titles_styles_border] => 
            [part_titles_styles_height] => 
            [part_titles_styles_width] => 
            [part_titles_styles_font-size] => 
            [part_titles_styles_margin] => 
            [part_titles_styles_padding] => 
            [part_titles_styles_float] => 
            [part_titles_styles_show_advanced_css] => 0
            [navigation_container_styles_border] => 
            [navigation_container_styles_height] => 
            [navigation_container_styles_width] => 
            [navigation_container_styles_margin] => 
            [navigation_container_styles_padding] => 
            [navigation_container_styles_float] => 
            [navigation_container_styles_show_advanced_css] => 0
            [previous_button_styles_border] => 
            [previous_button_styles_height] => 
            [previous_button_styles_width] => 
            [previous_button_styles_font-size] => 
            [previous_button_styles_margin] => 
            [previous_button_styles_padding] => 
            [previous_button_styles_show_advanced_css] => 0
            [next_button_styles_border] => 
            [next_button_styles_height] => 
            [next_button_styles_width] => 
            [next_button_styles_font-size] => 
            [next_button_styles_margin] => 
            [next_button_styles_padding] => 
            [next_button_styles_show_advanced_css] => 0
            [navigation_hover_styles_border] => 
            [navigation_hover_styles_height] => 
            [navigation_hover_styles_width] => 
            [navigation_hover_styles_font-size] => 
            [navigation_hover_styles_margin] => 
            [navigation_hover_styles_padding] => 
            [navigation_hover_styles_show_advanced_css] => 0
            [save_progress_passive_mode] => 1
            [container_styles_border] => 
            [container_styles_height] => 
            [container_styles_margin] => 
            [container_styles_padding] => 
            [container_styles_float] => 
            [title_styles_border] => 
            [title_styles_height] => 
            [title_styles_width] => 
            [title_styles_font-size] => 
            [title_styles_margin] => 
            [title_styles_padding] => 
            [title_styles_float] => 
            [row_styles_border] => 
            [row_styles_width] => 
            [row_styles_font-size] => 
            [row_styles_margin] => 
            [row_styles_padding] => 
            [row-odd_styles_border] => 
            [row-odd_styles_height] => 
            [row-odd_styles_width] => 
            [row-odd_styles_font-size] => 
            [row-odd_styles_margin] => 
            [row-odd_styles_padding] => 
            [success-msg_styles_border] => 
            [success-msg_styles_height] => 
            [success-msg_styles_width] => 
            [success-msg_styles_font-size] => 
            [success-msg_styles_margin] => 
            [success-msg_styles_padding] => 
            [error_msg_styles_border] => 
            [error_msg_styles_width] => 
            [error_msg_styles_font-size] => 
            [error_msg_styles_margin] => 
            [error_msg_styles_padding] => 
            [allow_public_link] => 0
            [embed_form] => 
            [public_link] => https://dtr-final-api-push.local/ninja-forms/15oouf
            [public_link_key] => 15oouf
            [ninjaForms] => Ninja Forms
            [fieldTextareaRTEInsertLink] => Insert Link
            [fieldTextareaRTEInsertMedia] => Insert Media
            [fieldTextareaRTESelectAFile] => Select a file
            [formHoneypot] => If you are a human seeing this field, please leave it empty.
            [fileUploadOldCodeFileUploadInProgress] => File Upload in Progress.
            [fileUploadOldCodeFileUpload] => FILE UPLOAD
            [currencySymbol] => &#36;
            [thousands_sep] => ,
            [decimal_point] => .
            [siteLocale] => en_GB
            [dateFormat] => m/d/Y
            [startOfWeek] => 1
            [of] => of
            [previousMonth] => Previous Month
            [nextMonth] => Next Month
            [months] => Array
                (
                    [0] => January
                    [1] => February
                    [2] => March
                    [3] => April
                    [4] => May
                    [5] => June
                    [6] => July
                    [7] => August
                    [8] => September
                    [9] => October
                    [10] => November
                    [11] => December
                )

            [monthsShort] => Array
                (
                    [0] => Jan
                    [1] => Feb
                    [2] => Mar
                    [3] => Apr
                    [4] => May
                    [5] => Jun
                    [6] => Jul
                    [7] => Aug
                    [8] => Sep
                    [9] => Oct
                    [10] => Nov
                    [11] => Dec
                )

            [weekdays] => Array
                (
                    [0] => Sunday
                    [1] => Monday
                    [2] => Tuesday
                    [3] => Wednesday
                    [4] => Thursday
                    [5] => Friday
                    [6] => Saturday
                )

            [weekdaysShort] => Array
                (
                    [0] => Sun
                    [1] => Mon
                    [2] => Tue
                    [3] => Wed
                    [4] => Thu
                    [5] => Fri
                    [6] => Sat
                )

            [weekdaysMin] => Array
                (
                    [0] => Su
                    [1] => Mo
                    [2] => Tu
                    [3] => We
                    [4] => Th
                    [5] => Fr
                    [6] => Sa
                )

            [recaptchaConsentMissing] => reCaptcha validation couldn&#039;t load.
            [recaptchaMissingCookie] => reCaptcha v3 validation couldn&#039;t load the cookie needed to submit the form.
            [recaptchaConsentEvent] => Accept reCaptcha cookies before sending the form.
            [save_progress_actions] => Array
                (
                    [58] => Array
                        (
                            [active] => 
                        )

                    [59] => Array
                        (
                            [active] => 
                        )

                    [60] => Array
                        (
                            [active] => 
                        )

                    [61] => Array
                        (
                            [active] => 0
                        )

                    [85] => Array
                        (
                            [active] => 
                        )

                    [86] => Array
                        (
                            [active] => 
                        )

                    [87] => Array
                        (
                            [active] => 
                        )

                    [92] => Array
                        (
                            [active] => 
                        )

                )

            [currency_symbol] => 
            [beforeForm] => <fieldset class="nf-saves-cont">

    <legend>Load saved progress</legend>

    <div class="form-save-loading">
        <!-- Loading message container. Will be removed during rendering. -->
    </div>

    <table></table>

</fieldset>

            [beforeFields] => 
            [afterFields] => 
            [afterForm] => 
        )

    [extra] => Array
        (
        )

)

[2025-09-08 22:03:14] [info] [REG-68bf52a28cae4] ====== MEMBER REGISTRATION ======
[2025-09-08 22:03:14] [info] [REG-68bf52a28cae4] [ENTRY] Processing membership registration for form 15
[2025-09-08 22:03:14] [info] [REG-68bf52a28cae4] [DEBUG] Checking Workbooks for existing person with email: websspg@inar.test
[2025-09-08 22:03:24] [info] [REG-68bf52a28cae4] [DEBUG] Workbooks search returned a person, but email did not match exactly. Found: 'van.tran@qantas.com.au', Expected: 'websspg@inar.test'
[2025-09-08 22:03:24] [info] [REG-68bf52a28cae4] [SUCCESS] WP user created with ID: 119
[2025-09-08 22:03:24] [info] [REG-68bf52a28cae4] [DEBUG] No existing Workbooks person found - creating new
[2025-09-08 22:03:24] [info] [REG-68bf52a28cae4] [DEBUG] Starting Workbooks sync
[2025-09-08 22:03:24] [info] [REG-68bf52a28cae4] [DEBUG] Searching for existing person with email: websspg@inar.test
[2025-09-08 22:03:33] [info] [REG-68bf52a28cae4] [DEBUG] Workbooks search returned a person, but email did not match exactly. Found: 'van.tran@qantas.com.au', Expected: 'websspg@inar.test'
[2025-09-08 22:03:33] [info] [REG-68bf52a28cae4] [DEBUG] No existing person found - creating new Workbooks person
[2025-09-08 22:03:33] [info] [REG-68bf52a28cae4] [DEBUG] Sending create request to Workbooks API
[2025-09-08 22:03:35] [info] [REG-68bf52a28cae4] [SUCCESS] NEW person created in Workbooks with ID: 4327514, ref: PERS-685880
[2025-09-08 22:03:35] [info] ==== MEMBER REGISTRATION =====
[2025-09-08 22:03:35] [info] User Details:
[2025-09-08 22:03:35] [info] First Name: Webinar
[2025-09-08 22:03:35] [info] Last Name: Success
[2025-09-08 22:03:35] [info] Email Address: websspg@inar.test
[2025-09-08 22:03:35] [info] Telephone Number: 43535353
[2025-09-08 22:03:35] [info] Job Title: Dev
[2025-09-08 22:03:35] [info] Employer: supersonic
[2025-09-08 22:03:35] [info] Country: GB
[2025-09-08 22:03:35] [info] Town: Durban
[2025-09-08 22:03:35] [info] Post Code: 4001
[2025-09-08 22:03:35] [info] 
[2025-09-08 22:03:35] [info] ---- MARKETING COMMUNICATION ----
[2025-09-08 22:03:35] [info] Newsletter: - No
[2025-09-08 22:03:35] [info] Event: - Yes
[2025-09-08 22:03:35] [info] Third party: - Yes
[2025-09-08 22:03:35] [info] Webinar: - No
[2025-09-08 22:03:35] [info] 
[2025-09-08 22:03:35] [info] ---- TOPICS OF INTEREST ----
[2025-09-08 22:03:35] [info] Business: - No
[2025-09-08 22:03:35] [info] Diseases: - No
[2025-09-08 22:03:35] [info] Drugs & Therapies: - Yes
[2025-09-08 22:03:35] [info] Genomics: - No
[2025-09-08 22:03:35] [info] Research & Development: - No
[2025-09-08 22:03:35] [info] Technology: - No
[2025-09-08 22:03:35] [info] Tools & Techniques: - Yes
[2025-09-08 22:03:35] [info] 
[2025-09-08 22:03:35] [info] ---- AREAS OF INTEREST ----
[2025-09-08 22:03:35] [info] cf_person_analysis: - Yes
[2025-09-08 22:03:35] [info] cf_person_assays: - Yes
[2025-09-08 22:03:35] [info] cf_person_biomarkers: - Yes
[2025-09-08 22:03:35] [info] cf_person_clinical_trials: - Yes
[2025-09-08 22:03:35] [info] cf_person_preclinical_research: - Yes
[2025-09-08 22:03:35] [info] cf_person_drug_discovery_processes: - Yes
[2025-09-08 22:03:35] [info] cf_person_hit_to_lead: - Yes
[2025-09-08 22:03:35] [info] cf_person_imaging: - Yes
[2025-09-08 22:03:35] [info] cf_person_toxicology: - Yes
[2025-09-08 22:03:35] [info] cf_person_artificial_intelligencemachine_learning: - Yes
[2025-09-08 22:03:35] [info] cf_person_cell_gene_therapy: - Yes
[2025-09-08 22:03:35] [info] cf_person_informatics: - Yes
[2025-09-08 22:03:35] [info] cf_person_lab_automation: - Yes
[2025-09-08 22:03:35] [info] cf_person_molecular_diagnostics: - Yes
[2025-09-08 22:03:35] [info] cf_person_personalised_medicine: - Yes
[2025-09-08 22:03:35] [info] cf_person_screening_sequencing: - Yes
[2025-09-08 22:03:35] [info] cf_person_stem_cells: - Yes
[2025-09-08 22:03:35] [info] cf_person_targets: - Yes
[2025-09-08 22:03:35] [info] cf_person_translational_science: - Yes
[2025-09-08 22:03:35] [info] 
[2025-09-08 22:03:35] [info] ---- WORDPRESS/WORKBOOKS ----
[2025-09-08 22:03:35] [info] SUCCESS: WordPress user created with ID: 119
[2025-09-08 22:03:35] [info] SUCCESS: New Workbooks person created with ID: 4327514
[2025-09-08 22:03:35] [info] Workbooks Person Ref: PERS-685880
[2025-09-08 22:03:35] [info] 
[2025-09-08 22:03:35] [info] Communication Preferences: Newsletter=No, Event=Yes, Third party=Yes, Webinar=No
[2025-09-08 22:03:35] [info] Topics of Interest: Business=No, Diseases=No, Drugs & Therapies=Yes, Genomics=No, Research & Development=No, Technology=No, Tools & Techniques=Yes
[2025-09-08 22:03:35] [info] Areas of Interest: cf_person_analysis=Yes, cf_person_assays=Yes, cf_person_biomarkers=Yes, cf_person_clinical_trials=Yes, cf_person_preclinical_research=Yes, cf_person_drug_discovery_processes=Yes, cf_person_genomics=No, cf_person_hit_to_lead=Yes, cf_person_imaging=Yes, cf_person_toxicology=Yes, cf_person_artificial_intelligencemachine_learning=Yes, cf_person_cell_gene_therapy=Yes, cf_person_informatics=Yes, cf_person_lab_automation=Yes, cf_person_molecular_diagnostics=Yes, cf_person_personalised_medicine=Yes, cf_person_screening_sequencing=Yes, cf_person_stem_cells=Yes, cf_person_targets=Yes, cf_person_translational_science=Yes, cf_person_protein_production=No
[2025-09-08 22:03:35] [info] 
[2025-09-08 22:03:35] [info] ==== MEMBER REGISTRATION SUCCESSFUL =====
[2025-09-08 22:03:35] [info] Member registration successful - Fucking Celebrate Good Times Come On!!!
[2025-09-08 22:18:45] [info] Ninja Forms submission data: Array
(
    [id] => 15
    [fields] => Array
        (
            [141] => Array
                (
                    [value] => .Dr
                    [id] => 141
                    [key] => title
                )

            [142] => Array
                (
                    [value] => Just One
                    [id] => 142
                    [key] => first_name
                )

            [143] => Array
                (
                    [value] => More Test
                    [id] => 143
                    [key] => last_name
                )

            [144] => Array
                (
                    [value] => one@more.test
                    [id] => 144
                    [key] => email_address
                )

            [146] => Array
                (
                    [value] => 4545425245
                    [id] => 146
                    [key] => telephone
                )

            [147] => Array
                (
                    [value] => Dev
                    [id] => 147
                    [key] => job_title
                )

            [148] => Array
                (
                    [value] => GB
                    [id] => 148
                    [key] => country
                )

            [149] => Array
                (
                    [value] => Durban
                    [id] => 149
                    [key] => town
                )

            [150] => Array
                (
                    [value] => 4514
                    [id] => 150
                    [key] => postcode
                )

            [153] => Array
                (
                    [value] => Array
                        (
                            [0] => cf_person_dtr_webinar
                        )

                    [id] => 153
                    [key] => marketing_preferences
                )

            [154] => Array
                (
                    [value] => Array
                        (
                            [0] => cf_person_tools_techniques
                        )

                    [id] => 154
                    [key] => topics_of_interest
                )

            [155] => Array
                (
                    [value] => 
                    [id] => 155
                    [key] => sign_up_get_started
                )

            [217] => Array
                (
                    [value] => 
                    [id] => 217
                    [key] => save_1745419482902
                )

            [218] => Array
                (
                    [value] => Supersonic Playground Ltd
                    [id] => 218
                    [key] => employer
                )

            [220] => Array
                (
                    [value] => Test
                    [id] => 220
                    [key] => confirm_password
                )

            [221] => Array
                (
                    [value] => Test
                    [id] => 221
                    [key] => password
                )

            [231] => Array
                (
                    [value] => 
                    [id] => 231
                    [key] => save_1750104971089
                )

            [232] => Array
                (
                    [value] => 1
                    [id] => 232
                    [key] => i_confirm_that_by_becoming_a_member_of_drug_target_review_i_accept_the_terms_and_conditions_and_privacy_policy_1750419129473
                )

        )

    [settings] => Array
        (
            [objectType] => Form Setting
            [editActive] => 1
            [title] => Membership Sign Up
            [created_at] => 2016-08-28 16:16:05
            [form_title] => Event Registration
            [default_label_pos] => above
            [show_title] => 0
            [clear_complete] => 1
            [hide_complete] => 1
            [logged_in] => 0
            [key] => 
            [wrapper_class] => 
            [element_class] => 
            [add_submit] => 0
            [not_logged_in_msg] => 
            [sub_limit_number] => 
            [sub_limit_msg] => 
            [calculations] => Array
                (
                )

            [currency] => 
            [unique_field_error] => A form with this value has already been submitted.
            [form_title_heading_level] => 3
            [save_progress_allow_multiple] => 0
            [save_progress_table_legend] => Load saved progress
            [save_progress_table_columns] => Array
                (
                    [0] => Array
                        (
                            [errors] => Array
                                (
                                )

                            [max_options] => 0
                            [label] => Column Title
                            [field] => member_sign_up_title
                            [order] => 0
                            [settingModel] => Array
                                (
                                    [settings] => 
                                    [hide_merge_tags] => 
                                    [error] => 
                                    [name] => save_progress_table_columns
                                    [type] => option-repeater
                                    [label] => Save Table Columns <a href="#" class="nf-add-new">Add New</a>
                                    [width] => full
                                    [group] => primary
                                    [columns] => Array
                                        (
                                            [field] => Array
                                                (
                                                    [header] => Field Key
                                                    [default] => 
                                                )

                                        )

                                    [value] => Array
                                        (
                                            [0] => Array
                                                (
                                                    [label] => Column Title
                                                    [field] => {field}
                                                    [order] => 0
                                                )

                                        )

                                    [tmpl_row] => tmpl-nf-save-progress-table-columns-repeater-row
                                )

                        )

                    [1] => Array
                        (
                            [errors] => Array
                                (
                                )

                            [max_options] => 0
                            [order] => 1
                            [new] => 
                            [options] => Array
                                (
                                )

                            [field] => firstname
                            [settingModel] => Array
                                (
                                    [settings] => 
                                    [hide_merge_tags] => 
                                    [error] => 
                                    [name] => save_progress_table_columns
                                    [type] => option-repeater
                                    [label] => Save Table Columns <a href="#" class="nf-add-new">Add New</a>
                                    [width] => full
                                    [group] => primary
                                    [columns] => Array
                                        (
                                            [field] => Array
                                                (
                                                    [header] => Field Key
                                                    [default] => 
                                                )

                                        )

                                    [value] => Array
                                        (
                                            [0] => Array
                                                (
                                                    [label] => Column Title
                                                    [field] => {field}
                                                    [order] => 0
                                                )

                                        )

                                    [tmpl_row] => tmpl-nf-save-progress-table-columns-repeater-row
                                )

                        )

                )

            [conditions] => Array
                (
                )

            [mp_validate] => 1
            [mp_breadcrumb] => 1
            [mp_progress_bar] => 1
            [mp_display_titles] => 0
            [mp_prev_label] => 
            [mp_next_label] => 
            [objectDomain] => display
            [drawerDisabled] => 
            [changeEmailErrorMsg] => Please enter a valid email address!
            [changeDateErrorMsg] => Please enter a valid date!
            [confirmFieldErrorMsg] => These fields must match!
            [fieldNumberNumMinError] => Number Min Error
            [fieldNumberNumMaxError] => Number Max Error
            [fieldNumberIncrementBy] => Please increment by 
            [formErrorsCorrectErrors] => Please correct errors before submitting this form.
            [validateRequiredField] => This is a required field.
            [honeypotHoneypotError] => Honeypot Error
            [fieldsMarkedRequired] => Fields marked with an <span class="ninja-forms-req-symbol">*</span> are required
            [container_styles_show_advanced_css] => 0
            [title_styles_show_advanced_css] => 0
            [row_styles_show_advanced_css] => 0
            [row-odd_styles_show_advanced_css] => 0
            [success-msg_styles_show_advanced_css] => 0
            [error_msg_styles_show_advanced_css] => 0
            [breadcrumb_container_styles_border] => 
            [breadcrumb_container_styles_height] => 
            [breadcrumb_container_styles_width] => 
            [breadcrumb_container_styles_margin] => 
            [breadcrumb_container_styles_padding] => 
            [breadcrumb_container_styles_float] => 
            [breadcrumb_container_styles_show_advanced_css] => 0
            [breadcrumb_buttons_styles_border] => 
            [breadcrumb_buttons_styles_height] => 
            [breadcrumb_buttons_styles_width] => 
            [breadcrumb_buttons_styles_font-size] => 
            [breadcrumb_buttons_styles_margin] => 
            [breadcrumb_buttons_styles_padding] => 
            [breadcrumb_buttons_styles_float] => 
            [breadcrumb_buttons_styles_show_advanced_css] => 0
            [breadcrumb_button_hover_styles_border] => 
            [breadcrumb_button_hover_styles_height] => 
            [breadcrumb_button_hover_styles_width] => 
            [breadcrumb_button_hover_styles_font-size] => 
            [breadcrumb_button_hover_styles_margin] => 
            [breadcrumb_button_hover_styles_padding] => 
            [breadcrumb_button_hover_styles_float] => 
            [breadcrumb_button_hover_styles_show_advanced_css] => 1
            [breadcrumb_active_button_styles_border] => 
            [breadcrumb_active_button_styles_height] => 
            [breadcrumb_active_button_styles_width] => 
            [breadcrumb_active_button_styles_font-size] => 
            [breadcrumb_active_button_styles_margin] => 
            [breadcrumb_active_button_styles_padding] => 
            [breadcrumb_active_button_styles_float] => 
            [breadcrumb_active_button_styles_show_advanced_css] => 0
            [progress_bar_container_styles_border] => 
            [progress_bar_container_styles_height] => 
            [progress_bar_container_styles_width] => 
            [progress_bar_container_styles_margin] => 
            [progress_bar_container_styles_padding] => 
            [progress_bar_container_styles_float] => 
            [progress_bar_container_styles_show_advanced_css] => 0
            [progress_bar_fill_styles_border] => 
            [progress_bar_fill_styles_height] => 
            [progress_bar_fill_styles_margin] => 
            [progress_bar_fill_styles_padding] => 
            [progress_bar_fill_styles_show_advanced_css] => 0
            [part_titles_styles_border] => 
            [part_titles_styles_height] => 
            [part_titles_styles_width] => 
            [part_titles_styles_font-size] => 
            [part_titles_styles_margin] => 
            [part_titles_styles_padding] => 
            [part_titles_styles_float] => 
            [part_titles_styles_show_advanced_css] => 0
            [navigation_container_styles_border] => 
            [navigation_container_styles_height] => 
            [navigation_container_styles_width] => 
            [navigation_container_styles_margin] => 
            [navigation_container_styles_padding] => 
            [navigation_container_styles_float] => 
            [navigation_container_styles_show_advanced_css] => 0
            [previous_button_styles_border] => 
            [previous_button_styles_height] => 
            [previous_button_styles_width] => 
            [previous_button_styles_font-size] => 
            [previous_button_styles_margin] => 
            [previous_button_styles_padding] => 
            [previous_button_styles_show_advanced_css] => 0
            [next_button_styles_border] => 
            [next_button_styles_height] => 
            [next_button_styles_width] => 
            [next_button_styles_font-size] => 
            [next_button_styles_margin] => 
            [next_button_styles_padding] => 
            [next_button_styles_show_advanced_css] => 0
            [navigation_hover_styles_border] => 
            [navigation_hover_styles_height] => 
            [navigation_hover_styles_width] => 
            [navigation_hover_styles_font-size] => 
            [navigation_hover_styles_margin] => 
            [navigation_hover_styles_padding] => 
            [navigation_hover_styles_show_advanced_css] => 0
            [save_progress_passive_mode] => 1
            [container_styles_border] => 
            [container_styles_height] => 
            [container_styles_margin] => 
            [container_styles_padding] => 
            [container_styles_float] => 
            [title_styles_border] => 
            [title_styles_height] => 
            [title_styles_width] => 
            [title_styles_font-size] => 
            [title_styles_margin] => 
            [title_styles_padding] => 
            [title_styles_float] => 
            [row_styles_border] => 
            [row_styles_width] => 
            [row_styles_font-size] => 
            [row_styles_margin] => 
            [row_styles_padding] => 
            [row-odd_styles_border] => 
            [row-odd_styles_height] => 
            [row-odd_styles_width] => 
            [row-odd_styles_font-size] => 
            [row-odd_styles_margin] => 
            [row-odd_styles_padding] => 
            [success-msg_styles_border] => 
            [success-msg_styles_height] => 
            [success-msg_styles_width] => 
            [success-msg_styles_font-size] => 
            [success-msg_styles_margin] => 
            [success-msg_styles_padding] => 
            [error_msg_styles_border] => 
            [error_msg_styles_width] => 
            [error_msg_styles_font-size] => 
            [error_msg_styles_margin] => 
            [error_msg_styles_padding] => 
            [allow_public_link] => 0
            [embed_form] => 
            [public_link] => https://dtr-final-api-push.local/ninja-forms/15oouf
            [public_link_key] => 15oouf
            [ninjaForms] => Ninja Forms
            [fieldTextareaRTEInsertLink] => Insert Link
            [fieldTextareaRTEInsertMedia] => Insert Media
            [fieldTextareaRTESelectAFile] => Select a file
            [formHoneypot] => If you are a human seeing this field, please leave it empty.
            [fileUploadOldCodeFileUploadInProgress] => File Upload in Progress.
            [fileUploadOldCodeFileUpload] => FILE UPLOAD
            [currencySymbol] => &#36;
            [thousands_sep] => ,
            [decimal_point] => .
            [siteLocale] => en_GB
            [dateFormat] => m/d/Y
            [startOfWeek] => 1
            [of] => of
            [previousMonth] => Previous Month
            [nextMonth] => Next Month
            [months] => Array
                (
                    [0] => January
                    [1] => February
                    [2] => March
                    [3] => April
                    [4] => May
                    [5] => June
                    [6] => July
                    [7] => August
                    [8] => September
                    [9] => October
                    [10] => November
                    [11] => December
                )

            [monthsShort] => Array
                (
                    [0] => Jan
                    [1] => Feb
                    [2] => Mar
                    [3] => Apr
                    [4] => May
                    [5] => Jun
                    [6] => Jul
                    [7] => Aug
                    [8] => Sep
                    [9] => Oct
                    [10] => Nov
                    [11] => Dec
                )

            [weekdays] => Array
                (
                    [0] => Sunday
                    [1] => Monday
                    [2] => Tuesday
                    [3] => Wednesday
                    [4] => Thursday
                    [5] => Friday
                    [6] => Saturday
                )

            [weekdaysShort] => Array
                (
                    [0] => Sun
                    [1] => Mon
                    [2] => Tue
                    [3] => Wed
                    [4] => Thu
                    [5] => Fri
                    [6] => Sat
                )

            [weekdaysMin] => Array
                (
                    [0] => Su
                    [1] => Mo
                    [2] => Tu
                    [3] => We
                    [4] => Th
                    [5] => Fr
                    [6] => Sa
                )

            [recaptchaConsentMissing] => reCaptcha validation couldn&#039;t load.
            [recaptchaMissingCookie] => reCaptcha v3 validation couldn&#039;t load the cookie needed to submit the form.
            [recaptchaConsentEvent] => Accept reCaptcha cookies before sending the form.
            [save_progress_actions] => Array
                (
                    [58] => Array
                        (
                            [active] => 
                        )

                    [59] => Array
                        (
                            [active] => 
                        )

                    [60] => Array
                        (
                            [active] => 
                        )

                    [61] => Array
                        (
                            [active] => 0
                        )

                    [85] => Array
                        (
                            [active] => 
                        )

                    [86] => Array
                        (
                            [active] => 
                        )

                    [87] => Array
                        (
                            [active] => 
                        )

                    [92] => Array
                        (
                            [active] => 
                        )

                )

            [currency_symbol] => 
            [beforeForm] => <fieldset class="nf-saves-cont">

    <legend>Load saved progress</legend>

    <div class="form-save-loading">
        <!-- Loading message container. Will be removed during rendering. -->
    </div>

    <table></table>

</fieldset>

            [beforeFields] => 
            [afterFields] => 
            [afterForm] => 
        )

    [extra] => Array
        (
        )

)

[2025-09-08 22:18:45] [info] [REG-68bf5645d0f10] ====== MEMBER REGISTRATION ======
[2025-09-08 22:18:45] [info] [REG-68bf5645d0f10] [ENTRY] Processing membership registration for form 15
[2025-09-08 22:18:45] [info] [REG-68bf5645d0f10] [DEBUG] Checking Workbooks for existing person with email: one@more.test
[2025-09-08 22:18:55] [info] [REG-68bf5645d0f10] [DEBUG] Workbooks search returned a person, but email did not match exactly. Found: 'van.tran@qantas.com.au', Expected: 'one@more.test'
[2025-09-08 22:18:56] [info] [REG-68bf5645d0f10] [SUCCESS] WP user created with ID: 120
[2025-09-08 22:18:57] [info] [REG-68bf5645d0f10] [DEBUG] No existing Workbooks person found - creating new
[2025-09-08 22:18:57] [info] [REG-68bf5645d0f10] [DEBUG] Starting Workbooks sync
[2025-09-08 22:18:57] [info] [REG-68bf5645d0f10] [DEBUG] Searching for existing person with email: one@more.test
[2025-09-08 22:19:05] [info] [REG-68bf5645d0f10] [DEBUG] Workbooks search returned a person, but email did not match exactly. Found: 'van.tran@qantas.com.au', Expected: 'one@more.test'
[2025-09-08 22:19:05] [info] [REG-68bf5645d0f10] [DEBUG] No existing person found - creating new Workbooks person
[2025-09-08 22:19:05] [info] [REG-68bf5645d0f10] [DEBUG] Sending create request to Workbooks API
[2025-09-08 22:19:06] [info] [REG-68bf5645d0f10] [SUCCESS] NEW person created in Workbooks with ID: 4327516, ref: PERS-685881
[2025-09-08 22:19:06] [info] ==== MEMBER REGISTRATION =====
[2025-09-08 22:19:06] [info] User Details:
[2025-09-08 22:19:06] [info] First Name: Just One
[2025-09-08 22:19:06] [info] Last Name: More Test
[2025-09-08 22:19:06] [info] Email Address: one@more.test
[2025-09-08 22:19:06] [info] Telephone Number: 4545425245
[2025-09-08 22:19:06] [info] Job Title: Dev
[2025-09-08 22:19:06] [info] Employer: Supersonic Playground Ltd
[2025-09-08 22:19:06] [info] Country: GB
[2025-09-08 22:19:06] [info] Town: Durban
[2025-09-08 22:19:06] [info] Post Code: 4514
[2025-09-08 22:19:06] [info] 
[2025-09-08 22:19:06] [info] ---- MARKETING COMMUNICATION ----
[2025-09-08 22:19:06] [info] Newsletter: - No
[2025-09-08 22:19:06] [info] Event: - No
[2025-09-08 22:19:06] [info] Third party: - No
[2025-09-08 22:19:06] [info] Webinar: - Yes
[2025-09-08 22:19:06] [info] 
[2025-09-08 22:19:06] [info] ---- TOPICS OF INTEREST ----
[2025-09-08 22:19:06] [info] Business: - No
[2025-09-08 22:19:06] [info] Diseases: - No
[2025-09-08 22:19:06] [info] Drugs & Therapies: - No
[2025-09-08 22:19:06] [info] Genomics: - No
[2025-09-08 22:19:06] [info] Research & Development: - No
[2025-09-08 22:19:06] [info] Technology: - No
[2025-09-08 22:19:06] [info] Tools & Techniques: - Yes
[2025-09-08 22:19:06] [info] 
[2025-09-08 22:19:06] [info] ---- AREAS OF INTEREST ----
[2025-09-08 22:19:06] [info] cf_person_analysis: - Yes
[2025-09-08 22:19:06] [info] cf_person_assays: - Yes
[2025-09-08 22:19:06] [info] cf_person_imaging: - Yes
[2025-09-08 22:19:06] [info] cf_person_artificial_intelligencemachine_learning: - Yes
[2025-09-08 22:19:06] [info] cf_person_informatics: - Yes
[2025-09-08 22:19:06] [info] cf_person_lab_automation: - Yes
[2025-09-08 22:19:06] [info] cf_person_molecular_diagnostics: - Yes
[2025-09-08 22:19:06] [info] cf_person_screening_sequencing: - Yes
[2025-09-08 22:19:06] [info] 
[2025-09-08 22:19:06] [info] ---- WORDPRESS/WORKBOOKS ----
[2025-09-08 22:19:06] [info] SUCCESS: WordPress user created with ID: 120
[2025-09-08 22:19:06] [info] SUCCESS: New Workbooks person created with ID: 4327516
[2025-09-08 22:19:06] [info] Workbooks Person Ref: PERS-685881
[2025-09-08 22:19:06] [info] 
[2025-09-08 22:19:06] [info] Communication Preferences: Newsletter=No, Event=No, Third party=No, Webinar=Yes
[2025-09-08 22:19:06] [info] Topics of Interest: Business=No, Diseases=No, Drugs & Therapies=No, Genomics=No, Research & Development=No, Technology=No, Tools & Techniques=Yes
[2025-09-08 22:19:06] [info] Areas of Interest: cf_person_analysis=Yes, cf_person_assays=Yes, cf_person_biomarkers=No, cf_person_clinical_trials=No, cf_person_preclinical_research=No, cf_person_drug_discovery_processes=No, cf_person_genomics=No, cf_person_hit_to_lead=No, cf_person_imaging=Yes, cf_person_toxicology=No, cf_person_artificial_intelligencemachine_learning=Yes, cf_person_cell_gene_therapy=No, cf_person_informatics=Yes, cf_person_lab_automation=Yes, cf_person_molecular_diagnostics=Yes, cf_person_personalised_medicine=No, cf_person_screening_sequencing=Yes, cf_person_stem_cells=No, cf_person_targets=No, cf_person_translational_science=No, cf_person_protein_production=No
[2025-09-08 22:19:06] [info] 
[2025-09-08 22:19:06] [info] ==== MEMBER REGISTRATION SUCCESSFUL =====
[2025-09-08 22:19:06] [info] Member registration successful - Fucking Celebrate Good Times Come On!!!
[2025-09-08 23:04:25] [info] Ninja Forms submission data: Array
(
    [id] => 2
    [fields] => Array
        (
            [2] => Array
                (
                    [value] => 
                    [id] => 2
                    [key] => register
                )

            [56] => Array
                (
                    [value] => Final Webinar - Levon - August 2025
                    [id] => 56
                    [key] => webinar_title
                )

            [58] => Array
                (
                    [value] => 1
                    [id] => 58
                    [key] => cf_mailing_list_member_sponsor_1_optin
                )

            [68] => Array
                (
                    [value] => 161189
                    [id] => 68
                    [key] => post_id
                )

            [385] => Array
                (
                    [value] => 
                    [id] => 385
                    [key] => add_questions
                )

            [387] => Array
                (
                    [value] => Testing live
                    [id] => 387
                    [key] => question_for_speaker
                )

        )

    [settings] => Array
        (
            [objectType] => Form Setting
            [editActive] => 1
            [title] => Webinar Registration Form
            [show_title] => 0
            [allow_public_link] => 0
            [embed_form] => 
            [clear_complete] => 1
            [hide_complete] => 1
            [default_label_pos] => above
            [wrapper_class] => 
            [element_class] => 
            [form_title_heading_level] => 3
            [key] => 
            [add_submit] => 1
            [changeEmailErrorMsg] => Please enter a valid email address!
            [changeDateErrorMsg] => Please enter a valid date!
            [confirmFieldErrorMsg] => These fields must match!
            [fieldNumberNumMinError] => Number Min Error
            [fieldNumberNumMaxError] => Number Max Error
            [fieldNumberIncrementBy] => Please increment by 
            [formErrorsCorrectErrors] => Please correct errors before submitting this form.
            [validateRequiredField] => This is a required field.
            [honeypotHoneypotError] => Honeypot Error
            [fieldsMarkedRequired] => Fields marked with an <span class="ninja-forms-req-symbol">*</span> are required
            [currency] => 
            [unique_field_error] => A form with this value has already been submitted.
            [logged_in] => 
            [not_logged_in_msg] => 
            [sub_limit_msg] => The form has reached its submission limit.
            [calculations] => Array
                (
                )

            [drawerDisabled] => 
            [conditions] => Array
                (
                    [0] => Array
                        (
                            [collapsed] => 
                            [process] => 1
                            [connector] => all
                            [when] => Array
                                (
                                    [0] => Array
                                        (
                                            [connector] => AND
                                            [key] => speaker_question
                                            [comparator] => 
                                            [value] => 
                                            [type] => field
                                            [modelType] => when
                                        )

                                )

                            [then] => Array
                                (
                                    [0] => Array
                                        (
                                            [key] => speaker_question
                                            [trigger] => 
                                            [value] => 
                                            [type] => field
                                            [modelType] => then
                                        )

                                )

                            [else] => Array
                                (
                                    [0] => Array
                                        (
                                            [key] => 6
                                            [trigger] => deactivate_action
                                            [type] => action
                                            [modelType] => else
                                        )

                                )

                        )

                    [1] => Array
                        (
                            [collapsed] => 
                            [process] => 1
                            [connector] => all
                            [when] => Array
                                (
                                    [0] => Array
                                        (
                                            [connector] => AND
                                            [key] => speaker_question
                                            [comparator] => 
                                            [value] => 
                                            [type] => field
                                            [modelType] => when
                                        )

                                )

                            [then] => Array
                                (
                                    [0] => Array
                                        (
                                            [key] => speaker_question
                                            [trigger] => 
                                            [value] => 
                                            [type] => field
                                            [modelType] => then
                                        )

                                )

                            [else] => Array
                                (
                                    [0] => Array
                                        (
                                            [key] => 4
                                            [trigger] => deactivate_action
                                            [type] => action
                                            [modelType] => else
                                        )

                                )

                        )

                    [2] => Array
                        (
                            [collapsed] => 
                            [process] => 1
                            [connector] => all
                            [when] => Array
                                (
                                    [0] => Array
                                        (
                                            [connector] => AND
                                            [key] => speaker_question
                                            [comparator] => 
                                            [value] => 
                                            [type] => field
                                            [modelType] => when
                                        )

                                )

                            [then] => Array
                                (
                                    [0] => Array
                                        (
                                            [key] => speaker_question
                                            [trigger] => 
                                            [value] => 
                                            [type] => field
                                            [modelType] => then
                                        )

                                )

                            [else] => Array
                                (
                                    [0] => Array
                                        (
                                            [key] => 5
                                            [trigger] => deactivate_action
                                            [type] => action
                                            [modelType] => else
                                        )

                                )

                        )

                )

            [objectDomain] => display
            [save_progress_allow_multiple] => 
            [save_progress_table_legend] => Load saved progress
            [save_progress_table_columns] => Array
                (
                    [0] => Array
                        (
                            [errors] => Array
                                (
                                )

                            [max_options] => 0
                            [label] => Column Title
                            [field] => {field}
                            [order] => 0
                            [settingModel] => Array
                                (
                                    [settings] => 
                                    [hide_merge_tags] => 
                                    [error] => 
                                    [name] => save_progress_table_columns
                                    [type] => option-repeater
                                    [label] => Save Table Columns <a href="#" class="nf-add-new">Add New</a>
                                    [width] => full
                                    [group] => primary
                                    [columns] => Array
                                        (
                                            [field] => Array
                                                (
                                                    [header] => Field Key
                                                    [default] => 
                                                )

                                        )

                                    [value] => Array
                                        (
                                            [0] => Array
                                                (
                                                    [label] => Column Title
                                                    [field] => {field}
                                                    [order] => 0
                                                )

                                        )

                                    [tmpl_row] => tmpl-nf-save-progress-table-columns-repeater-row
                                )

                        )

                )

            [container_styles_show_advanced_css] => 0
            [title_styles_show_advanced_css] => 0
            [row_styles_show_advanced_css] => 0
            [row-odd_styles_show_advanced_css] => 0
            [success-msg_styles_show_advanced_css] => 0
            [error_msg_styles_show_advanced_css] => 0
            [mp_breadcrumb] => 1
            [mp_progress_bar] => 1
            [mp_display_titles] => 0
            [breadcrumb_container_styles_show_advanced_css] => 0
            [breadcrumb_buttons_styles_show_advanced_css] => 0
            [breadcrumb_button_hover_styles_show_advanced_css] => 0
            [breadcrumb_active_button_styles_show_advanced_css] => 0
            [progress_bar_container_styles_show_advanced_css] => 0
            [progress_bar_fill_styles_show_advanced_css] => 0
            [part_titles_styles_show_advanced_css] => 0
            [navigation_container_styles_show_advanced_css] => 0
            [previous_button_styles_show_advanced_css] => 0
            [next_button_styles_show_advanced_css] => 0
            [navigation_hover_styles_show_advanced_css] => 0
            [ninjaForms] => Ninja Forms
            [fieldTextareaRTEInsertLink] => Insert Link
            [fieldTextareaRTEInsertMedia] => Insert Media
            [fieldTextareaRTESelectAFile] => Select a file
            [formHoneypot] => If you are a human seeing this field, please leave it empty.
            [fileUploadOldCodeFileUploadInProgress] => File Upload in Progress.
            [fileUploadOldCodeFileUpload] => FILE UPLOAD
            [currencySymbol] => &#36;
            [thousands_sep] => ,
            [decimal_point] => .
            [siteLocale] => en_GB
            [dateFormat] => m/d/Y
            [startOfWeek] => 1
            [of] => of
            [previousMonth] => Previous Month
            [nextMonth] => Next Month
            [months] => Array
                (
                    [0] => January
                    [1] => February
                    [2] => March
                    [3] => April
                    [4] => May
                    [5] => June
                    [6] => July
                    [7] => August
                    [8] => September
                    [9] => October
                    [10] => November
                    [11] => December
                )

            [monthsShort] => Array
                (
                    [0] => Jan
                    [1] => Feb
                    [2] => Mar
                    [3] => Apr
                    [4] => May
                    [5] => Jun
                    [6] => Jul
                    [7] => Aug
                    [8] => Sep
                    [9] => Oct
                    [10] => Nov
                    [11] => Dec
                )

            [weekdays] => Array
                (
                    [0] => Sunday
                    [1] => Monday
                    [2] => Tuesday
                    [3] => Wednesday
                    [4] => Thursday
                    [5] => Friday
                    [6] => Saturday
                )

            [weekdaysShort] => Array
                (
                    [0] => Sun
                    [1] => Mon
                    [2] => Tue
                    [3] => Wed
                    [4] => Thu
                    [5] => Fri
                    [6] => Sat
                )

            [weekdaysMin] => Array
                (
                    [0] => Su
                    [1] => Mo
                    [2] => Tu
                    [3] => We
                    [4] => Th
                    [5] => Fr
                    [6] => Sa
                )

            [recaptchaConsentMissing] => reCaptcha validation couldn&#039;t load.
            [recaptchaMissingCookie] => reCaptcha v3 validation couldn&#039;t load the cookie needed to submit the form.
            [recaptchaConsentEvent] => Accept reCaptcha cookies before sending the form.
            [save_progress_actions] => Array
                (
                    [4] => Array
                        (
                            [active] => 
                        )

                    [5] => Array
                        (
                            [active] => 
                        )

                    [6] => Array
                        (
                            [active] => 
                        )

                    [16] => Array
                        (
                            [active] => 
                        )

                    [45] => Array
                        (
                            [active] => 
                        )

                    [140] => Array
                        (
                            [active] => 
                        )

                )

            [currency_symbol] => 
            [beforeForm] => <fieldset class="nf-saves-cont">

    <legend>Load saved progress</legend>

    <div class="form-save-loading">
        <!-- Loading message container. Will be removed during rendering. -->
    </div>

    <table></table>

</fieldset>

            [beforeFields] => 
            [afterFields] => 
            [afterForm] => 
        )

    [extra] => Array
        (
        )

)

