2025-09-23T02:09:52+00:00 -- form-submission-processors-ninjaform-hooks.php loaded
2025-09-23T02:09:54+00:00 -- form-submission-processors-ninjaform-hooks.php loaded
2025-09-23T02:09:57+00:00 -- form-submission-processors-ninjaform-hooks.php loaded
2025-09-23T02:09:58+00:00 -- form-submission-processors-ninjaform-hooks.php loaded
2025-09-23T02:09:59+00:00 -- form-submission-processors-ninjaform-hooks.php loaded
2025-09-23T02:10:05+00:00 -- form-submission-processors-ninjaform-hooks.php loaded
2025-09-23T02:10:08+00:00 -- form-submission-processors-ninjaform-hooks.php loaded
2025-09-23T02:10:09+00:00 -- form-submission-processors-ninjaform-hooks.php loaded
2025-09-23T02:11:19+00:00 -- form-submission-processors-ninjaform-hooks.php loaded
2025-09-23T02:11:22+00:00 -- form-submission-processors-ninjaform-hooks.php loaded
2025-09-23T02:11:23+00:00 -- form-submission-processors-ninjaform-hooks.php loaded
2025-09-23T02:11:26+00:00 -- form-submission-processors-ninjaform-hooks.php loaded
2025-09-23T02:11:26+00:00 -- form-submission-processors-ninjaform-hooks.php loaded
2025-09-23 02:11:28 [DTR-Gated] Early structure patch for form ID: 2
2025-09-23T02:11:39+00:00 -- form-submission-processors-ninjaform-hooks.php loaded
2025-09-23T02:11:39+00:00 -- form-submission-processors-ninjaform-hooks.php loaded
2025-09-23T02:11:45+00:00 -- form-submission-processors-ninjaform-hooks.php loaded
2025-09-23T02:11:51+00:00 -- dtr_handle_gated_content_submission called for form_id=2
2025-09-23 02:11:51 [GATED-68d201e7d5376] Processing submission for form ID: 2
2025-09-23 02:11:51 [GATED-68d201e7d5376] Routing form ID 2 as type: webinar
2025-09-23 02:11:51 [GATED-68d201e7d5376] Processing webinar submission
2025-09-23T02:15:20+00:00 -- form-submission-processors-ninjaform-hooks.php loaded
2025-09-23T02:15:20+00:00 -- form-submission-processors-ninjaform-hooks.php loaded
2025-09-23T02:15:29+00:00 -- form-submission-processors-ninjaform-hooks.php loaded
2025-09-23T02:15:30+00:00 -- form-submission-processors-ninjaform-hooks.php loaded
2025-09-23T02:15:32+00:00 -- form-submission-processors-ninjaform-hooks.php loaded
2025-09-23T02:15:34+00:00 -- form-submission-processors-ninjaform-hooks.php loaded
2025-09-23T02:15:41+00:00 -- form-submission-processors-ninjaform-hooks.php loaded
2025-09-23T02:15:43+00:00 -- form-submission-processors-ninjaform-hooks.php loaded
2025-09-23T02:15:47+00:00 -- form-submission-processors-ninjaform-hooks.php loaded
2025-09-23T02:15:48+00:00 -- form-submission-processors-ninjaform-hooks.php loaded
2025-09-23T02:15:50+00:00 -- form-submission-processors-ninjaform-hooks.php loaded
2025-09-23T02:15:51+00:00 -- form-submission-processors-ninjaform-hooks.php loaded
2025-09-23T02:15:52+00:00 -- form-submission-processors-ninjaform-hooks.php loaded
2025-09-23T02:15:57+00:00 -- form-submission-processors-ninjaform-hooks.php loaded
2025-09-23T02:16:21+00:00 -- form-submission-processors-ninjaform-hooks.php loaded
2025-09-23T02:16:29+00:00 -- form-submission-processors-ninjaform-hooks.php loaded
2025-09-23T02:16:39+00:00 -- form-submission-processors-ninjaform-hooks.php loaded
2025-09-23T02:17:39+00:00 -- form-submission-processors-ninjaform-hooks.php loaded
2025-09-23T02:19:39+00:00 -- form-submission-processors-ninjaform-hooks.php loaded
2025-09-23T02:19:44+00:00 -- form-submission-processors-ninjaform-hooks.php loaded
2025-09-23T02:20:16+00:00 -- form-submission-processors-ninjaform-hooks.php loaded
2025-09-23T02:20:24+00:00 -- form-submission-processors-ninjaform-hooks.php loaded
2025-09-23T02:21:39+00:00 -- form-submission-processors-ninjaform-hooks.php loaded
2025-09-23T02:21:44+00:00 -- form-submission-processors-ninjaform-hooks.php loaded
2025-09-23T02:23:38+00:00 -- form-submission-processors-ninjaform-hooks.php loaded
2025-09-23T02:23:42+00:00 -- form-submission-processors-ninjaform-hooks.php loaded
2025-09-23T02:24:01+00:00 -- form-submission-processors-ninjaform-hooks.php loaded
2025-09-23T02:24:09+00:00 -- form-submission-processors-ninjaform-hooks.php loaded
2025-09-23T02:24:15+00:00 -- form-submission-processors-ninjaform-hooks.php loaded
2025-09-23T02:24:27+00:00 -- form-submission-processors-ninjaform-hooks.php loaded
2025-09-23T02:24:27+00:00 -- form-submission-processors-ninjaform-hooks.php loaded
2025-09-23T02:24:34+00:00 -- form-submission-processors-ninjaform-hooks.php loaded
2025-09-23T02:24:43+00:00 -- form-submission-processors-ninjaform-hooks.php loaded
2025-09-23T02:24:44+00:00 -- form-submission-processors-ninjaform-hooks.php loaded
2025-09-23T02:24:48+00:00 -- form-submission-processors-ninjaform-hooks.php loaded
2025-09-23T02:25:02+00:00 -- form-submission-processors-ninjaform-hooks.php loaded
2025-09-23T02:25:02+00:00 -- form-submission-processors-ninjaform-hooks.php loaded
2025-09-23T02:25:11+00:00 -- form-submission-processors-ninjaform-hooks.php loaded
2025-09-23T02:25:13+00:00 -- form-submission-processors-ninjaform-hooks.php loaded
2025-09-23T02:25:21+00:00 -- form-submission-processors-ninjaform-hooks.php loaded
2025-09-23 02:25:23 [DTR-Gated] Early structure patch for form ID: 2
2025-09-23T02:25:33+00:00 -- form-submission-processors-ninjaform-hooks.php loaded
2025-09-23T02:25:33+00:00 -- form-submission-processors-ninjaform-hooks.php loaded
2025-09-23T02:25:37+00:00 -- form-submission-processors-ninjaform-hooks.php loaded
2025-09-23T02:25:42+00:00 -- dtr_handle_gated_content_submission called for form_id=2
2025-09-23 02:25:42 [GATED-68d205266f76e] Processing submission for form ID: 2
2025-09-23 02:25:42 [GATED-68d205266f76e] Routing form ID 2 as type: webinar
2025-09-23 02:25:42 [GATED-68d205266f76e] Processing webinar submission
2025-09-23T02:26:15+00:00 -- form-submission-processors-ninjaform-hooks.php loaded
2025-09-23T02:26:24+00:00 -- form-submission-processors-ninjaform-hooks.php loaded
2025-09-23T02:28:14+00:00 -- form-submission-processors-ninjaform-hooks.php loaded
2025-09-23T02:28:46+00:00 -- form-submission-processors-ninjaform-hooks.php loaded
2025-09-23T02:30:13+00:00 -- form-submission-processors-ninjaform-hooks.php loaded
2025-09-23T02:30:56+00:00 -- form-submission-processors-ninjaform-hooks.php loaded
2025-09-23T02:30:56+00:00 -- form-submission-processors-ninjaform-hooks.php loaded
2025-09-23T02:31:02+00:00 -- form-submission-processors-ninjaform-hooks.php loaded
2025-09-23T02:31:09+00:00 -- form-submission-processors-ninjaform-hooks.php loaded
2025-09-23T02:31:09+00:00 -- form-submission-processors-ninjaform-hooks.php loaded
2025-09-23T02:31:17+00:00 -- form-submission-processors-ninjaform-hooks.php loaded
2025-09-23T02:31:26+00:00 -- form-submission-processors-ninjaform-hooks.php loaded
2025-09-23T02:31:27+00:00 -- form-submission-processors-ninjaform-hooks.php loaded
2025-09-23T02:31:38+00:00 -- form-submission-processors-ninjaform-hooks.php loaded
2025-09-23T02:31:45+00:00 -- form-submission-processors-ninjaform-hooks.php loaded
2025-09-23T02:31:50+00:00 -- form-submission-processors-ninjaform-hooks.php loaded
2025-09-23T02:31:59+00:00 -- form-submission-processors-ninjaform-hooks.php loaded
2025-09-23 02:32:04 [DTR-Gated] Early structure patch for form ID: 2
2025-09-23T02:32:24+00:00 -- form-submission-processors-ninjaform-hooks.php loaded
2025-09-23T02:32:24+00:00 -- form-submission-processors-ninjaform-hooks.php loaded
2025-09-23T02:32:34+00:00 -- form-submission-processors-ninjaform-hooks.php loaded
2025-09-23T02:32:34+00:00 -- form-submission-processors-ninjaform-hooks.php loaded
2025-09-23T02:32:45+00:00 -- dtr_handle_gated_content_submission called for form_id=2
2025-09-23 02:32:45 [GATED-68d206cd3dbee] Processing submission for form ID: 2
2025-09-23 02:32:45 [GATED-68d206cd3dbee] Routing form ID 2 as type: webinar
2025-09-23 02:32:45 [GATED-68d206cd3dbee] Processing webinar submission
2025-09-23T02:40:15+00:00 -- form-submission-processors-ninjaform-hooks.php loaded
2025-09-23T02:40:15+00:00 -- form-submission-processors-ninjaform-hooks.php loaded
2025-09-23T02:40:19+00:00 -- form-submission-processors-ninjaform-hooks.php loaded
2025-09-23T02:40:21+00:00 -- form-submission-processors-ninjaform-hooks.php loaded
2025-09-23T02:40:22+00:00 -- form-submission-processors-ninjaform-hooks.php loaded
2025-09-23T02:40:22+00:00 -- form-submission-processors-ninjaform-hooks.php loaded
2025-09-23T02:40:28+00:00 -- form-submission-processors-ninjaform-hooks.php loaded
2025-09-23T02:40:29+00:00 -- form-submission-processors-ninjaform-hooks.php loaded
2025-09-23T02:40:39+00:00 -- form-submission-processors-ninjaform-hooks.php loaded
2025-09-23T02:43:10+00:00 -- form-submission-processors-ninjaform-hooks.php loaded
2025-09-23T02:43:10+00:00 -- form-submission-processors-ninjaform-hooks.php loaded
2025-09-23T02:43:13+00:00 -- form-submission-processors-ninjaform-hooks.php loaded
2025-09-23T02:43:13+00:00 -- form-submission-processors-ninjaform-hooks.php loaded
2025-09-23T02:43:14+00:00 -- form-submission-processors-ninjaform-hooks.php loaded
2025-09-23T02:43:24+00:00 -- form-submission-processors-ninjaform-hooks.php loaded
2025-09-23T02:43:27+00:00 -- form-submission-processors-ninjaform-hooks.php loaded
2025-09-23T02:43:35+00:00 -- form-submission-processors-ninjaform-hooks.php loaded
2025-09-23T02:43:37+00:00 -- form-submission-processors-ninjaform-hooks.php loaded
2025-09-23T02:43:38+00:00 -- form-submission-processors-ninjaform-hooks.php loaded
2025-09-23 02:43:39 [DTR-Gated] Early structure patch for form ID: 2
2025-09-23T02:43:45+00:00 -- form-submission-processors-ninjaform-hooks.php loaded
2025-09-23T02:43:45+00:00 -- form-submission-processors-ninjaform-hooks.php loaded
2025-09-23T02:43:50+00:00 -- form-submission-processors-ninjaform-hooks.php loaded
2025-09-23T02:43:57+00:00 -- dtr_handle_gated_content_submission called for form_id=2
2025-09-23 02:43:57 [GATED-68d2096d8ea94] Processing submission for form ID: 2
2025-09-23 02:43:57 [GATED-68d2096d8ea94] Routing form ID 2 as type: webinar
2025-09-23 02:43:57 [GATED-68d2096d8ea94] Processing webinar submission
2025-09-23T02:48:55+00:00 -- form-submission-processors-ninjaform-hooks.php loaded
2025-09-23T02:48:55+00:00 -- form-submission-processors-ninjaform-hooks.php loaded
2025-09-23T02:48:59+00:00 -- form-submission-processors-ninjaform-hooks.php loaded
2025-09-23T02:49:01+00:00 -- form-submission-processors-ninjaform-hooks.php loaded
2025-09-23T02:49:01+00:00 -- form-submission-processors-ninjaform-hooks.php loaded
2025-09-23T02:49:03+00:00 -- form-submission-processors-ninjaform-hooks.php loaded
2025-09-23T02:49:03+00:00 -- form-submission-processors-ninjaform-hooks.php loaded
2025-09-23T02:49:10+00:00 -- form-submission-processors-ninjaform-hooks.php loaded
2025-09-23T02:49:12+00:00 -- form-submission-processors-ninjaform-hooks.php loaded
2025-09-23T02:49:13+00:00 -- form-submission-processors-ninjaform-hooks.php loaded
2025-09-23T02:49:14+00:00 -- form-submission-processors-ninjaform-hooks.php loaded
2025-09-23 02:49:15 [DTR-Gated] Early structure patch for form ID: 2
2025-09-23T02:49:15+00:00 -- form-submission-processors-ninjaform-hooks.php loaded
2025-09-23T02:49:16+00:00 -- form-submission-processors-ninjaform-hooks.php loaded
2025-09-23T02:49:23+00:00 -- form-submission-processors-ninjaform-hooks.php loaded
2025-09-23 02:49:24 [DTR-Gated] Early structure patch for form ID: 2
2025-09-23T02:49:44+00:00 -- form-submission-processors-ninjaform-hooks.php loaded
2025-09-23T02:49:44+00:00 -- form-submission-processors-ninjaform-hooks.php loaded
2025-09-23T02:49:46+00:00 -- form-submission-processors-ninjaform-hooks.php loaded
2025-09-23T02:49:51+00:00 -- dtr_handle_gated_content_submission called for form_id=2
2025-09-23 02:49:51 [GATED-68d20acf90c72] Processing submission for form ID: 2
2025-09-23 02:49:51 [GATED-68d20acf90c72] Routing form ID 2 as type: webinar
2025-09-23 02:49:51 [GATED-68d20acf90c72] Processing webinar submission
2025-09-23T02:50:15+00:00 -- form-submission-processors-ninjaform-hooks.php loaded
2025-09-23T02:50:16+00:00 -- form-submission-processors-ninjaform-hooks.php loaded
2025-09-23T02:50:17+00:00 -- form-submission-processors-ninjaform-hooks.php loaded
2025-09-23T02:52:15+00:00 -- form-submission-processors-ninjaform-hooks.php loaded
2025-09-23T02:52:16+00:00 -- form-submission-processors-ninjaform-hooks.php loaded
2025-09-23T02:53:41+00:00 -- form-submission-processors-ninjaform-hooks.php loaded
2025-09-23T02:53:41+00:00 -- form-submission-processors-ninjaform-hooks.php loaded
2025-09-23T02:53:42+00:00 -- form-submission-processors-ninjaform-hooks.php loaded
2025-09-23T02:53:43+00:00 -- form-submission-processors-ninjaform-hooks.php loaded
2025-09-23T02:53:48+00:00 -- form-submission-processors-ninjaform-hooks.php loaded
2025-09-23T02:53:50+00:00 -- form-submission-processors-ninjaform-hooks.php loaded
2025-09-23T02:53:52+00:00 -- form-submission-processors-ninjaform-hooks.php loaded
2025-09-23T02:53:52+00:00 -- form-submission-processors-ninjaform-hooks.php loaded
2025-09-23T02:53:53+00:00 -- form-submission-processors-ninjaform-hooks.php loaded
2025-09-23 02:53:54 [DTR-Gated] Early structure patch for form ID: 2
2025-09-23T02:53:59+00:00 -- form-submission-processors-ninjaform-hooks.php loaded
2025-09-23T02:53:59+00:00 -- form-submission-processors-ninjaform-hooks.php loaded
2025-09-23T02:54:00+00:00 -- form-submission-processors-ninjaform-hooks.php loaded
2025-09-23T02:54:05+00:00 -- dtr_handle_gated_content_submission called for form_id=2
2025-09-23 02:54:05 [GATED-68d20bcd8c716] Processing submission for form ID: 2
2025-09-23 02:54:05 [GATED-68d20bcd8c716] Routing form ID 2 as type: webinar
2025-09-23 02:54:05 [GATED-68d20bcd8c716] Processing webinar submission
2025-09-23T02:55:37+00:00 -- form-submission-processors-ninjaform-hooks.php loaded
2025-09-23T02:55:38+00:00 -- form-submission-processors-ninjaform-hooks.php loaded
2025-09-23T02:55:39+00:00 -- form-submission-processors-ninjaform-hooks.php loaded
2025-09-23T02:55:44+00:00 -- form-submission-processors-ninjaform-hooks.php loaded
2025-09-23T02:55:45+00:00 -- form-submission-processors-ninjaform-hooks.php loaded
2025-09-23T02:55:48+00:00 -- form-submission-processors-ninjaform-hooks.php loaded
2025-09-23T02:55:50+00:00 -- form-submission-processors-ninjaform-hooks.php loaded
2025-09-23T02:55:55+00:00 -- form-submission-processors-ninjaform-hooks.php loaded
2025-09-23T02:55:55+00:00 -- form-submission-processors-ninjaform-hooks.php loaded
2025-09-23 02:55:56 [DTR-Gated] Early structure patch for form ID: 2
2025-09-23T02:55:56+00:00 -- form-submission-processors-ninjaform-hooks.php loaded
2025-09-23T02:55:58+00:00 -- form-submission-processors-ninjaform-hooks.php loaded
2025-09-23T02:55:58+00:00 -- form-submission-processors-ninjaform-hooks.php loaded
2025-09-23T02:56:03+00:00 -- form-submission-processors-ninjaform-hooks.php loaded
2025-09-23T02:56:08+00:00 -- dtr_handle_gated_content_submission called for form_id=2
2025-09-23 02:56:08 [GATED-68d20c48673fc] Processing submission for form ID: 2
2025-09-23 02:56:08 [GATED-68d20c48673fc] Routing form ID 2 as type: webinar
2025-09-23 02:56:08 [GATED-68d20c48673fc] Processing webinar submission
2025-09-23T02:56:50+00:00 -- form-submission-processors-ninjaform-hooks.php loaded
2025-09-23T02:56:52+00:00 -- form-submission-processors-ninjaform-hooks.php loaded
2025-09-23T02:56:53+00:00 -- form-submission-processors-ninjaform-hooks.php loaded
2025-09-23T02:58:50+00:00 -- form-submission-processors-ninjaform-hooks.php loaded
2025-09-23T02:58:51+00:00 -- form-submission-processors-ninjaform-hooks.php loaded
2025-09-23T03:00:43+00:00 -- form-submission-processors-ninjaform-hooks.php loaded
2025-09-23T03:00:43+00:00 -- form-submission-processors-ninjaform-hooks.php loaded
2025-09-23T03:00:45+00:00 -- form-submission-processors-ninjaform-hooks.php loaded
2025-09-23T03:00:46+00:00 -- form-submission-processors-ninjaform-hooks.php loaded
2025-09-23T03:00:51+00:00 -- form-submission-processors-ninjaform-hooks.php loaded
2025-09-23T03:00:53+00:00 -- form-submission-processors-ninjaform-hooks.php loaded
2025-09-23T03:01:53+00:00 -- form-submission-processors-ninjaform-hooks.php loaded
2025-09-23T03:01:55+00:00 -- form-submission-processors-ninjaform-hooks.php loaded
2025-09-23T03:02:42+00:00 -- form-submission-processors-ninjaform-hooks.php loaded
2025-09-23T03:02:42+00:00 -- form-submission-processors-ninjaform-hooks.php loaded
2025-09-23T03:02:44+00:00 -- form-submission-processors-ninjaform-hooks.php loaded
2025-09-23 03:02:44 [DTR-Gated] Early structure patch for form ID: 2
2025-09-23T03:02:45+00:00 -- form-submission-processors-ninjaform-hooks.php loaded
2025-09-23T03:02:47+00:00 -- form-submission-processors-ninjaform-hooks.php loaded
2025-09-23T03:02:49+00:00 -- form-submission-processors-ninjaform-hooks.php loaded
2025-09-23T03:02:53+00:00 -- form-submission-processors-ninjaform-hooks.php loaded
2025-09-23T03:03:21+00:00 -- form-submission-processors-ninjaform-hooks.php loaded
2025-09-23T03:03:22+00:00 -- form-submission-processors-ninjaform-hooks.php loaded
2025-09-23T03:03:26+00:00 -- dtr_handle_gated_content_submission called for form_id=2
2025-09-23 03:03:26 [GATED-68d20dfed8e50] Processing submission for form ID: 2
2025-09-23 03:03:26 [GATED-68d20dfed8e50] Routing form ID 2 as type: webinar
2025-09-23 03:03:26 [GATED-68d20dfed8e50] Processing webinar submission
2025-09-23T03:04:53+00:00 -- form-submission-processors-ninjaform-hooks.php loaded
2025-09-23T03:04:54+00:00 -- form-submission-processors-ninjaform-hooks.php loaded
2025-09-23T03:04:55+00:00 -- form-submission-processors-ninjaform-hooks.php loaded
2025-09-23T03:06:53+00:00 -- form-submission-processors-ninjaform-hooks.php loaded
2025-09-23T03:06:54+00:00 -- form-submission-processors-ninjaform-hooks.php loaded
2025-09-23T03:07:50+00:00 -- form-submission-processors-ninjaform-hooks.php loaded
2025-09-23T03:07:51+00:00 -- form-submission-processors-ninjaform-hooks.php loaded
2025-09-23T03:07:52+00:00 -- form-submission-processors-ninjaform-hooks.php loaded
2025-09-23T03:07:54+00:00 -- form-submission-processors-ninjaform-hooks.php loaded
2025-09-23T03:08:02+00:00 -- form-submission-processors-ninjaform-hooks.php loaded
2025-09-23T03:08:16+00:00 -- form-submission-processors-ninjaform-hooks.php loaded
2025-09-23T03:08:18+00:00 -- form-submission-processors-ninjaform-hooks.php loaded
2025-09-23T03:08:18+00:00 -- form-submission-processors-ninjaform-hooks.php loaded
2025-09-23T03:08:26+00:00 -- form-submission-processors-ninjaform-hooks.php loaded
2025-09-23T03:08:26+00:00 -- form-submission-processors-ninjaform-hooks.php loaded
2025-09-23T03:08:28+00:00 -- form-submission-processors-ninjaform-hooks.php loaded
2025-09-23 03:08:28 [DTR-Gated] Early structure patch for form ID: 2
2025-09-23T03:08:32+00:00 -- form-submission-processors-ninjaform-hooks.php loaded
2025-09-23T03:08:32+00:00 -- form-submission-processors-ninjaform-hooks.php loaded
2025-09-23T03:08:38+00:00 -- form-submission-processors-ninjaform-hooks.php loaded
2025-09-23 03:08:39 [DTR-Gated] Early structure patch for form ID: 2
2025-09-23T03:08:44+00:00 -- form-submission-processors-ninjaform-hooks.php loaded
2025-09-23T03:08:44+00:00 -- form-submission-processors-ninjaform-hooks.php loaded
2025-09-23T03:08:45+00:00 -- form-submission-processors-ninjaform-hooks.php loaded
2025-09-23T03:08:50+00:00 -- dtr_handle_gated_content_submission called for form_id=2
2025-09-23 03:08:50 [GATED-68d20f42a2ce4] Processing submission for form ID: 2
2025-09-23 03:08:50 [GATED-68d20f42a2ce4] Routing form ID 2 as type: webinar
2025-09-23 03:08:50 [GATED-68d20f42a2ce4] Processing webinar submission
2025-09-23T03:08:53+00:00 -- form-submission-processors-ninjaform-hooks.php loaded
2025-09-23T03:09:19+00:00 -- form-submission-processors-ninjaform-hooks.php loaded
2025-09-23T03:09:21+00:00 -- form-submission-processors-ninjaform-hooks.php loaded
2025-09-23T03:09:22+00:00 -- form-submission-processors-ninjaform-hooks.php loaded
2025-09-23T03:10:30+00:00 -- form-submission-processors-ninjaform-hooks.php loaded
2025-09-23T03:10:31+00:00 -- form-submission-processors-ninjaform-hooks.php loaded
2025-09-23T03:10:32+00:00 -- form-submission-processors-ninjaform-hooks.php loaded
2025-09-23T03:10:33+00:00 -- form-submission-processors-ninjaform-hooks.php loaded
2025-09-23T03:10:38+00:00 -- form-submission-processors-ninjaform-hooks.php loaded
2025-09-23T03:10:40+00:00 -- form-submission-processors-ninjaform-hooks.php loaded
2025-09-23T03:10:43+00:00 -- form-submission-processors-ninjaform-hooks.php loaded
2025-09-23T03:10:43+00:00 -- form-submission-processors-ninjaform-hooks.php loaded
2025-09-23 03:10:43 [DTR-Gated] Early structure patch for form ID: 2
2025-09-23T03:10:44+00:00 -- form-submission-processors-ninjaform-hooks.php loaded
2025-09-23T03:10:44+00:00 -- form-submission-processors-ninjaform-hooks.php loaded
2025-09-23 03:10:44 [DTR-Gated] Early structure patch for form ID: 2
2025-09-23T03:10:44+00:00 -- form-submission-processors-ninjaform-hooks.php loaded
2025-09-23T03:10:45+00:00 -- form-submission-processors-ninjaform-hooks.php loaded
2025-09-23T03:10:45+00:00 -- form-submission-processors-ninjaform-hooks.php loaded
2025-09-23T03:10:46+00:00 -- form-submission-processors-ninjaform-hooks.php loaded
2025-09-23T03:10:47+00:00 -- form-submission-processors-ninjaform-hooks.php loaded
2025-09-23T03:10:47+00:00 -- form-submission-processors-ninjaform-hooks.php loaded
2025-09-23 03:10:47 [DTR-Gated] Early structure patch for form ID: 2
2025-09-23T03:10:48+00:00 -- form-submission-processors-ninjaform-hooks.php loaded
2025-09-23T03:10:48+00:00 -- form-submission-processors-ninjaform-hooks.php loaded
2025-09-23T03:10:48+00:00 -- form-submission-processors-ninjaform-hooks.php loaded
2025-09-23 03:10:49 [DTR-Gated] Early structure patch for form ID: 2
2025-09-23T03:10:49+00:00 -- form-submission-processors-ninjaform-hooks.php loaded
2025-09-23T03:10:49+00:00 -- form-submission-processors-ninjaform-hooks.php loaded
2025-09-23T03:10:50+00:00 -- form-submission-processors-ninjaform-hooks.php loaded
2025-09-23 03:10:50 [DTR-Gated] Early structure patch for form ID: 2
2025-09-23T03:10:50+00:00 -- form-submission-processors-ninjaform-hooks.php loaded
2025-09-23 03:10:51 [DTR-Gated] Early structure patch for form ID: 2
2025-09-23T03:10:51+00:00 -- form-submission-processors-ninjaform-hooks.php loaded
2025-09-23T03:10:51+00:00 -- form-submission-processors-ninjaform-hooks.php loaded
2025-09-23T03:10:52+00:00 -- form-submission-processors-ninjaform-hooks.php loaded
2025-09-23 03:10:52 [DTR-Gated] Early structure patch for form ID: 2
2025-09-23T03:10:53+00:00 -- form-submission-processors-ninjaform-hooks.php loaded
2025-09-23T03:10:53+00:00 -- form-submission-processors-ninjaform-hooks.php loaded
2025-09-23T03:10:53+00:00 -- form-submission-processors-ninjaform-hooks.php loaded
2025-09-23T03:10:54+00:00 -- form-submission-processors-ninjaform-hooks.php loaded
2025-09-23 03:10:54 [DTR-Gated] Early structure patch for form ID: 2
2025-09-23T03:10:54+00:00 -- form-submission-processors-ninjaform-hooks.php loaded
2025-09-23T03:11:05+00:00 -- form-submission-processors-ninjaform-hooks.php loaded
2025-09-23T03:11:05+00:00 -- form-submission-processors-ninjaform-hooks.php loaded
2025-09-23T03:11:06+00:00 -- form-submission-processors-ninjaform-hooks.php loaded
2025-09-23T03:11:11+00:00 -- dtr_handle_gated_content_submission called for form_id=2
2025-09-23 03:11:11 [GATED-68d20fcf929cb] Processing submission for form ID: 2
2025-09-23 03:11:11 [GATED-68d20fcf929cb] Routing form ID 2 as type: webinar
2025-09-23 03:11:11 [GATED-68d20fcf929cb] Processing webinar submission
2025-09-23T03:12:55+00:00 -- form-submission-processors-ninjaform-hooks.php loaded
2025-09-23T03:12:57+00:00 -- form-submission-processors-ninjaform-hooks.php loaded
2025-09-23T03:12:58+00:00 -- form-submission-processors-ninjaform-hooks.php loaded
2025-09-23T03:14:42+00:00 -- form-submission-processors-ninjaform-hooks.php loaded
2025-09-23T03:14:42+00:00 -- form-submission-processors-ninjaform-hooks.php loaded
2025-09-23T03:14:45+00:00 -- form-submission-processors-ninjaform-hooks.php loaded
2025-09-23T03:14:45+00:00 -- form-submission-processors-ninjaform-hooks.php loaded
2025-09-23T03:14:48+00:00 -- form-submission-processors-ninjaform-hooks.php loaded
2025-09-23T03:14:51+00:00 -- form-submission-processors-ninjaform-hooks.php loaded
2025-09-23T03:14:53+00:00 -- form-submission-processors-ninjaform-hooks.php loaded
2025-09-23T03:14:54+00:00 -- form-submission-processors-ninjaform-hooks.php loaded
2025-09-23T03:14:54+00:00 -- form-submission-processors-ninjaform-hooks.php loaded
2025-09-23 03:14:55 [DTR-Gated] Early structure patch for form ID: 2
2025-09-23T03:14:55+00:00 -- form-submission-processors-ninjaform-hooks.php loaded
2025-09-23T03:14:55+00:00 -- form-submission-processors-ninjaform-hooks.php loaded
2025-09-23T03:14:56+00:00 -- form-submission-processors-ninjaform-hooks.php loaded
2025-09-23T03:14:57+00:00 -- form-submission-processors-ninjaform-hooks.php loaded
2025-09-23 03:14:57 [DTR-Gated] Early structure patch for form ID: 2
2025-09-23T03:14:59+00:00 -- form-submission-processors-ninjaform-hooks.php loaded
2025-09-23T03:14:59+00:00 -- form-submission-processors-ninjaform-hooks.php loaded
2025-09-23T03:15:02+00:00 -- form-submission-processors-ninjaform-hooks.php loaded
2025-09-23 03:15:03 [DTR-Gated] Early structure patch for form ID: 2
2025-09-23T03:15:04+00:00 -- form-submission-processors-ninjaform-hooks.php loaded
2025-09-23T03:15:06+00:00 -- form-submission-processors-ninjaform-hooks.php loaded
2025-09-23T03:15:07+00:00 -- form-submission-processors-ninjaform-hooks.php loaded
2025-09-23T03:15:15+00:00 -- form-submission-processors-ninjaform-hooks.php loaded
2025-09-23T03:15:16+00:00 -- form-submission-processors-ninjaform-hooks.php loaded
2025-09-23T03:15:20+00:00 -- dtr_handle_gated_content_submission called for form_id=2
2025-09-23 03:15:20 [GATED-68d210c864095] Processing submission for form ID: 2
2025-09-23 03:15:20 [GATED-68d210c864095] Routing form ID 2 as type: webinar
2025-09-23 03:15:20 [GATED-68d210c864095] Processing webinar submission
2025-09-23T03:15:53+00:00 -- form-submission-processors-ninjaform-hooks.php loaded
2025-09-23T03:15:54+00:00 -- form-submission-processors-ninjaform-hooks.php loaded
2025-09-23T03:17:53+00:00 -- form-submission-processors-ninjaform-hooks.php loaded
2025-09-23T03:17:54+00:00 -- form-submission-processors-ninjaform-hooks.php loaded
2025-09-23T03:18:05+00:00 -- form-submission-processors-ninjaform-hooks.php loaded
2025-09-23T03:18:08+00:00 -- form-submission-processors-ninjaform-hooks.php loaded
2025-09-23T03:18:21+00:00 -- form-submission-processors-ninjaform-hooks.php loaded
2025-09-23T03:18:23+00:00 -- form-submission-processors-ninjaform-hooks.php loaded
2025-09-23T03:18:23+00:00 -- form-submission-processors-ninjaform-hooks.php loaded
2025-09-23T03:18:27+00:00 -- form-submission-processors-ninjaform-hooks.php loaded
2025-09-23T03:18:27+00:00 -- form-submission-processors-ninjaform-hooks.php loaded
2025-09-23T03:18:30+00:00 -- form-submission-processors-ninjaform-hooks.php loaded
2025-09-23 03:18:31 [DTR-Gated] Early structure patch for form ID: 2
2025-09-23T03:18:34+00:00 -- form-submission-processors-ninjaform-hooks.php loaded
2025-09-23T03:18:34+00:00 -- form-submission-processors-ninjaform-hooks.php loaded
2025-09-23T03:18:39+00:00 -- form-submission-processors-ninjaform-hooks.php loaded
2025-09-23 03:18:40 [DTR-Gated] Early structure patch for form ID: 2
2025-09-23T03:18:43+00:00 -- form-submission-processors-ninjaform-hooks.php loaded
2025-09-23T03:18:43+00:00 -- form-submission-processors-ninjaform-hooks.php loaded
2025-09-23T03:18:48+00:00 -- form-submission-processors-ninjaform-hooks.php loaded
2025-09-23T03:18:53+00:00 -- dtr_handle_gated_content_submission called for form_id=2
2025-09-23 03:18:53 [GATED-68d2119d3ed1d] Processing submission for form ID: 2
2025-09-23 03:18:53 [GATED-68d2119d3ed1d] Routing form ID 2 as type: webinar
2025-09-23 03:18:53 [GATED-68d2119d3ed1d] Processing webinar submission
2025-09-23T03:19:24+00:00 -- form-submission-processors-ninjaform-hooks.php loaded
2025-09-23T03:19:25+00:00 -- form-submission-processors-ninjaform-hooks.php loaded
2025-09-23T03:19:26+00:00 -- form-submission-processors-ninjaform-hooks.php loaded
2025-09-23T03:20:28+00:00 -- form-submission-processors-ninjaform-hooks.php loaded
2025-09-23T03:20:31+00:00 -- form-submission-processors-ninjaform-hooks.php loaded
2025-09-23T03:21:41+00:00 -- form-submission-processors-ninjaform-hooks.php loaded
2025-09-23T03:21:41+00:00 -- form-submission-processors-ninjaform-hooks.php loaded
2025-09-23T03:21:44+00:00 -- form-submission-processors-ninjaform-hooks.php loaded
2025-09-23T03:21:44+00:00 -- form-submission-processors-ninjaform-hooks.php loaded
2025-09-23T03:21:48+00:00 -- form-submission-processors-ninjaform-hooks.php loaded
2025-09-23T03:22:14+00:00 -- form-submission-processors-ninjaform-hooks.php loaded
2025-09-23T03:22:17+00:00 -- form-submission-processors-ninjaform-hooks.php loaded
2025-09-23T03:22:17+00:00 -- form-submission-processors-ninjaform-hooks.php loaded
2025-09-23T03:22:26+00:00 -- form-submission-processors-ninjaform-hooks.php loaded
2025-09-23T03:22:27+00:00 -- form-submission-processors-ninjaform-hooks.php loaded
2025-09-23T03:22:29+00:00 -- dtr_handle_gated_content_submission called for form_id=31
2025-09-23T03:22:34+00:00 -- form-submission-processors-ninjaform-hooks.php loaded
2025-09-23T03:22:34+00:00 -- form-submission-processors-ninjaform-hooks.php loaded
2025-09-23T03:22:36+00:00 -- form-submission-processors-ninjaform-hooks.php loaded
2025-09-23T03:22:36+00:00 -- form-submission-processors-ninjaform-hooks.php loaded
2025-09-23T03:22:37+00:00 -- form-submission-processors-ninjaform-hooks.php loaded
2025-09-23T03:22:38+00:00 -- form-submission-processors-ninjaform-hooks.php loaded
2025-09-23T03:22:39+00:00 -- form-submission-processors-ninjaform-hooks.php loaded
2025-09-23T03:22:40+00:00 -- form-submission-processors-ninjaform-hooks.php loaded
2025-09-23T03:24:58+00:00 -- form-submission-processors-ninjaform-hooks.php loaded
2025-09-23T03:25:00+00:00 -- form-submission-processors-ninjaform-hooks.php loaded
2025-09-23T03:25:00+00:00 -- form-submission-processors-ninjaform-hooks.php loaded
2025-09-23T03:25:07+00:00 -- form-submission-processors-ninjaform-hooks.php loaded
2025-09-23T03:25:08+00:00 -- form-submission-processors-ninjaform-hooks.php loaded
2025-09-23T03:25:11+00:00 -- dtr_handle_gated_content_submission called for form_id=31
2025-09-23T03:25:14+00:00 -- form-submission-processors-ninjaform-hooks.php loaded
2025-09-23T03:25:14+00:00 -- form-submission-processors-ninjaform-hooks.php loaded
2025-09-23T03:25:16+00:00 -- form-submission-processors-ninjaform-hooks.php loaded
2025-09-23T03:25:16+00:00 -- form-submission-processors-ninjaform-hooks.php loaded
2025-09-23T03:25:17+00:00 -- form-submission-processors-ninjaform-hooks.php loaded
2025-09-23T03:25:18+00:00 -- form-submission-processors-ninjaform-hooks.php loaded
2025-09-23T03:25:19+00:00 -- form-submission-processors-ninjaform-hooks.php loaded
2025-09-23T03:37:42+00:00 -- form-submission-processors-ninjaform-hooks.php loaded
2025-09-23T03:37:42+00:00 -- form-submission-processors-ninjaform-hooks.php loaded
2025-09-23T03:37:45+00:00 -- form-submission-processors-ninjaform-hooks.php loaded
2025-09-23T03:37:50+00:00 -- form-submission-processors-ninjaform-hooks.php loaded
2025-09-23T03:37:51+00:00 -- form-submission-processors-ninjaform-hooks.php loaded
2025-09-23T03:37:54+00:00 -- form-submission-processors-ninjaform-hooks.php loaded
2025-09-23T03:38:24+00:00 -- form-submission-processors-ninjaform-hooks.php loaded
2025-09-23T03:38:26+00:00 -- form-submission-processors-ninjaform-hooks.php loaded
2025-09-23T03:39:21+00:00 -- form-submission-processors-ninjaform-hooks.php loaded
2025-09-23T03:39:26+00:00 -- form-submission-processors-ninjaform-hooks.php loaded
2025-09-23T03:39:26+00:00 -- form-submission-processors-ninjaform-hooks.php loaded
2025-09-23T03:39:29+00:00 -- form-submission-processors-ninjaform-hooks.php loaded
2025-09-23T03:39:29+00:00 -- form-submission-processors-ninjaform-hooks.php loaded
2025-09-23T03:39:31+00:00 -- form-submission-processors-ninjaform-hooks.php loaded
2025-09-23T03:39:31+00:00 -- form-submission-processors-ninjaform-hooks.php loaded
2025-09-23T04:10:14+00:00 -- form-submission-processors-ninjaform-hooks.php loaded
2025-09-23T04:10:14+00:00 -- form-submission-processors-ninjaform-hooks.php loaded
