2025-09-22 17:02:55 [Media-Planner] [BOOT] Media planner form handler loaded
2025-09-22 17:02:59 [Media-Planner] [BOOT] Media planner form handler loaded
2025-09-22 17:03:03 [Media-Planner] [BOOT] Media planner form handler loaded
2025-09-22 17:03:15 [Media-Planner] [BOOT] Media planner form handler loaded
2025-09-22 17:03:18 [Media-Planner] [BOOT] Media planner form handler loaded
2025-09-22 17:03:18 [Media-Planner] [BOOT] Media planner form handler loaded
2025-09-22 17:03:19 [Media-Planner] === MEDIA PLANNER FORM SUBMISSION START ===
2025-09-22 17:03:19 [Media-Planner] Raw POST data: {"action":"dtr_media_planner_form_submit","firstName":"Jane","lastName":"Smith","email":"jane.smith@example.com","jobTitle":"Marketing Manager","organisation":"Test Pharma Company","city":"London","country":"United Kingdom","phone":"+44-1234-567890","canWeHelpFurther":"Request a quote","consent":"1","event_id":"5137","data_source_detail":"DTR-MEDIA-PLANNER-2025","download_name":"DTR-MEDIA-PLANNER-2025","type":"Event Registration","lead_source_type":"Event Registration","cf_customer_order_brand_for_pdf":"Drug Target Review","campaign_name":"Media Planner 2025","cf_customer_order_line_item_brand":"DTR","cf_customer_order_line_item_rp_product_delegate":"Media Planner 2025","cf_customer_order_line_item_subproduct_event":"FOC","cf_customer_order_line_item_streams":"N\/A","cf_customer_order_line_item_campaign_delegate":"Media Planner 2025","cf_customer_order_line_item_campaign_reference_2":"CAMP-41496","cf_customer_order_line_item_delegate_type":"Primary","cf_customer_order_line_item_delegate_type_608":"Delegate","cf_customer_order_line_item_delegate_ticket_type":"VIP","cf_customer_order_line_item_attended":"No","cf_customer_order_line_item_dinner":"N\/A","assigned_to":"Unassigned","web_key":"663d4d9f011e521baf6fc92150976b453f3b0a72","success_url":"https:\/\/www.drugtargetreview.com","failure_url":"https:\/\/www.drugtargetreview.com","sales_lead_rating":"Warm","lead_type":"Reader","dtr_subscriber_type":"Prospect","product_mix":"","name1":"","name2":"","org_lead_party_email":"","nonce":"d79a108817"}
2025-09-22 17:03:19 [Media-Planner] Form data collected: {"firstName":"Jane","lastName":"Smith","email":"jane.smith@example.com","jobTitle":"Marketing Manager","organisation":"Test Pharma Company","city":"London","country":"United Kingdom","phone":"+44-1234-567890","canWeHelpFurther":"Request a quote","consent":"1"}
2025-09-22 17:03:19 [Media-Planner] Hidden data: {"event_id":"5137","data_source_detail":"DTR-MEDIA-PLANNER-2025","download_name":"DTR-MEDIA-PLANNER-2025","type":"Event Registration","lead_source_type":"Event Registration","cf_customer_order_brand_for_pdf":"Drug Target Review","campaign_name":"Media Planner 2025","cf_customer_order_line_item_brand":"DTR","cf_customer_order_line_item_rp_product_delegate":"Media Planner 2025","cf_customer_order_line_item_subproduct_event":"FOC","cf_customer_order_line_item_streams":"N\/A","cf_customer_order_line_item_campaign_delegate":"Media Planner 2025","cf_customer_order_line_item_campaign_reference_2":"CAMP-41496","cf_customer_order_line_item_delegate_type":"Primary","cf_customer_order_line_item_delegate_type_608":"Delegate","cf_customer_order_line_item_delegate_ticket_type":"VIP","cf_customer_order_line_item_attended":"No","cf_customer_order_line_item_dinner":"N\/A","assigned_to":"Unassigned","web_key":"663d4d9f011e521baf6fc92150976b453f3b0a72","success_url":"https:\/\/www.drugtargetreview.com","failure_url":"https:\/\/www.drugtargetreview.com","sales_lead_rating":"Warm","lead_type":"Reader","dtr_subscriber_type":"Prospect","product_mix":"","name1":"","name2":"","org_lead_party_email":""}
2025-09-22 17:03:19 [Media-Planner] Workbooks instance obtained successfully
2025-09-22 17:03:19 [Media-Planner] Creating/finding person in Workbooks
2025-09-22 17:03:20 [Media-Planner] Person search response: {"success":true,"data":[{"lock_version":0,"person_first_name":"Jane","name":"Jane Smith","person_last_name":"Smith","id":4348242}],"total":2}
2025-09-22 17:03:20 [Media-Planner] Existing person found with ID: 4348242
2025-09-22 17:03:21 [Media-Planner] Person update response: {"success":true,"affected_object_information":[{"success":true,"errors":[],"warnings":[]}],"affected_objects":[{"id":4348242,"lock_version":0}],"updates":{"data":{"immediate":["private_crm_party","private_crm_person","private_crm_organisation","private_crm_opportunity_contact","private_crm_case_contact","private_own_org_currency","private_email_mailing_list_entries","private_crm_campaign_membership","private_accounting_exchange_rates","domain_name"]}},"flash":"saved successfully"}
2025-09-22 17:03:21 [Media-Planner] Person created/found with ID: 4348242
2025-09-22 17:03:21 [Media-Planner] Creating event ticket for person ID: 4348242
2025-09-22 17:03:21 [Media-Planner] Creating ticket with data: {"event_id":5137,"person_id":4348242,"ticket_type":"Delegate","ticket_status":"Registered","registration_status":"Confirmed","ticket_price":0,"currency":"GBP","attended":"No","registration_method":"Website","data_source_reference":"DTR-MEDIA-PLANNER-2025","cf_customer_order_brand_for_pdf":"Drug Target Review","cf_customer_order_line_item_brand":"DTR","cf_customer_order_line_item_rp_product_delegate":"Media Planner 2025","cf_customer_order_line_item_subproduct_event":"FOC","cf_customer_order_line_item_streams":"N\/A","cf_customer_order_line_item_campaign_delegate":"Media Planner 2025","cf_customer_order_line_item_campaign_reference_2":"CAMP-41496","cf_customer_order_line_item_delegate_type":"Primary","cf_customer_order_line_item_delegate_type_608":"Delegate","cf_customer_order_line_item_delegate_ticket_type":"VIP","cf_customer_order_line_item_attended":"No","cf_customer_order_line_item_dinner":"N\/A","assigned_to_name":"Unassigned"}
2025-09-22 17:03:21 [Media-Planner] Error creating event ticket: Unexpected response from Workbooks API
2025-09-22 17:03:21 [Media-Planner] ERROR: Failed to create event ticket: Unexpected response from Workbooks API
2025-09-22 17:09:48 [Media-Planner] [BOOT] Media planner form handler loaded
2025-09-22 17:09:53 [Media-Planner] [BOOT] Media planner form handler loaded
2025-09-22 17:09:58 [Media-Planner] [BOOT] Media planner form handler loaded
2025-09-22 17:10:00 [Media-Planner] [BOOT] Media planner form handler loaded
2025-09-22 17:10:01 [Media-Planner] === MEDIA PLANNER FORM SUBMISSION START ===
2025-09-22 17:10:01 [Media-Planner] Raw POST data: {"action":"dtr_media_planner_form_submit","firstName":"Jane","lastName":"Smith","email":"jane.smith@example.com","jobTitle":"Marketing Manager","organisation":"Test Pharma Company","city":"London","country":"United Kingdom","phone":"+44-1234-567890","canWeHelpFurther":"Request a quote","consent":"1","event_id":"5137","data_source_detail":"DTR-MEDIA-PLANNER-2025","download_name":"DTR-MEDIA-PLANNER-2025","type":"Event Registration","lead_source_type":"Event Registration","cf_customer_order_brand_for_pdf":"Drug Target Review","campaign_name":"Media Planner 2025","cf_customer_order_line_item_brand":"DTR","cf_customer_order_line_item_rp_product_delegate":"Media Planner 2025","cf_customer_order_line_item_subproduct_event":"FOC","cf_customer_order_line_item_streams":"N\/A","cf_customer_order_line_item_campaign_delegate":"Media Planner 2025","cf_customer_order_line_item_campaign_reference_2":"CAMP-41496","cf_customer_order_line_item_delegate_type":"Primary","cf_customer_order_line_item_delegate_type_608":"Delegate","cf_customer_order_line_item_delegate_ticket_type":"VIP","cf_customer_order_line_item_attended":"No","cf_customer_order_line_item_dinner":"N\/A","assigned_to":"Unassigned","web_key":"663d4d9f011e521baf6fc92150976b453f3b0a72","success_url":"https:\/\/www.drugtargetreview.com","failure_url":"https:\/\/www.drugtargetreview.com","sales_lead_rating":"Warm","lead_type":"Reader","dtr_subscriber_type":"Prospect","product_mix":"","name1":"","name2":"","org_lead_party_email":"","nonce":"d79a108817"}
2025-09-22 17:10:01 [Media-Planner] Form data collected: {"firstName":"Jane","lastName":"Smith","email":"jane.smith@example.com","jobTitle":"Marketing Manager","organisation":"Test Pharma Company","city":"London","country":"United Kingdom","phone":"+44-1234-567890","canWeHelpFurther":"Request a quote","consent":"1"}
2025-09-22 17:10:01 [Media-Planner] Hidden data: {"event_id":"5137","data_source_detail":"DTR-MEDIA-PLANNER-2025","download_name":"DTR-MEDIA-PLANNER-2025","type":"Event Registration","lead_source_type":"Event Registration","cf_customer_order_brand_for_pdf":"Drug Target Review","campaign_name":"Media Planner 2025","cf_customer_order_line_item_brand":"DTR","cf_customer_order_line_item_rp_product_delegate":"Media Planner 2025","cf_customer_order_line_item_subproduct_event":"FOC","cf_customer_order_line_item_streams":"N\/A","cf_customer_order_line_item_campaign_delegate":"Media Planner 2025","cf_customer_order_line_item_campaign_reference_2":"CAMP-41496","cf_customer_order_line_item_delegate_type":"Primary","cf_customer_order_line_item_delegate_type_608":"Delegate","cf_customer_order_line_item_delegate_ticket_type":"VIP","cf_customer_order_line_item_attended":"No","cf_customer_order_line_item_dinner":"N\/A","assigned_to":"Unassigned","web_key":"663d4d9f011e521baf6fc92150976b453f3b0a72","success_url":"https:\/\/www.drugtargetreview.com","failure_url":"https:\/\/www.drugtargetreview.com","sales_lead_rating":"Warm","lead_type":"Reader","dtr_subscriber_type":"Prospect","product_mix":"","name1":"","name2":"","org_lead_party_email":""}
2025-09-22 17:10:01 [Media-Planner] Workbooks instance obtained successfully
2025-09-22 17:10:01 [Media-Planner] Creating/finding person in Workbooks
2025-09-22 17:10:02 [Media-Planner] Person search response: {"success":true,"data":[{"lock_version":0,"person_first_name":"Jane","name":"Jane Smith","person_last_name":"Smith","id":4348242}],"total":2}
2025-09-22 17:10:02 [Media-Planner] Existing person found with ID: 4348242
2025-09-22 17:10:03 [Media-Planner] Person update response: {"success":true,"affected_object_information":[{"success":true,"errors":[],"warnings":[]}],"affected_objects":[{"lock_version":0,"id":4348242}],"updates":{"data":{"immediate":["private_crm_party","private_crm_person","private_crm_organisation","private_crm_opportunity_contact","private_crm_case_contact","private_own_org_currency","private_email_mailing_list_entries","private_crm_campaign_membership","private_accounting_exchange_rates","domain_name"]}},"flash":"saved successfully"}
2025-09-22 17:10:03 [Media-Planner] Person created/found with ID: 4348242
2025-09-22 17:10:03 [Media-Planner] Creating event ticket for person ID: 4348242
2025-09-22 17:10:03 [Media-Planner] Creating ticket with data: {"event_id":5137,"person_id":4348242,"ticket_type":"Delegate","ticket_status":"Registered","registration_status":"Confirmed","ticket_price":0,"currency":"GBP","attended":"No","registration_method":"Website","data_source_reference":"DTR-MEDIA-PLANNER-2025","cf_customer_order_brand_for_pdf":"Drug Target Review","cf_customer_order_line_item_brand":"DTR","cf_customer_order_line_item_rp_product_delegate":"Media Planner 2025","cf_customer_order_line_item_subproduct_event":"FOC","cf_customer_order_line_item_streams":"N\/A","cf_customer_order_line_item_campaign_delegate":"Media Planner 2025","cf_customer_order_line_item_campaign_reference_2":"CAMP-41496","cf_customer_order_line_item_delegate_type":"Primary","cf_customer_order_line_item_delegate_type_608":"Delegate","cf_customer_order_line_item_delegate_ticket_type":"VIP","cf_customer_order_line_item_attended":"No","cf_customer_order_line_item_dinner":"N\/A","assigned_to_name":"Unassigned"}
2025-09-22 17:10:03 [Media-Planner] EXCEPTION during ticket creation: Unexpected response from Workbooks API
2025-09-22 17:10:03 [Media-Planner] Trying regular create method...
2025-09-22 17:10:03 [Media-Planner] Both methods failed: Unexpected method: CREATE
2025-09-22 17:10:03 [Media-Planner] Error creating event ticket: Unexpected response from Workbooks API
2025-09-22 17:10:03 [Media-Planner] Exception details: Exception Object
(
    [message:protected] => Unexpected response from Workbooks API
    [string:Exception:private] => 
    [code:protected] => 0
    [file:protected] => /Users/levongravett/Desktop/BPC/Sites/dtr-clone/app/public/wp-content/plugins/dtr-workbooks-crm-integration/lib/workbooks_api.php
    [line:protected] => 973
    [trace:Exception:private] => Array
        (
            [0] => Array
                (
                    [file] => /Users/levongravett/Desktop/BPC/Sites/dtr-clone/app/public/wp-content/plugins/dtr-workbooks-crm-integration/lib/workbooks_api.php
                    [line] => 1171
                    [function] => assertResponse
                    [class] => WorkbooksApi
                    [type] => ->
                    [args] => Array
                        (
                            [0] => Array
                                (
                                    [success] => 
                                    [errors] => Array
                                        (
                                            [[]] => Array
                                                (
                                                    [name] => is a required field
                                                )

                                        )

                                    [affected_object_information] => Array
                                        (
                                            [0] => Array
                                                (
                                                    [success] => 
                                                    [errors] => Array
                                                        (
                                                            [name] => Array
                                                                (
                                                                    [0] => is a required field
                                                                )

                                                        )

                                                    [warnings] => Array
                                                        (
                                                        )

                                                )

                                        )

                                    [affected_objects] => Array
                                        (
                                            [0] => Array
                                                (
                                                    [_can_modify] => 1
                                                    [object_ref] => 
                                                    [cf_event_ticket_ticket_value_net] =>   0
                                                    [cf_event_ticket_iar_news] => 
                                                    [cf_event_ticket_ticket_value] => 0.0 GBP 0
                                                    [type] => Private::Event::Ticket
                                                    [cf_event_ticket_dtr_third_party] => 
                                                    [owner_id] => 152350
                                                    [badge_organisation_name] => 
                                                    [cf_event_ticket_grr_third_party] => 
                                                    [cf_event_ticket_epr_third_party] => 
                                                    [cf_event_ticket_it_third_party] => 
                                                    [dietary_requirements] => 
                                                    [cf_event_ticket_grr_news] => 
                                                    [cf_event_ticket_sponsor_optin] => 
                                                    [product_id] => 
                                                    [cf_event_ticket_epr_news] => 
                                                    [sales_order_id] => 
                                                    [updated_by_user[person_name]] => 
                                                    [created_at] => 
                                                    [updated_by_user[login_name]] => 
                                                    [cf_event_ticket_attendee_record] => 
                                                    [_preload_linked_item_association_for_cf_event_ticket_attendee_record] => 
                                                    [owner[login_name]] => levon.gravett@supersonic-playground.com
                                                    [_can_read] => 1
                                                    [email] => 
                                                    [person_id] => 4348242
                                                    [cf_event_ticket_iar_third_party] => 
                                                    [id] => 
                                                    [_can_chown] => 1
                                                    [owner[person_name]] => Levon Gravett
                                                    [updated_at] => 
                                                    [object_url] => 
                                                    [created_by] => 
                                                    [event_id] => 5137
                                                    [is_deleted] => 
                                                    [last_used_at] => 
                                                    [cf_event_ticket_event_vip] => 
                                                    [name] => 
                                                    [photo_url] => 
                                                    [badge_job_title] => 
                                                    [cf_event_ticket_process_status] => 
                                                    [cf_event_ticket_nf_third_party] => 
                                                    [linked_item_association_for_cf_event_ticket_attendee_record] => 
                                                    [cf_event_ticket_ticket_description] => 
                                                    [cf_event_ticket_speaker_questions] => 
                                                    [status] => 
                                                    [created_by_user[login_name]] => 
                                                    [cf_event_ticket_speaker_created] => 
                                                    [cf_event_ticket_campaign_source] => 
                                                    [_can_delete] => 1
                                                    [updated_by] => 
                                                    [created_through_reference] => 
                                                    [cf_event_ticket_it_news] => 
                                                    [created_by_user[person_name]] => 
                                                    [cf_event_ticket_ticket_value_net_gbp] =>   0
                                                    [cf_event_ticket_attendee_record__name] => 
                                                    [created_through] => DTR
                                                    [sales_order_line_item_id] => 
                                                    [accessibility_requirements] => 
                                                    [badge_name] => 
                                                    [cf_event_ticket_ticket_category] => 
                                                    [first_used_at] => 
                                                    [unique_token] => 
                                                    [cf_event_ticket_nf_news] => 
                                                    [_can_chaccess] => 1
                                                    [imported] => 
                                                    [cf_event_ticket_dtr_news] => 
                                                    [lock_version] => 0
                                                )

                                        )

                                )

                        )

                )

            [1] => Array
                (
                    [file] => /Users/levongravett/Desktop/BPC/Sites/dtr-clone/app/public/wp-content/plugins/dtr-workbooks-crm-integration/includes/form-handler-media-planner.php
                    [line] => 359
                    [function] => assertCreate
                    [class] => WorkbooksApi
                    [type] => ->
                    [args] => Array
                        (
                            [0] => event/tickets.api
                            [1] => Array
                                (
                                    [0] => Array
                                        (
                                            [event_id] => 5137
                                            [person_id] => 4348242
                                            [ticket_type] => Delegate
                                            [ticket_status] => Registered
                                            [registration_status] => Confirmed
                                            [ticket_price] => 0
                                            [currency] => GBP
                                            [attended] => No
                                            [registration_method] => Website
                                            [data_source_reference] => DTR-MEDIA-PLANNER-2025
                                            [cf_customer_order_brand_for_pdf] => Drug Target Review
                                            [cf_customer_order_line_item_brand] => DTR
                                            [cf_customer_order_line_item_rp_product_delegate] => Media Planner 2025
                                            [cf_customer_order_line_item_subproduct_event] => FOC
                                            [cf_customer_order_line_item_streams] => N/A
                                            [cf_customer_order_line_item_campaign_delegate] => Media Planner 2025
                                            [cf_customer_order_line_item_campaign_reference_2] => CAMP-41496
                                            [cf_customer_order_line_item_delegate_type] => Primary
                                            [cf_customer_order_line_item_delegate_type_608] => Delegate
                                            [cf_customer_order_line_item_delegate_ticket_type] => VIP
                                            [cf_customer_order_line_item_attended] => No
                                            [cf_customer_order_line_item_dinner] => N/A
                                            [assigned_to_name] => Unassigned
                                            [__method] => POST
                                            [id] => 0
                                            [lock_version] => 0
                                        )

                                )

                        )

                )

            [2] => Array
                (
                    [file] => /Users/levongravett/Desktop/BPC/Sites/dtr-clone/app/public/wp-content/plugins/dtr-workbooks-crm-integration/includes/form-handler-media-planner.php
                    [line] => 204
                    [function] => dtr_create_event_ticket
                    [args] => Array
                        (
                            [0] => WorkbooksApi Object
                                (
                                    [curl_multi_handle:protected] => 
                                    [curl_handle:protected] => CurlHandle Object
                                        (
                                        )

                                    [curl_options:protected] => Array
                                        (
                                            [10018] => DTR-WordPress-Plugin/2.0.0
                                            [78] => 30
                                            [13] => 30
                                            [81] => 2
                                            [64] => 1
                                            [19913] => 1
                                            [42] => 1
                                            [47] => 1
                                        )

                                    [logger_callback:protected] => 
                                    [session_id:protected] => 
                                    [api_key:protected] => eb7f1-04a7d-9654d-01904-a6823-d10c0-fc4c5-d5b2c
                                    [username:protected] => 
                                    [logical_database_id:protected] => 
                                    [database_instance_id:protected] => 
                                    [authenticity_token:protected] => 
                                    [api_version:protected] => 1
                                    [api_logging_key:protected] => 
                                    [api_logging_seq:protected] => 3
                                    [login_state:protected] => 
                                    [auto_logout:protected] => 1
                                    [application_name:protected] => DTR Workbooks Integration
                                    [user_agent:protected] => DTR-WordPress-Plugin/2.0.0
                                    [connect_timeout:protected] => 30
                                    [request_timeout:protected] => 30
                                    [verify_peer:protected] => 1
                                    [fast_login:protected] => 1
                                    [json_utf8_encoding:protected] => 
                                    [service:protected] => https://russellpublishing-live.workbooks.com
                                    [last_request_duration:protected] => 0.36620616912842
                                    [user_queues:protected] => 
                                    [login_response:protected] => 
                                    [async_running:protected] => Array
                                        (
                                        )

                                    [async_queue:protected] => Array
                                        (
                                        )

                                    [audit_lifetime_days:protected] => 
                                    [process_start_time:protected] => 1758561001
                                )

                            [1] => 4348242
                            [2] => Array
                                (
                                    [event_id] => 5137
                                    [data_source_detail] => DTR-MEDIA-PLANNER-2025
                                    [download_name] => DTR-MEDIA-PLANNER-2025
                                    [type] => Event Registration
                                    [lead_source_type] => Event Registration
                                    [cf_customer_order_brand_for_pdf] => Drug Target Review
                                    [campaign_name] => Media Planner 2025
                                    [cf_customer_order_line_item_brand] => DTR
                                    [cf_customer_order_line_item_rp_product_delegate] => Media Planner 2025
                                    [cf_customer_order_line_item_subproduct_event] => FOC
                                    [cf_customer_order_line_item_streams] => N/A
                                    [cf_customer_order_line_item_campaign_delegate] => Media Planner 2025
                                    [cf_customer_order_line_item_campaign_reference_2] => CAMP-41496
                                    [cf_customer_order_line_item_delegate_type] => Primary
                                    [cf_customer_order_line_item_delegate_type_608] => Delegate
                                    [cf_customer_order_line_item_delegate_ticket_type] => VIP
                                    [cf_customer_order_line_item_attended] => No
                                    [cf_customer_order_line_item_dinner] => N/A
                                    [assigned_to] => Unassigned
                                    [web_key] => 663d4d9f011e521baf6fc92150976b453f3b0a72
                                    [success_url] => https://www.drugtargetreview.com
                                    [failure_url] => https://www.drugtargetreview.com
                                    [sales_lead_rating] => Warm
                                    [lead_type] => Reader
                                    [dtr_subscriber_type] => Prospect
                                    [product_mix] => 
                                    [name1] => 
                                    [name2] => 
                                    [org_lead_party_email] => 
                                )

                        )

                )

            [3] => Array
                (
                    [file] => /Users/levongravett/Desktop/BPC/Sites/dtr-clone/app/public/wp-includes/class-wp-hook.php
                    [line] => 324
                    [function] => dtr_handle_media_planner_form_submit
                    [args] => Array
                        (
                            [0] => 
                        )

                )

            [4] => Array
                (
                    [file] => /Users/levongravett/Desktop/BPC/Sites/dtr-clone/app/public/wp-includes/class-wp-hook.php
                    [line] => 348
                    [function] => apply_filters
                    [class] => WP_Hook
                    [type] => ->
                    [args] => Array
                        (
                            [0] => 
                            [1] => Array
                                (
                                    [0] => 
                                )

                        )

                )

            [5] => Array
                (
                    [file] => /Users/levongravett/Desktop/BPC/Sites/dtr-clone/app/public/wp-includes/plugin.php
                    [line] => 517
                    [function] => do_action
                    [class] => WP_Hook
                    [type] => ->
                    [args] => Array
                        (
                            [0] => Array
                                (
                                    [0] => 
                                )

                        )

                )

            [6] => Array
                (
                    [file] => /Users/levongravett/Desktop/BPC/Sites/dtr-clone/app/public/wp-admin/admin-ajax.php
                    [line] => 207
                    [function] => do_action
                    [args] => Array
                        (
                            [0] => wp_ajax_nopriv_dtr_media_planner_form_submit
                        )

                )

        )

    [previous:Exception:private] => 
)

2025-09-22 17:10:03 [Media-Planner] This appears to be an API response format issue
2025-09-22 17:10:03 [Media-Planner] ERROR: Failed to create event ticket: Unexpected response from Workbooks API
2025-09-22 17:12:40 [Media-Planner] [BOOT] Media planner form handler loaded
2025-09-22 17:12:44 [Media-Planner] [BOOT] Media planner form handler loaded
2025-09-22 17:13:04 [Media-Planner] [BOOT] Media planner form handler loaded
2025-09-22 17:13:09 [Media-Planner] [BOOT] Media planner form handler loaded
2025-09-22 17:13:10 [Media-Planner] === MEDIA PLANNER FORM SUBMISSION START ===
2025-09-22 17:13:10 [Media-Planner] Raw POST data: {"action":"dtr_media_planner_form_submit","firstName":"Jane-Joe","lastName":"Smith","email":"jane.smith@example.com","jobTitle":"Marketing Manager","organisation":"Test Pharma Company","city":"London","country":"United Kingdom","phone":"+44-1234-567890","canWeHelpFurther":"Ready to book my campaign","consent":"1","event_id":"5137","data_source_detail":"DTR-MEDIA-PLANNER-2025","download_name":"DTR-MEDIA-PLANNER-2025","type":"Event Registration","lead_source_type":"Event Registration","cf_customer_order_brand_for_pdf":"Drug Target Review","campaign_name":"Media Planner 2025","cf_customer_order_line_item_brand":"DTR","cf_customer_order_line_item_rp_product_delegate":"Media Planner 2025","cf_customer_order_line_item_subproduct_event":"FOC","cf_customer_order_line_item_streams":"N\/A","cf_customer_order_line_item_campaign_delegate":"Media Planner 2025","cf_customer_order_line_item_campaign_reference_2":"CAMP-41496","cf_customer_order_line_item_delegate_type":"Primary","cf_customer_order_line_item_delegate_type_608":"Delegate","cf_customer_order_line_item_delegate_ticket_type":"VIP","cf_customer_order_line_item_attended":"No","cf_customer_order_line_item_dinner":"N\/A","assigned_to":"Unassigned","web_key":"663d4d9f011e521baf6fc92150976b453f3b0a72","success_url":"https:\/\/www.drugtargetreview.com","failure_url":"https:\/\/www.drugtargetreview.com","sales_lead_rating":"Warm","lead_type":"Reader","dtr_subscriber_type":"Prospect","product_mix":"","name1":"","name2":"","org_lead_party_email":"","nonce":"d79a108817"}
2025-09-22 17:13:10 [Media-Planner] Form data collected: {"firstName":"Jane-Joe","lastName":"Smith","email":"jane.smith@example.com","jobTitle":"Marketing Manager","organisation":"Test Pharma Company","city":"London","country":"United Kingdom","phone":"+44-1234-567890","canWeHelpFurther":"Ready to book my campaign","consent":"1"}
2025-09-22 17:13:10 [Media-Planner] Hidden data: {"event_id":"5137","data_source_detail":"DTR-MEDIA-PLANNER-2025","download_name":"DTR-MEDIA-PLANNER-2025","type":"Event Registration","lead_source_type":"Event Registration","cf_customer_order_brand_for_pdf":"Drug Target Review","campaign_name":"Media Planner 2025","cf_customer_order_line_item_brand":"DTR","cf_customer_order_line_item_rp_product_delegate":"Media Planner 2025","cf_customer_order_line_item_subproduct_event":"FOC","cf_customer_order_line_item_streams":"N\/A","cf_customer_order_line_item_campaign_delegate":"Media Planner 2025","cf_customer_order_line_item_campaign_reference_2":"CAMP-41496","cf_customer_order_line_item_delegate_type":"Primary","cf_customer_order_line_item_delegate_type_608":"Delegate","cf_customer_order_line_item_delegate_ticket_type":"VIP","cf_customer_order_line_item_attended":"No","cf_customer_order_line_item_dinner":"N\/A","assigned_to":"Unassigned","web_key":"663d4d9f011e521baf6fc92150976b453f3b0a72","success_url":"https:\/\/www.drugtargetreview.com","failure_url":"https:\/\/www.drugtargetreview.com","sales_lead_rating":"Warm","lead_type":"Reader","dtr_subscriber_type":"Prospect","product_mix":"","name1":"","name2":"","org_lead_party_email":""}
2025-09-22 17:13:10 [Media-Planner] Workbooks instance obtained successfully
2025-09-22 17:13:10 [Media-Planner] Creating/finding person in Workbooks
2025-09-22 17:13:11 [Media-Planner] Person search response: {"success":true,"data":[{"lock_version":0,"person_first_name":"Jane","name":"Jane Smith","person_last_name":"Smith","id":4348242}],"total":2}
2025-09-22 17:13:11 [Media-Planner] Existing person found with ID: 4348242
2025-09-22 17:13:12 [Media-Planner] Person update response: {"success":true,"affected_object_information":[{"success":true,"errors":[],"warnings":[]}],"affected_objects":[{"id":4348242,"lock_version":0}],"updates":{"data":{"immediate":["private_crm_party","private_crm_person","private_crm_organisation","private_crm_opportunity_contact","private_crm_case_contact","private_own_org_currency","private_email_mailing_list_entries","private_crm_campaign_membership","private_accounting_exchange_rates","domain_name"]}},"flash":"saved successfully"}
2025-09-22 17:13:12 [Media-Planner] Person created/found with ID: 4348242
2025-09-22 17:13:12 [Media-Planner] Creating event ticket for person ID: 4348242
2025-09-22 17:13:12 [Media-Planner] Creating ticket with data: {"event_id":5137,"person_id":4348242,"name":"DTR Media Planner 2025","badge_name":"","email":"","ticket_type":"Delegate","ticket_status":"Registered","registration_status":"Confirmed","ticket_price":0,"currency":"GBP","attended":"No","registration_method":"Website","data_source_reference":"DTR-MEDIA-PLANNER-2025","cf_event_ticket_dtr_news":false,"cf_event_ticket_dtr_third_party":false,"cf_event_ticket_epr_news":false,"cf_event_ticket_epr_third_party":false,"cf_event_ticket_grr_news":false,"cf_event_ticket_grr_third_party":false,"cf_event_ticket_iar_news":false,"cf_event_ticket_iar_third_party":false,"cf_event_ticket_it_news":false,"cf_event_ticket_it_third_party":false,"cf_event_ticket_nf_news":false,"cf_event_ticket_nf_third_party":false,"cf_event_ticket_event_vip":false,"cf_event_ticket_speaker_created":false,"cf_event_ticket_sponsor_optin":false}
2025-09-22 17:13:14 [Media-Planner] Event ticket creation response: {"success":true,"affected_object_information":[{"success":true,"errors":[],"warnings":[]}],"affected_objects":[{"person_id":4348242,"cf_event_ticket_ticket_value_net_gbp":"  0","event_id":5137,"_preload_linked_item_association_for_cf_event_ticket_attendee_record":"","badge_job_title":null,"badge_name":"Jane Smith","owner_id":152350,"cf_event_ticket_process_status":null,"_can_chown":true,"cf_event_ticket_iar_third_party":false,"cf_event_ticket_ticket_value":"0.0 GBP 0","created_by_user[login_name]":"levon.gravett@supersonic-playground.com","badge_organisation_name":null,"object_ref":"TICKET-405673","cf_event_ticket_it_news":false,"cf_event_ticket_grr_news":false,"last_used_at":null,"cf_event_ticket_ticket_description":null,"accessibility_requirements":null,"type":"Private::Event::Ticket","_can_delete":true,"updated_by_user[login_name]":"levon.gravett@supersonic-playground.com","cf_event_ticket_iar_news":false,"updated_at":"Mon Sep 22 17:13:13 UTC 2025","sales_order_id":null,"_can_modify":true,"created_by_user[person_name]":"Levon Gravett","created_through_reference":"","cf_event_ticket_attendee_record":null,"email":"","cf_event_ticket_speaker_questions":null,"created_at":"Mon Sep 22 17:13:13 UTC 2025","cf_event_ticket_attendee_record__name":null,"status":null,"linked_item_association_for_cf_event_ticket_attendee_record":null,"id":825930,"cf_event_ticket_it_third_party":false,"is_deleted":false,"_can_read":true,"dietary_requirements":null,"updated_by":152350,"object_url":"https:\/\/russellpublishing-live.workbooks.com\/link\/3cDMzUTM\/TICKET-405673","cf_event_ticket_speaker_created":false,"cf_event_ticket_ticket_value_net":"  0","cf_event_ticket_nf_news":false,"cf_event_ticket_sponsor_optin":false,"cf_event_ticket_epr_news":false,"updated_by_user[person_name]":"Levon Gravett","photo_url":null,"created_through":"DTR","owner[login_name]":"levon.gravett@supersonic-playground.com","cf_event_ticket_epr_third_party":false,"unique_token":"AFRWFFH","owner[person_name]":"Levon Gravett","sales_order_line_item_id":null,"product_id":null,"first_used_at":null,"lock_version":0,"imported":false,"cf_event_ticket_grr_third_party":false,"name":"DTR Media Planner 2025","cf_event_ticket_nf_third_party":false,"created_by":152350,"_can_chaccess":true,"cf_event_ticket_dtr_news":false,"cf_event_ticket_ticket_category":null,"cf_event_ticket_event_vip":false,"cf_event_ticket_dtr_third_party":false,"cf_event_ticket_campaign_source":null}],"updates":{"data":{"immediate":["private_event_ticket"]}},"flash":"saved successfully"}
2025-09-22 17:13:14 [Media-Planner] Analyzing response structure...
2025-09-22 17:13:14 [Media-Planner] Response type: array
2025-09-22 17:13:14 [Media-Planner] Response keys: ["success","affected_object_information","affected_objects","updates","flash"]
2025-09-22 17:13:14 [Media-Planner] Found ticket ID in affected_objects[0][id]: 825930
2025-09-22 17:13:14 [Media-Planner] Event ticket created successfully with ID: 825930
2025-09-22 17:13:14 [Media-Planner] Event ticket created successfully: {"success":true,"ticket_id":825930,"response":{"success":true,"affected_object_information":[{"success":true,"errors":[],"warnings":[]}],"affected_objects":[{"person_id":4348242,"cf_event_ticket_ticket_value_net_gbp":"  0","event_id":5137,"_preload_linked_item_association_for_cf_event_ticket_attendee_record":"","badge_job_title":null,"badge_name":"Jane Smith","owner_id":152350,"cf_event_ticket_process_status":null,"_can_chown":true,"cf_event_ticket_iar_third_party":false,"cf_event_ticket_ticket_value":"0.0 GBP 0","created_by_user[login_name]":"levon.gravett@supersonic-playground.com","badge_organisation_name":null,"object_ref":"TICKET-405673","cf_event_ticket_it_news":false,"cf_event_ticket_grr_news":false,"last_used_at":null,"cf_event_ticket_ticket_description":null,"accessibility_requirements":null,"type":"Private::Event::Ticket","_can_delete":true,"updated_by_user[login_name]":"levon.gravett@supersonic-playground.com","cf_event_ticket_iar_news":false,"updated_at":"Mon Sep 22 17:13:13 UTC 2025","sales_order_id":null,"_can_modify":true,"created_by_user[person_name]":"Levon Gravett","created_through_reference":"","cf_event_ticket_attendee_record":null,"email":"","cf_event_ticket_speaker_questions":null,"created_at":"Mon Sep 22 17:13:13 UTC 2025","cf_event_ticket_attendee_record__name":null,"status":null,"linked_item_association_for_cf_event_ticket_attendee_record":null,"id":825930,"cf_event_ticket_it_third_party":false,"is_deleted":false,"_can_read":true,"dietary_requirements":null,"updated_by":152350,"object_url":"https:\/\/russellpublishing-live.workbooks.com\/link\/3cDMzUTM\/TICKET-405673","cf_event_ticket_speaker_created":false,"cf_event_ticket_ticket_value_net":"  0","cf_event_ticket_nf_news":false,"cf_event_ticket_sponsor_optin":false,"cf_event_ticket_epr_news":false,"updated_by_user[person_name]":"Levon Gravett","photo_url":null,"created_through":"DTR","owner[login_name]":"levon.gravett@supersonic-playground.com","cf_event_ticket_epr_third_party":false,"unique_token":"AFRWFFH","owner[person_name]":"Levon Gravett","sales_order_line_item_id":null,"product_id":null,"first_used_at":null,"lock_version":0,"imported":false,"cf_event_ticket_grr_third_party":false,"name":"DTR Media Planner 2025","cf_event_ticket_nf_third_party":false,"created_by":152350,"_can_chaccess":true,"cf_event_ticket_dtr_news":false,"cf_event_ticket_ticket_category":null,"cf_event_ticket_event_vip":false,"cf_event_ticket_dtr_third_party":false,"cf_event_ticket_campaign_source":null}],"updates":{"data":{"immediate":["private_event_ticket"]}},"flash":"saved successfully"}}
2025-09-22 17:13:14 [Media-Planner] === MEDIA PLANNER FORM SUBMISSION SUCCESS ===
