2025-09-20 08:25:25 [Membership-Reg] [BOOT] Membership handler file loaded
2025-09-20 08:25:40 [Membership-Reg] [BOOT] Membership handler file loaded
2025-09-20 08:26:03 [Membership-Reg] [BOOT] Membership handler file loaded
2025-09-20 08:26:16 [Membership-Reg] [BOOT] Membership handler file loaded
2025-09-20 08:26:17 [Membership-Reg] [INIT] WordPress init hook fired - handler is loaded
2025-09-20 08:26:18 [Membership-Reg] [BOOT] Membership handler file loaded
2025-09-20 08:26:18 [Membership-Reg] [INIT] WordPress init hook fired - handler is loaded
2025-09-20 08:26:19 [Membership-Reg] [BOOT] Membership handler file loaded
2025-09-20 08:26:20 [Membership-Reg] [INIT] WordPress init hook fired - handler is loaded
2025-09-20 08:26:41 [Membership-Reg] [BOOT] Membership handler file loaded
2025-09-20 08:26:41 [Membership-Reg] [INIT] WordPress init hook fired - handler is loaded
2025-09-22 16:11:30 [Membership-Reg] [BOOT] Membership handler file loaded
2025-09-22 16:11:31 [Membership-Reg] [INIT] WordPress init hook fired - handler is loaded
2025-09-22 16:11:31 [Membership-Reg] [BOOT] Membership handler file loaded
2025-09-22 16:11:32 [Membership-Reg] [INIT] WordPress init hook fired - handler is loaded
2025-09-22 16:11:35 [Membership-Reg] [BOOT] Membership handler file loaded
2025-09-22 16:11:36 [Membership-Reg] [INIT] WordPress init hook fired - handler is loaded
2025-09-22 16:11:36 [Membership-Reg] [BOOT] Membership handler file loaded
2025-09-22 16:11:36 [Membership-Reg] [BOOT] Membership handler file loaded
2025-09-22 16:11:37 [Membership-Reg] [INIT] WordPress init hook fired - handler is loaded
2025-09-22 16:11:37 [Membership-Reg] [INIT] WordPress init hook fired - handler is loaded
2025-09-22 16:11:37 [Membership-Reg] [BOOT] Membership handler file loaded
2025-09-22 16:11:37 [Membership-Reg] [BOOT] Membership handler file loaded
2025-09-22 16:11:38 [Membership-Reg] [INIT] WordPress init hook fired - handler is loaded
2025-09-22 16:11:38 [Membership-Reg] [INIT] WordPress init hook fired - handler is loaded
2025-09-22 16:11:38 [Membership-Reg] [BOOT] Membership handler file loaded
2025-09-22 16:11:39 [Membership-Reg] [INIT] WordPress init hook fired - handler is loaded
2025-09-22 16:11:41 [Membership-Reg] [BOOT] Membership handler file loaded
2025-09-22 16:11:42 [Membership-Reg] [INIT] WordPress init hook fired - handler is loaded
2025-09-22 16:11:43 [Membership-Reg] [BOOT] Membership handler file loaded
2025-09-22 16:11:43 [Membership-Reg] [INIT] WordPress init hook fired - handler is loaded
2025-09-22 16:11:44 [Membership-Reg] [BOOT] Membership handler file loaded
2025-09-22 16:11:44 [Membership-Reg] [INIT] WordPress init hook fired - handler is loaded
2025-09-22 16:11:52 [Membership-Reg] [BOOT] Membership handler file loaded
2025-09-22 16:11:52 [Membership-Reg] [INIT] WordPress init hook fired - handler is loaded
2025-09-22 16:11:54 [Membership-Reg] [BOOT] Membership handler file loaded
2025-09-22 16:11:54 [Membership-Reg] [BOOT] Membership handler file loaded
2025-09-22 16:11:55 [Membership-Reg] [INIT] WordPress init hook fired - handler is loaded
2025-09-22 16:11:55 [Membership-Reg] [INIT] WordPress init hook fired - handler is loaded
2025-09-22 16:11:55 [Membership-Reg] [BOOT] Membership handler file loaded
2025-09-22 16:11:55 [Membership-Reg] [INIT] WordPress init hook fired - handler is loaded
2025-09-22 16:11:57 [Membership-Reg] [BOOT] Membership handler file loaded
2025-09-22 16:11:57 [Membership-Reg] [INIT] WordPress init hook fired - handler is loaded
2025-09-22 16:11:58 [Membership-Reg] [BOOT] Membership handler file loaded
2025-09-22 16:11:58 [Membership-Reg] [INIT] WordPress init hook fired - handler is loaded
2025-09-22 16:11:59 [Membership-Reg] [BOOT] Membership handler file loaded
2025-09-22 16:11:59 [Membership-Reg] [INIT] WordPress init hook fired - handler is loaded
2025-09-22 16:12:19 [Membership-Reg] [BOOT] Membership handler file loaded
2025-09-22 16:12:19 [Membership-Reg] [BOOT] Membership handler file loaded
2025-09-22 16:12:19 [Membership-Reg] [INIT] WordPress init hook fired - handler is loaded
2025-09-22 16:12:19 [Membership-Reg] [INIT] WordPress init hook fired - handler is loaded
2025-09-22 16:12:21 [Membership-Reg] [BOOT] Membership handler file loaded
2025-09-22 16:12:21 [Membership-Reg] [BOOT] Membership handler file loaded
2025-09-22 16:12:21 [Membership-Reg] [INIT] WordPress init hook fired - handler is loaded
2025-09-22 16:12:21 [Membership-Reg] [INIT] WordPress init hook fired - handler is loaded
2025-09-22 16:12:21 [Membership-Reg] [BOOT] Membership handler file loaded
2025-09-22 16:12:21 [Membership-Reg] [BOOT] Membership handler file loaded
2025-09-22 16:12:21 [Membership-Reg] [INIT] WordPress init hook fired - handler is loaded
2025-09-22 16:12:21 [Membership-Reg] [INIT] WordPress init hook fired - handler is loaded
2025-09-22 16:12:22 [Membership-Reg] [BOOT] Membership handler file loaded
2025-09-22 16:12:22 [Membership-Reg] [BOOT] Membership handler file loaded
2025-09-22 16:12:22 [Membership-Reg] [INIT] WordPress init hook fired - handler is loaded
2025-09-22 16:12:22 [Membership-Reg] [INIT] WordPress init hook fired - handler is loaded
2025-09-22 16:12:59 [Membership-Reg] [BOOT] Membership handler file loaded
2025-09-22 16:12:59 [Membership-Reg] [INIT] WordPress init hook fired - handler is loaded
2025-09-22 16:13:00 [Membership-Reg] [BOOT] Membership handler file loaded
2025-09-22 16:13:00 [Membership-Reg] [INIT] WordPress init hook fired - handler is loaded
2025-09-22 16:13:59 [Membership-Reg] [BOOT] Membership handler file loaded
2025-09-22 16:14:00 [Membership-Reg] [INIT] WordPress init hook fired - handler is loaded
2025-09-22 16:14:01 [Membership-Reg] [BOOT] Membership handler file loaded
2025-09-22 16:14:02 [Membership-Reg] [INIT] WordPress init hook fired - handler is loaded
2025-09-22 16:14:15 [Membership-Reg] [BOOT] Membership handler file loaded
2025-09-22 16:14:15 [Membership-Reg] [INIT] WordPress init hook fired - handler is loaded
2025-09-22 16:14:16 [Membership-Reg] [BOOT] Membership handler file loaded
2025-09-22 16:14:17 [Membership-Reg] [INIT] WordPress init hook fired - handler is loaded
2025-09-22 16:14:17 [Membership-Reg] [BOOT] Membership handler file loaded
2025-09-22 16:14:17 [Membership-Reg] [INIT] WordPress init hook fired - handler is loaded
2025-09-22 16:14:26 [Membership-Reg] [BOOT] Membership handler file loaded
2025-09-22 16:14:26 [Membership-Reg] [INIT] WordPress init hook fired - handler is loaded
2025-09-22 16:14:27 [Membership-Reg] [BOOT] Membership handler file loaded
2025-09-22 16:14:28 [Membership-Reg] [INIT] WordPress init hook fired - handler is loaded
2025-09-22 16:15:28 [Membership-Reg] [BOOT] Membership handler file loaded
2025-09-22 16:15:28 [Membership-Reg] [INIT] WordPress init hook fired - handler is loaded
2025-09-22 16:15:29 [Membership-Reg] [BOOT] Membership handler file loaded
2025-09-22 16:15:30 [Membership-Reg] [INIT] WordPress init hook fired - handler is loaded
2025-09-22 16:17:00 [Membership-Reg] [BOOT] Membership handler file loaded
2025-09-22 16:17:01 [Membership-Reg] [INIT] WordPress init hook fired - handler is loaded
2025-09-22 16:17:03 [Membership-Reg] [BOOT] Membership handler file loaded
2025-09-22 16:17:04 [Membership-Reg] [INIT] WordPress init hook fired - handler is loaded
2025-09-22 16:19:25 [Membership-Reg] [BOOT] Membership handler file loaded
2025-09-22 16:19:25 [Membership-Reg] [INIT] WordPress init hook fired - handler is loaded
2025-09-22 16:19:26 [Membership-Reg] [BOOT] Membership handler file loaded
2025-09-22 16:19:27 [Membership-Reg] [INIT] WordPress init hook fired - handler is loaded
2025-09-22 16:19:29 [Membership-Reg] [BOOT] Membership handler file loaded
2025-09-22 16:19:29 [Membership-Reg] [INIT] WordPress init hook fired - handler is loaded
2025-09-22 16:19:32 [Membership-Reg] [BOOT] Membership handler file loaded
2025-09-22 16:19:32 [Membership-Reg] [INIT] WordPress init hook fired - handler is loaded
2025-09-22 16:19:34 [Membership-Reg] [BOOT] Membership handler file loaded
2025-09-22 16:19:35 [Membership-Reg] [INIT] WordPress init hook fired - handler is loaded
2025-09-22 16:19:37 [Membership-Reg] [BOOT] Membership handler file loaded
2025-09-22 16:19:37 [Membership-Reg] [BOOT] Membership handler file loaded
2025-09-22 16:19:37 [Membership-Reg] [INIT] WordPress init hook fired - handler is loaded
2025-09-22 16:19:37 [Membership-Reg] [INIT] WordPress init hook fired - handler is loaded
2025-09-22 16:19:42 [Membership-Reg] [BOOT] Membership handler file loaded
2025-09-22 16:19:42 [Membership-Reg] [BOOT] Membership handler file loaded
2025-09-22 16:19:42 [Membership-Reg] [INIT] WordPress init hook fired - handler is loaded
2025-09-22 16:19:42 [Membership-Reg] [INIT] WordPress init hook fired - handler is loaded
2025-09-22 16:19:42 [Membership-Reg] [BOOT] Membership handler file loaded
2025-09-22 16:19:42 [Membership-Reg] [BOOT] Membership handler file loaded
2025-09-22 16:19:43 [Membership-Reg] [INIT] WordPress init hook fired - handler is loaded
2025-09-22 16:19:43 [Membership-Reg] [INIT] WordPress init hook fired - handler is loaded
2025-09-22 16:20:13 [Membership-Reg] [BOOT] Membership handler file loaded
2025-09-22 16:20:14 [Membership-Reg] [INIT] WordPress init hook fired - handler is loaded
2025-09-22 16:20:14 [Membership-Reg] [BOOT] Membership handler file loaded
2025-09-22 16:20:14 [Membership-Reg] [BOOT] Membership handler file loaded
2025-09-22 16:20:15 [Membership-Reg] [INIT] WordPress init hook fired - handler is loaded
2025-09-22 16:20:15 [Membership-Reg] [INIT] WordPress init hook fired - handler is loaded
2025-09-22 16:24:25 [Membership-Reg] [BOOT] Membership handler file loaded
2025-09-22 16:24:27 [Membership-Reg] [BOOT] Membership handler file loaded
2025-09-22 16:24:27 [Membership-Reg] [INIT] WordPress init hook fired - handler is loaded
2025-09-22 16:24:28 [Membership-Reg] [INIT] WordPress init hook fired - handler is loaded
2025-09-22 16:24:28 [Membership-Reg] [HOOK] Submit data filter called - basic test
2025-09-22 16:24:28 [Membership-Reg] [HOOK] Submit data filter called with form ID: 31
2025-09-22 16:24:28 [Membership-Reg] [ENTRY] Not form 15, skipping (form ID: 31)
2025-09-22 16:24:30 [Membership-Reg] [BOOT] Membership handler file loaded
2025-09-22 16:24:30 [Membership-Reg] [INIT] WordPress init hook fired - handler is loaded
2025-09-22 16:24:58 [Membership-Reg] [BOOT] Membership handler file loaded
2025-09-22 16:24:58 [Membership-Reg] [BOOT] Membership handler file loaded
2025-09-22 16:24:59 [Membership-Reg] [INIT] WordPress init hook fired - handler is loaded
2025-09-22 16:24:59 [Membership-Reg] [INIT] WordPress init hook fired - handler is loaded
2025-09-22 16:25:01 [Membership-Reg] [BOOT] Membership handler file loaded
2025-09-22 16:25:02 [Membership-Reg] [INIT] WordPress init hook fired - handler is loaded
2025-09-22 16:25:03 [Membership-Reg] [BOOT] Membership handler file loaded
2025-09-22 16:25:03 [Membership-Reg] [INIT] WordPress init hook fired - handler is loaded
2025-09-22 16:25:05 [Membership-Reg] [BOOT] Membership handler file loaded
2025-09-22 16:25:05 [Membership-Reg] [INIT] WordPress init hook fired - handler is loaded
2025-09-22 16:25:05 [Membership-Reg] [HOOK] Submit data filter called - basic test
2025-09-22 16:25:05 [Membership-Reg] [HOOK] Submit data filter called with form ID: 31
2025-09-22 16:25:05 [Membership-Reg] [ENTRY] Not form 15, skipping (form ID: 31)
2025-09-22 16:32:01 [Membership-Reg] [BOOT] Membership handler file loaded
2025-09-22 16:32:01 [Membership-Reg] [BOOT] Membership handler file loaded
2025-09-22 16:32:02 [Membership-Reg] [INIT] WordPress init hook fired - handler is loaded
2025-09-22 16:32:02 [Membership-Reg] [INIT] WordPress init hook fired - handler is loaded
2025-09-22 16:32:05 [Membership-Reg] [BOOT] Membership handler file loaded
2025-09-22 16:32:06 [Membership-Reg] [INIT] WordPress init hook fired - handler is loaded
2025-09-22 16:32:07 [Membership-Reg] [BOOT] Membership handler file loaded
2025-09-22 16:32:08 [Membership-Reg] [INIT] WordPress init hook fired - handler is loaded
2025-09-22 16:32:08 [Membership-Reg] [BOOT] Membership handler file loaded
2025-09-22 16:32:08 [Membership-Reg] [INIT] WordPress init hook fired - handler is loaded
2025-09-22 16:32:14 [Membership-Reg] [BOOT] Membership handler file loaded
2025-09-22 16:32:14 [Membership-Reg] [INIT] WordPress init hook fired - handler is loaded
2025-09-22 16:32:15 [Membership-Reg] [HOOK] Submit data filter called - basic test
2025-09-22 16:32:15 [Membership-Reg] [HOOK] Submit data filter called with form ID: 31
2025-09-22 16:32:15 [Membership-Reg] [ENTRY] Not form 15, skipping (form ID: 31)
2025-09-22 16:32:19 [Membership-Reg] [BOOT] Membership handler file loaded
2025-09-22 16:32:20 [Membership-Reg] [INIT] WordPress init hook fired - handler is loaded
2025-09-22 16:32:21 [Membership-Reg] [BOOT] Membership handler file loaded
2025-09-22 16:32:21 [Membership-Reg] [INIT] WordPress init hook fired - handler is loaded
2025-09-22 16:32:22 [Membership-Reg] [BOOT] Membership handler file loaded
2025-09-22 16:32:22 [Membership-Reg] [INIT] WordPress init hook fired - handler is loaded
2025-09-22 16:32:22 [Membership-Reg] [BOOT] Membership handler file loaded
2025-09-22 16:32:22 [Membership-Reg] [INIT] WordPress init hook fired - handler is loaded
2025-09-22 16:32:23 [Membership-Reg] [BOOT] Membership handler file loaded
2025-09-22 16:32:23 [Membership-Reg] [INIT] WordPress init hook fired - handler is loaded
2025-09-22 16:32:23 [Membership-Reg] [BOOT] Membership handler file loaded
2025-09-22 16:32:23 [Membership-Reg] [INIT] WordPress init hook fired - handler is loaded
2025-09-22 16:33:31 [Membership-Reg] [BOOT] Membership handler file loaded
2025-09-22 16:33:31 [Membership-Reg] [BOOT] Membership handler file loaded
2025-09-22 16:33:32 [Membership-Reg] [INIT] WordPress init hook fired - handler is loaded
2025-09-22 16:33:32 [Membership-Reg] [INIT] WordPress init hook fired - handler is loaded
2025-09-22 16:33:34 [Membership-Reg] [BOOT] Membership handler file loaded
2025-09-22 16:33:34 [Membership-Reg] [INIT] WordPress init hook fired - handler is loaded
2025-09-22 16:33:35 [Membership-Reg] [BOOT] Membership handler file loaded
2025-09-22 16:33:35 [Membership-Reg] [INIT] WordPress init hook fired - handler is loaded
2025-09-22 16:33:35 [Membership-Reg] [BOOT] Membership handler file loaded
2025-09-22 16:33:36 [Membership-Reg] [INIT] WordPress init hook fired - handler is loaded
2025-09-22 16:33:39 [Membership-Reg] [BOOT] Membership handler file loaded
2025-09-22 16:33:39 [Membership-Reg] [INIT] WordPress init hook fired - handler is loaded
2025-09-22 16:33:39 [Membership-Reg] [BOOT] Membership handler file loaded
2025-09-22 16:33:40 [Membership-Reg] [INIT] WordPress init hook fired - handler is loaded
2025-09-22 16:33:40 [Membership-Reg] [BOOT] Membership handler file loaded
2025-09-22 16:33:40 [Membership-Reg] [INIT] WordPress init hook fired - handler is loaded
2025-09-22 16:35:09 [Membership-Reg] [BOOT] Membership handler file loaded
2025-09-22 16:35:11 [Membership-Reg] [INIT] WordPress init hook fired - handler is loaded
2025-09-22 16:35:13 [Membership-Reg] [BOOT] Membership handler file loaded
2025-09-22 16:35:13 [Membership-Reg] [BOOT] Membership handler file loaded
2025-09-22 16:35:14 [Membership-Reg] [INIT] WordPress init hook fired - handler is loaded
2025-09-22 16:35:14 [Membership-Reg] [INIT] WordPress init hook fired - handler is loaded
2025-09-22 16:35:16 [Membership-Reg] [BOOT] Membership handler file loaded
2025-09-22 16:35:17 [Membership-Reg] [INIT] WordPress init hook fired - handler is loaded
2025-09-22 16:35:18 [Membership-Reg] [BOOT] Membership handler file loaded
2025-09-22 16:35:19 [Membership-Reg] [BOOT] Membership handler file loaded
2025-09-22 16:35:19 [Membership-Reg] [INIT] WordPress init hook fired - handler is loaded
2025-09-22 16:35:19 [Membership-Reg] [INIT] WordPress init hook fired - handler is loaded
2025-09-22 16:35:20 [Membership-Reg] [BOOT] Membership handler file loaded
2025-09-22 16:35:20 [Membership-Reg] [BOOT] Membership handler file loaded
2025-09-22 16:35:21 [Membership-Reg] [INIT] WordPress init hook fired - handler is loaded
2025-09-22 16:35:21 [Membership-Reg] [INIT] WordPress init hook fired - handler is loaded
2025-09-22 16:35:21 [Membership-Reg] [BOOT] Membership handler file loaded
2025-09-22 16:35:21 [Membership-Reg] [BOOT] Membership handler file loaded
2025-09-22 16:35:22 [Membership-Reg] [INIT] WordPress init hook fired - handler is loaded
2025-09-22 16:35:22 [Membership-Reg] [INIT] WordPress init hook fired - handler is loaded
2025-09-22 16:35:22 [Membership-Reg] [BOOT] Membership handler file loaded
2025-09-22 16:35:22 [Membership-Reg] [BOOT] Membership handler file loaded
2025-09-22 16:35:22 [Membership-Reg] [INIT] WordPress init hook fired - handler is loaded
2025-09-22 16:35:22 [Membership-Reg] [INIT] WordPress init hook fired - handler is loaded
2025-09-22 16:35:23 [Membership-Reg] [BOOT] Membership handler file loaded
2025-09-22 16:35:23 [Membership-Reg] [INIT] WordPress init hook fired - handler is loaded
2025-09-22 16:35:26 [Membership-Reg] [BOOT] Membership handler file loaded
2025-09-22 16:35:27 [Membership-Reg] [INIT] WordPress init hook fired - handler is loaded
2025-09-22 16:35:36 [Membership-Reg] [BOOT] Membership handler file loaded
2025-09-22 16:35:37 [Membership-Reg] [INIT] WordPress init hook fired - handler is loaded
2025-09-22 16:35:46 [Membership-Reg] [BOOT] Membership handler file loaded
2025-09-22 16:35:46 [Membership-Reg] [BOOT] Membership handler file loaded
2025-09-22 16:35:47 [Membership-Reg] [INIT] WordPress init hook fired - handler is loaded
2025-09-22 16:35:47 [Membership-Reg] [INIT] WordPress init hook fired - handler is loaded
2025-09-22 16:35:49 [Membership-Reg] [BOOT] Membership handler file loaded
2025-09-22 16:35:49 [Membership-Reg] [BOOT] Membership handler file loaded
2025-09-22 16:35:49 [Membership-Reg] [INIT] WordPress init hook fired - handler is loaded
2025-09-22 16:35:49 [Membership-Reg] [INIT] WordPress init hook fired - handler is loaded
2025-09-22 16:35:51 [Membership-Reg] [BOOT] Membership handler file loaded
2025-09-22 16:35:51 [Membership-Reg] [INIT] WordPress init hook fired - handler is loaded
2025-09-22 16:35:57 [Membership-Reg] [BOOT] Membership handler file loaded
2025-09-22 16:35:57 [Membership-Reg] [BOOT] Membership handler file loaded
2025-09-22 16:35:58 [Membership-Reg] [INIT] WordPress init hook fired - handler is loaded
2025-09-22 16:35:58 [Membership-Reg] [INIT] WordPress init hook fired - handler is loaded
2025-09-22 16:35:59 [Membership-Reg] [BOOT] Membership handler file loaded
2025-09-22 16:35:59 [Membership-Reg] [BOOT] Membership handler file loaded
2025-09-22 16:36:00 [Membership-Reg] [INIT] WordPress init hook fired - handler is loaded
2025-09-22 16:36:00 [Membership-Reg] [INIT] WordPress init hook fired - handler is loaded
2025-09-22 16:36:10 [Membership-Reg] [BOOT] Membership handler file loaded
2025-09-22 16:36:11 [Membership-Reg] [INIT] WordPress init hook fired - handler is loaded
2025-09-22 16:36:12 [Membership-Reg] [BOOT] Membership handler file loaded
2025-09-22 16:36:13 [Membership-Reg] [INIT] WordPress init hook fired - handler is loaded
2025-09-22 16:36:17 [Membership-Reg] [BOOT] Membership handler file loaded
2025-09-22 16:36:18 [Membership-Reg] [INIT] WordPress init hook fired - handler is loaded
2025-09-22 16:36:27 [Membership-Reg] [BOOT] Membership handler file loaded
2025-09-22 16:36:28 [Membership-Reg] [INIT] WordPress init hook fired - handler is loaded
2025-09-22 16:38:28 [Membership-Reg] [BOOT] Membership handler file loaded
2025-09-22 16:38:29 [Membership-Reg] [INIT] WordPress init hook fired - handler is loaded
2025-09-22 16:38:30 [Membership-Reg] [BOOT] Membership handler file loaded
2025-09-22 16:38:31 [Membership-Reg] [INIT] WordPress init hook fired - handler is loaded
2025-09-22 16:40:27 [Membership-Reg] [BOOT] Membership handler file loaded
2025-09-22 16:40:28 [Membership-Reg] [INIT] WordPress init hook fired - handler is loaded
2025-09-22 16:40:30 [Membership-Reg] [BOOT] Membership handler file loaded
2025-09-22 16:40:30 [Membership-Reg] [INIT] WordPress init hook fired - handler is loaded
2025-09-22 16:40:53 [Membership-Reg] [BOOT] Membership handler file loaded
2025-09-22 16:40:54 [Membership-Reg] [INIT] WordPress init hook fired - handler is loaded
2025-09-22 16:41:02 [Membership-Reg] [BOOT] Membership handler file loaded
2025-09-22 16:41:03 [Membership-Reg] [INIT] WordPress init hook fired - handler is loaded
2025-09-22 16:41:39 [Membership-Reg] [BOOT] Membership handler file loaded
2025-09-22 16:41:40 [Membership-Reg] [INIT] WordPress init hook fired - handler is loaded
2025-09-22 16:41:41 [Membership-Reg] [BOOT] Membership handler file loaded
2025-09-22 16:41:41 [Membership-Reg] [INIT] WordPress init hook fired - handler is loaded
2025-09-22 16:41:48 [Membership-Reg] [BOOT] Membership handler file loaded
2025-09-22 16:41:48 [Membership-Reg] [INIT] WordPress init hook fired - handler is loaded
2025-09-22 16:43:00 [Membership-Reg] [BOOT] Membership handler file loaded
2025-09-22 16:43:01 [Membership-Reg] [INIT] WordPress init hook fired - handler is loaded
2025-09-22 16:43:02 [Membership-Reg] [BOOT] Membership handler file loaded
2025-09-22 16:43:03 [Membership-Reg] [INIT] WordPress init hook fired - handler is loaded
2025-09-22 16:43:09 [Membership-Reg] [BOOT] Membership handler file loaded
2025-09-22 16:43:10 [Membership-Reg] [INIT] WordPress init hook fired - handler is loaded
2025-09-22 16:43:10 [Membership-Reg] [BOOT] Membership handler file loaded
2025-09-22 16:43:11 [Membership-Reg] [INIT] WordPress init hook fired - handler is loaded
2025-09-22 16:44:26 [Membership-Reg] [BOOT] Membership handler file loaded
2025-09-22 16:44:28 [Membership-Reg] [INIT] WordPress init hook fired - handler is loaded
2025-09-22 16:44:30 [Membership-Reg] [BOOT] Membership handler file loaded
2025-09-22 16:44:31 [Membership-Reg] [INIT] WordPress init hook fired - handler is loaded
2025-09-22 16:44:36 [Membership-Reg] [BOOT] Membership handler file loaded
2025-09-22 16:44:36 [Membership-Reg] [INIT] WordPress init hook fired - handler is loaded
2025-09-22 16:44:37 [Membership-Reg] [BOOT] Membership handler file loaded
2025-09-22 16:44:38 [Membership-Reg] [INIT] WordPress init hook fired - handler is loaded
2025-09-22 16:44:40 [Membership-Reg] [BOOT] Membership handler file loaded
2025-09-22 16:44:41 [Membership-Reg] [INIT] WordPress init hook fired - handler is loaded
2025-09-22 16:45:11 [Membership-Reg] [BOOT] Membership handler file loaded
2025-09-22 16:45:12 [Membership-Reg] [INIT] WordPress init hook fired - handler is loaded
2025-09-22 16:45:18 [Membership-Reg] [BOOT] Membership handler file loaded
2025-09-22 16:45:19 [Membership-Reg] [INIT] WordPress init hook fired - handler is loaded
2025-09-22 16:45:21 [Membership-Reg] [BOOT] Membership handler file loaded
2025-09-22 16:45:22 [Membership-Reg] [INIT] WordPress init hook fired - handler is loaded
2025-09-22 16:45:23 [Membership-Reg] [BOOT] Membership handler file loaded
2025-09-22 16:45:23 [Membership-Reg] [INIT] WordPress init hook fired - handler is loaded
2025-09-22 16:45:27 [Membership-Reg] [BOOT] Membership handler file loaded
2025-09-22 16:45:27 [Membership-Reg] [BOOT] Membership handler file loaded
2025-09-22 16:45:27 [Membership-Reg] [INIT] WordPress init hook fired - handler is loaded
2025-09-22 16:45:27 [Membership-Reg] [INIT] WordPress init hook fired - handler is loaded
2025-09-22 16:45:28 [Membership-Reg] [BOOT] Membership handler file loaded
2025-09-22 16:45:28 [Membership-Reg] [BOOT] Membership handler file loaded
2025-09-22 16:45:28 [Membership-Reg] [INIT] WordPress init hook fired - handler is loaded
2025-09-22 16:45:28 [Membership-Reg] [INIT] WordPress init hook fired - handler is loaded
2025-09-22 16:45:33 [Membership-Reg] [BOOT] Membership handler file loaded
2025-09-22 16:45:33 [Membership-Reg] [BOOT] Membership handler file loaded
2025-09-22 16:45:34 [Membership-Reg] [INIT] WordPress init hook fired - handler is loaded
2025-09-22 16:45:34 [Membership-Reg] [INIT] WordPress init hook fired - handler is loaded
2025-09-22 16:46:23 [Membership-Reg] [BOOT] Membership handler file loaded
2025-09-22 16:46:24 [Membership-Reg] [INIT] WordPress init hook fired - handler is loaded
2025-09-22 16:46:27 [Membership-Reg] [BOOT] Membership handler file loaded
2025-09-22 16:46:28 [Membership-Reg] [INIT] WordPress init hook fired - handler is loaded
2025-09-22 16:48:36 [Membership-Reg] [BOOT] Membership handler file loaded
2025-09-22 16:48:36 [Membership-Reg] [INIT] WordPress init hook fired - handler is loaded
2025-09-22 16:48:38 [Membership-Reg] [BOOT] Membership handler file loaded
2025-09-22 16:48:38 [Membership-Reg] [INIT] WordPress init hook fired - handler is loaded
2025-09-22 16:48:58 [Membership-Reg] [BOOT] Membership handler file loaded
2025-09-22 16:48:59 [Membership-Reg] [INIT] WordPress init hook fired - handler is loaded
2025-09-22 16:51:28 [Membership-Reg] [BOOT] Membership handler file loaded
2025-09-22 16:51:29 [Membership-Reg] [INIT] WordPress init hook fired - handler is loaded
2025-09-22 16:51:32 [Membership-Reg] [BOOT] Membership handler file loaded
2025-09-22 16:51:33 [Membership-Reg] [INIT] WordPress init hook fired - handler is loaded
2025-09-22 16:52:02 [Membership-Reg] [BOOT] Membership handler file loaded
2025-09-22 16:52:03 [Membership-Reg] [INIT] WordPress init hook fired - handler is loaded
2025-09-22 16:52:04 [Membership-Reg] [BOOT] Membership handler file loaded
2025-09-22 16:52:05 [Membership-Reg] [INIT] WordPress init hook fired - handler is loaded
2025-09-22 16:53:15 [Membership-Reg] [BOOT] Membership handler file loaded
2025-09-22 16:53:17 [Membership-Reg] [INIT] WordPress init hook fired - handler is loaded
2025-09-22 16:53:20 [Membership-Reg] [BOOT] Membership handler file loaded
2025-09-22 16:53:21 [Membership-Reg] [INIT] WordPress init hook fired - handler is loaded
2025-09-22 16:53:32 [Membership-Reg] [BOOT] Membership handler file loaded
2025-09-22 16:53:32 [Membership-Reg] [INIT] WordPress init hook fired - handler is loaded
2025-09-22 16:53:33 [Membership-Reg] [BOOT] Membership handler file loaded
2025-09-22 16:53:34 [Membership-Reg] [INIT] WordPress init hook fired - handler is loaded
2025-09-22 16:53:39 [Membership-Reg] [BOOT] Membership handler file loaded
2025-09-22 16:53:40 [Membership-Reg] [INIT] WordPress init hook fired - handler is loaded
2025-09-22 16:53:58 [Membership-Reg] [BOOT] Membership handler file loaded
2025-09-22 16:53:58 [Membership-Reg] [INIT] WordPress init hook fired - handler is loaded
2025-09-22 16:55:28 [Membership-Reg] [BOOT] Membership handler file loaded
2025-09-22 16:55:29 [Membership-Reg] [INIT] WordPress init hook fired - handler is loaded
2025-09-22 16:55:40 [Membership-Reg] [BOOT] Membership handler file loaded
2025-09-22 16:55:41 [Membership-Reg] [INIT] WordPress init hook fired - handler is loaded
2025-09-22 16:56:14 [Membership-Reg] [BOOT] Membership handler file loaded
2025-09-22 16:56:14 [Membership-Reg] [INIT] WordPress init hook fired - handler is loaded
2025-09-22 16:56:18 [Membership-Reg] [BOOT] Membership handler file loaded
2025-09-22 16:56:19 [Membership-Reg] [INIT] WordPress init hook fired - handler is loaded
2025-09-22 16:57:07 [Membership-Reg] [BOOT] Membership handler file loaded
2025-09-22 16:57:08 [Membership-Reg] [INIT] WordPress init hook fired - handler is loaded
2025-09-22 16:57:09 [Membership-Reg] [BOOT] Membership handler file loaded
2025-09-22 16:57:10 [Membership-Reg] [INIT] WordPress init hook fired - handler is loaded
2025-09-22 16:57:25 [Membership-Reg] [BOOT] Membership handler file loaded
2025-09-22 16:57:26 [Membership-Reg] [INIT] WordPress init hook fired - handler is loaded
2025-09-22 16:57:26 [Membership-Reg] [BOOT] Membership handler file loaded
2025-09-22 16:57:27 [Membership-Reg] [INIT] WordPress init hook fired - handler is loaded
2025-09-22 17:01:52 [Membership-Reg] [BOOT] Membership handler file loaded
2025-09-22 17:01:53 [Membership-Reg] [INIT] WordPress init hook fired - handler is loaded
2025-09-22 17:01:55 [Membership-Reg] [BOOT] Membership handler file loaded
2025-09-22 17:01:56 [Membership-Reg] [INIT] WordPress init hook fired - handler is loaded
2025-09-22 17:02:55 [Membership-Reg] [BOOT] Membership handler file loaded
2025-09-22 17:02:56 [Membership-Reg] [INIT] WordPress init hook fired - handler is loaded
2025-09-22 17:02:59 [Membership-Reg] [BOOT] Membership handler file loaded
2025-09-22 17:03:00 [Membership-Reg] [INIT] WordPress init hook fired - handler is loaded
2025-09-22 17:03:03 [Membership-Reg] [BOOT] Membership handler file loaded
2025-09-22 17:03:03 [Membership-Reg] [INIT] WordPress init hook fired - handler is loaded
2025-09-22 17:03:15 [Membership-Reg] [BOOT] Membership handler file loaded
2025-09-22 17:03:17 [Membership-Reg] [INIT] WordPress init hook fired - handler is loaded
2025-09-22 17:03:18 [Membership-Reg] [BOOT] Membership handler file loaded
2025-09-22 17:03:18 [Membership-Reg] [BOOT] Membership handler file loaded
2025-09-22 17:03:19 [Membership-Reg] [INIT] WordPress init hook fired - handler is loaded
2025-09-22 17:03:19 [Membership-Reg] [INIT] WordPress init hook fired - handler is loaded
2025-09-22 17:09:48 [Membership-Reg] [BOOT] Membership handler file loaded
2025-09-22 17:09:49 [Membership-Reg] [INIT] WordPress init hook fired - handler is loaded
2025-09-22 17:09:53 [Membership-Reg] [BOOT] Membership handler file loaded
2025-09-22 17:09:54 [Membership-Reg] [INIT] WordPress init hook fired - handler is loaded
2025-09-22 17:09:58 [Membership-Reg] [BOOT] Membership handler file loaded
2025-09-22 17:09:59 [Membership-Reg] [INIT] WordPress init hook fired - handler is loaded
2025-09-22 17:10:00 [Membership-Reg] [BOOT] Membership handler file loaded
2025-09-22 17:10:01 [Membership-Reg] [INIT] WordPress init hook fired - handler is loaded
2025-09-22 17:12:40 [Membership-Reg] [BOOT] Membership handler file loaded
2025-09-22 17:12:41 [Membership-Reg] [INIT] WordPress init hook fired - handler is loaded
2025-09-22 17:12:44 [Membership-Reg] [BOOT] Membership handler file loaded
2025-09-22 17:12:45 [Membership-Reg] [INIT] WordPress init hook fired - handler is loaded
2025-09-22 17:13:04 [Membership-Reg] [BOOT] Membership handler file loaded
2025-09-22 17:13:05 [Membership-Reg] [INIT] WordPress init hook fired - handler is loaded
2025-09-22 17:13:09 [Membership-Reg] [BOOT] Membership handler file loaded
2025-09-22 17:13:09 [Membership-Reg] [INIT] WordPress init hook fired - handler is loaded
