[2025-07-25 12:53:43] Found existing person in Workbooks: 4208693
[2025-07-25 12:53:44] Webinar Registration Exception: Non-OK response (404)
[2025-07-25 12:59:40] Found existing person in Workbooks: 4208693
[2025-07-25 12:59:40] Webinar Registration Exception: Non-OK response (404)
[2025-07-25 14:51:39] Found existing person in Workbooks: 4208693
[2025-07-25 14:51:39] Webinar Registration Exception: Non-OK response (404)
[2025-07-25 14:53:43] Found existing person in Workbooks: 4208693
[2025-07-25 14:53:43] Webinar Registration Exception: Non-OK response (404)
[2025-07-25 14:55:00] Found existing person in Workbooks: 4208693
[2025-07-25 14:55:00] Updating existing ticket: 801804
[2025-07-25 14:55:01] Webinar Registration Ticket Payload: Array
(
    [0] => Array
        (
            [event_id] => 5473
            [person_id] => 4208693
            [name] => Levon Gravett
            [status] => Registered
            [cf_event_ticket_speaker_questions] => Testing another question
            [cf_event_ticket_sponsor_optin] => 1
            [id] => 801804
            [lock_version] => 5
            [__method] => PUT
        )

)

[2025-07-25 14:55:01] Workbooks API Response: Array
(
    [success] => 1
    [affected_objects] => Array
        (
            [0] => Array
                (
                    [id] => 801804
                    [cf_event_ticket_speaker_questions] => Testing another question
                    [updated_at] => Fri Jul 25 14:55:01 UTC 2025
                    [lock_version] => 6
                )

        )

    [updates] => Array
        (
            [data] => Array
                (
                    [immediate] => Array
                        (
                            [0] => private_event_ticket
                        )

                )

        )

    [flash] => saved successfully
    [affected_object_information] => Array
        (
            [0] => Array
                (
                    [success] => 1
                    [errors] => Array
                        (
                        )

                    [warnings] => Array
                        (
                        )

                )

        )

)

[2025-07-28 07:50:26] Found existing person in Workbooks: 4208693
[2025-07-28 07:50:26] Updating existing ticket: 801804
[2025-07-28 07:50:27] Webinar Registration Ticket Payload: Array
(
    [0] => Array
        (
            [event_id] => 5473
            [person_id] => 4208693
            [name] => Levon Gravett
            [status] => Registered
            [cf_event_ticket_speaker_questions] => Test again
            [cf_event_ticket_sponsor_optin] => 1
            [id] => 801804
            [lock_version] => 6
            [__method] => PUT
        )

)

[2025-07-28 07:50:27] Workbooks API Response: Array
(
    [success] => 1
    [affected_objects] => Array
        (
            [0] => Array
                (
                    [lock_version] => 7
                    [id] => 801804
                    [cf_event_ticket_speaker_questions] => Test again
                    [updated_at] => Mon Jul 28 07:50:27 UTC 2025
                )

        )

    [updates] => Array
        (
            [data] => Array
                (
                    [immediate] => Array
                        (
                            [0] => private_event_ticket
                        )

                )

        )

    [flash] => saved successfully
    [affected_object_information] => Array
        (
            [0] => Array
                (
                    [success] => 1
                    [errors] => Array
                        (
                        )

                    [warnings] => Array
                        (
                        )

                )

        )

)

