[webinar_title] => 
[post_id] => 161189
[email_address] => levon.gravett@supersonicplayground.com
[question_for_speaker] => Hello
[add_questions] => 
[cf_mailing_list_member_sponsor_1_optin] => 1
[ticket_id] => 
[person_id] => 
[event_id] => 5832
[success] => 

[2025-09-08 21:10:36] âœ… STEP 1: Processing Webinar Form (ID 161189)

[webinar_title] => 
[post_id] => 161189
[email_address] => levon.gravett@supersonicplayground.com
[question_for_speaker] => Test
[add_questions] => 
[cf_mailing_list_member_sponsor_1_optin] => 1
[ticket_id] => 816614
[person_id] => 4318866
[event_id] => 5832
[success] => 1
[2025-09-02 10:40:47] âœ… STEP 1: Processing Webinar Form (ID 161189)
[2025-09-02 10:40:47] âœ… STEP 3: Person created/updated
[2025-09-02 10:40:48] âœ… STEP 4: Ticket Created/Updated
[2025-09-02 10:40:48] â„¹ï¸ Updating Mailing List Entry for event_id=5832, person_id=4324180
[2025-09-02 10:40:49] â„¹ï¸ Mailing List Entry updated for jtest@sspgtest.com
[2025-09-02 10:40:49] âœ… STEP 5: Added to Mailing List
[2025-09-02 10:40:49] âœ… STEP 6: Speaker Question = Test Question
[2025-09-02 10:40:49] âœ… STEP 7: Sponsor Optin = Yes
[2025-09-02 10:40:49] ðŸŽ‰ FINAL RESULT: WEBINAR REGISTRATION SUCCESS!


Yay---- found my old fields and values - Please update both the form and handler and debug[post_id] => 161189
[email] => levon.gravett@supersonicplayground.com
[first_name] => Levon
[last_name] => Gravett
[person_id] => 684710
[event_id] => 5832
[speaker_question] => fadfdff
[cf_mailing_list_member_sponsor_1_optin] => 1
[post_id] => 161189
[email] => levon.gravett@supersonicplayground.com
[first_name] => Levon
[last_name] => Gravett
[person_id] => 684710
[event_id] => 5832
[speaker_question] => dfdfdafafd
[cf_mailing_list_member_sponsor_1_optin] => 1
=== DIRECT TEST START ===
Array
(
    [post_id] => 161189
    [email] => levon.gravett@supersonicplayground.com
    [first_name] => Levon
    [last_name] => Gravett
    [person_id] => 684710
    [event_id] => 5832
    [speaker_question] => Another Direct Test
    [cf_mailing_list_member_sponsor_1_optin] => 1
)
=== CALLING HANDLER ===
=== HANDLER RESULT ===
=== DIRECT TEST END ===
=== DIRECT TEST START ===
Array
(
    [post_id] => 161189
    [email] => levon.gravett@supersonicplayground.com
    [first_name] => Levon
    [last_name] => Gravett
    [person_id] => 684710
    [event_id] => 5832
    [speaker_question] => Testing again
    [cf_mailing_list_member_sponsor_1_optin] => 1
)
=== CALLING HANDLER ===
=== HANDLER RESULT ===
=== DIRECT TEST END ===
=== DIRECT TEST START ===
Array
(
    [post_id] => 161189
    [email] => levon.gravett@supersonicplayground.com
    [first_name] => Levon
    [last_name] => Gravett
    [person_id] => 684710
    [event_id] => 5832
    [speaker_question] => dfdafdf
    [cf_mailing_list_member_sponsor_1_optin] => 1
)
=== CALLING HANDLER ===
=== HANDLER RESULT ===
=== DIRECT TEST END ===
=== DIRECT TEST START ===
Array
(
    [post_id] => 161189
    [email] => levon.gravett@supersonicplayground.com
    [first_name] => Levon
    [last_name] => Gravett
    [person_id] => 684710
    [event_id] => 5832
    [speaker_question] => Again
    [cf_mailing_list_member_sponsor_1_optin] => 1
)
=== CALLING HANDLER ===
=== HANDLER RESULT ===
=== DIRECT TEST END ===
[2025-09-13 09:55:58] TEST: Debug function is working
[2025-09-13 09:55:58] TEST: Debug function is working from direct test
=== DIRECT TEST START ===
Array
(
    [post_id] => 161189
    [email] => levon.gravett@supersonicplayground.com
    [first_name] => Levon
    [last_name] => Gravett
    [person_id] => 684710
    [event_id] => 5832
    [speaker_question] => Final Test
    [cf_mailing_list_member_sponsor_1_optin] => 1
)
=== CALLING HANDLER ===
[2025-09-13 09:55:58] === HANDLER START ===
Input data: Array
(
    [post_id] => 161189
    [email] => levon.gravett@supersonicplayground.com
    [first_name] => Levon
    [last_name] => Gravett
    [person_id] => 684710
    [event_id] => 5832
    [speaker_question] => Final Test
    [cf_mailing_list_member_sponsor_1_optin] => 1
)

[2025-09-13 09:55:58] User is logged in
[2025-09-13 09:55:58] About to call dtr_register_workbooks_webinar with:
[2025-09-13 09:55:58] - post_id: 161189
[2025-09-13 09:55:58] - email: levon.gravett@supersonicplayground.com
[2025-09-13 09:55:58] - first_name: Levon
[2025-09-13 09:55:58] - last_name: Gravett
dtr_register_workbooks_webinar returned: Array
(
    [success] => 1
    [ticket_id] => 819682
    [person_id] => 4318866
    [event_id] => 5832
    [debug_id] => 
)

[webinar_title] => 
[post_id] => 161189
[email_address] => levon.gravett@supersonicplayground.com
[question_for_speaker] => Final Test
[add_questions] => 
[cf_mailing_list_member_sponsor_1_optin] => 1
[ticket_id] => 819682
[person_id] => 4318866
[event_id] => 5832
[success] => 1
[2025-09-13 09:55:58] âœ… STEP 1: Processing Webinar Form (ID 161189)
[2025-09-13 09:55:58] â„¹ï¸ STEP 2: Using hardcoded event reference 5832 for test post 161189
[2025-09-13 09:55:58] âœ… STEP 3: Person created/updated
[2025-09-13 09:56:00] âœ… STEP 4: Ticket Created/Updated
[2025-09-13 09:56:00] â„¹ï¸ Updating Mailing List Entry for event_id=5832, person_id=4318866
[2025-09-13 09:56:03] â„¹ï¸ Mailing List Entry updated for levon.gravett@supersonicplayground.com
[2025-09-13 09:56:03] âœ… STEP 5: Added to Mailing List
[2025-09-13 09:56:03] âœ… STEP 6: Speaker Question = Final Test
[2025-09-13 09:56:03] âœ… STEP 7: Sponsor Optin = Yes
[2025-09-13 09:56:03] ðŸŽ‰ FINAL RESULT: WEBINAR REGISTRATION SUCCESS!

=== HANDLER RESULT ===
Array
(
    [success] => 1
    [ticket_id] => 819682
    [person_id] => 4318866
    [event_id] => 5832
    [debug_id] => 
)
=== DIRECT TEST END ===
